#! /usr/bin/vvp
:ivl_version "11.0 (stable)";
:ivl_delay_selection "TYPICAL";
:vpi_time_precision - 12;
:vpi_module "/usr/lib/x86_64-linux-gnu/ivl/system.vpi";
:vpi_module "/usr/lib/x86_64-linux-gnu/ivl/vhdl_sys.vpi";
:vpi_module "/usr/lib/x86_64-linux-gnu/ivl/vhdl_textio.vpi";
:vpi_module "/usr/lib/x86_64-linux-gnu/ivl/v2005_math.vpi";
:vpi_module "/usr/lib/x86_64-linux-gnu/ivl/va_math.vpi";
S_0x55bc6dff7280 .scope module, "cpu_tb" "cpu_tb" 2 10;
 .timescale -9 -12;
v0x55bc6e02a4f0_0 .net "ALUZero", 0 0, v0x55bc6e029160_0;  1 drivers
v0x55bc6e02a5e0_0 .var "ALUop", 3 0;
v0x55bc6e02a6b0_0 .var "clock", 0 0;
v0x55bc6e02a7b0_0 .var/i "i", 31 0;
v0x55bc6e02a850_0 .var "raA", 4 0;
v0x55bc6e02a8f0_0 .var "raB", 4 0;
v0x55bc6e02a9c0_0 .net "rdA", 31 0, v0x55bc6e029f60_0;  1 drivers
v0x55bc6e02aab0_0 .net "rdB", 31 0, v0x55bc6e02a020_0;  1 drivers
v0x55bc6e02abc0_0 .var "reset", 0 0;
v0x55bc6e02ac60_0 .var "wa", 4 0;
v0x55bc6e02ad00_0 .net "wd", 31 0, v0x55bc6e029080_0;  1 drivers
v0x55bc6e02ada0_0 .var "wen", 0 0;
S_0x55bc6e005680 .scope module, "alu" "ALU" 2 22, 3 10 0, S_0x55bc6dff7280;
 .timescale -9 -12;
    .port_info 0 /OUTPUT 32 "out";
    .port_info 1 /OUTPUT 1 "zero";
    .port_info 2 /INPUT 32 "inA";
    .port_info 3 /INPUT 32 "inB";
    .port_info 4 /INPUT 4 "op";
P_0x55bc6e005810 .param/l "N" 0 3 11, +C4<00000000000000000000000000100000>;
v0x55bc6e0058e0_0 .net "inA", 31 0, v0x55bc6e029f60_0;  alias, 1 drivers
v0x55bc6e028ee0_0 .net "inB", 31 0, v0x55bc6e02a020_0;  alias, 1 drivers
v0x55bc6e028fc0_0 .net "op", 3 0, v0x55bc6e02a5e0_0;  1 drivers
v0x55bc6e029080_0 .var "out", 31 0;
v0x55bc6e029160_0 .var "zero", 0 0;
E_0x55bc6e002bf0 .event edge, v0x55bc6e028fc0_0, v0x55bc6e0058e0_0, v0x55bc6e028ee0_0, v0x55bc6e029080_0;
S_0x55bc6e029310 .scope module, "regs" "RegFile" 2 21, 3 35 0, S_0x55bc6dff7280;
 .timescale -9 -12;
    .port_info 0 /INPUT 1 "clock";
    .port_info 1 /INPUT 1 "reset";
    .port_info 2 /INPUT 5 "raA";
    .port_info 3 /INPUT 5 "raB";
    .port_info 4 /INPUT 5 "wa";
    .port_info 5 /INPUT 1 "wen";
    .port_info 6 /INPUT 32 "wd";
    .port_info 7 /OUTPUT 32 "rdA";
    .port_info 8 /OUTPUT 32 "rdB";
v0x55bc6e029690_0 .net *"_ivl_11", 31 0, L_0x55bc6e02b0d0;  1 drivers
v0x55bc6e029790_0 .net *"_ivl_13", 6 0, L_0x55bc6e02b170;  1 drivers
L_0x7f462d3b7060 .functor BUFT 1, C4<00>, C4<0>, C4<0>, C4<0>;
v0x55bc6e029870_0 .net *"_ivl_16", 1 0, L_0x7f462d3b7060;  1 drivers
v0x55bc6e029930_0 .net *"_ivl_4", 31 0, L_0x55bc6e02ae40;  1 drivers
v0x55bc6e029a10_0 .net *"_ivl_6", 6 0, L_0x55bc6e02af40;  1 drivers
L_0x7f462d3b7018 .functor BUFT 1, C4<00>, C4<0>, C4<0>, C4<0>;
v0x55bc6e029b40_0 .net *"_ivl_9", 1 0, L_0x7f462d3b7018;  1 drivers
v0x55bc6e029c20_0 .net "clock", 0 0, v0x55bc6e02a6b0_0;  1 drivers
v0x55bc6e029ce0 .array "data", 0 31, 31 0;
v0x55bc6e029da0_0 .net "raA", 4 0, v0x55bc6e02a850_0;  1 drivers
v0x55bc6e029e80_0 .net "raB", 4 0, v0x55bc6e02a8f0_0;  1 drivers
v0x55bc6e029f60_0 .var "rdA", 31 0;
v0x55bc6e02a020_0 .var "rdB", 31 0;
v0x55bc6e02a0c0_0 .net "reset", 0 0, v0x55bc6e02abc0_0;  1 drivers
v0x55bc6e02a160_0 .net "wa", 4 0, v0x55bc6e02ac60_0;  1 drivers
v0x55bc6e02a240_0 .net "wd", 31 0, v0x55bc6e029080_0;  alias, 1 drivers
v0x55bc6e02a330_0 .net "wen", 0 0, v0x55bc6e02ada0_0;  1 drivers
E_0x55bc6e002de0 .event edge, v0x55bc6e029e80_0, v0x55bc6e029da0_0, L_0x55bc6e02b0d0, L_0x55bc6e02ae40;
E_0x55bc6dfed9f0/0 .event edge, v0x55bc6e02a0c0_0;
E_0x55bc6dfed9f0/1 .event negedge, v0x55bc6e029c20_0;
E_0x55bc6dfed9f0 .event/or E_0x55bc6dfed9f0/0, E_0x55bc6dfed9f0/1;
L_0x55bc6e02ae40 .array/port v0x55bc6e029ce0, L_0x55bc6e02af40;
L_0x55bc6e02af40 .concat [ 5 2 0 0], v0x55bc6e02a850_0, L_0x7f462d3b7018;
L_0x55bc6e02b0d0 .array/port v0x55bc6e029ce0, L_0x55bc6e02b170;
L_0x55bc6e02b170 .concat [ 5 2 0 0], v0x55bc6e02a8f0_0, L_0x7f462d3b7060;
    .scope S_0x55bc6e029310;
T_0 ;
    %wait E_0x55bc6dfed9f0;
    %load/vec4 v0x55bc6e02a0c0_0;
    %flag_set/vec4 8;
    %jmp/0xz  T_0.0, 8;
    %load/vec4 v0x55bc6e02a330_0;
    %flag_set/vec4 8;
    %jmp/0xz  T_0.2, 8;
    %load/vec4 v0x55bc6e02a240_0;
    %load/vec4 v0x55bc6e02a160_0;
    %pad/u 7;
    %ix/vec4 4;
    %store/vec4a v0x55bc6e029ce0, 4, 0;
T_0.2 ;
T_0.0 ;
    %jmp T_0;
    .thread T_0;
    .scope S_0x55bc6e029310;
T_1 ;
    %wait E_0x55bc6e002de0;
    %load/vec4 v0x55bc6e029da0_0;
    %pad/u 7;
    %ix/vec4 4;
    %load/vec4a v0x55bc6e029ce0, 4;
    %store/vec4 v0x55bc6e029f60_0, 0, 32;
    %load/vec4 v0x55bc6e029e80_0;
    %pad/u 7;
    %ix/vec4 4;
    %load/vec4a v0x55bc6e029ce0, 4;
    %store/vec4 v0x55bc6e02a020_0, 0, 32;
    %jmp T_1;
    .thread T_1, $push;
    .scope S_0x55bc6e029310;
T_2 ;
    %vpi_call 3 54 "$monitor", "0=%b\0121=%b\0122=%b\0123=%b\0124=%b\012time=%t\012", &A<v0x55bc6e029ce0, 0>, &A<v0x55bc6e029ce0, 1>, &A<v0x55bc6e029ce0, 2>, &A<v0x55bc6e029ce0, 3>, &A<v0x55bc6e029ce0, 4>, $time {0 0 0};
    %end;
    .thread T_2;
    .scope S_0x55bc6e005680;
T_3 ;
    %wait E_0x55bc6e002bf0;
    %load/vec4 v0x55bc6e028fc0_0;
    %dup/vec4;
    %pushi/vec4 0, 0, 4;
    %cmp/u;
    %jmp/1 T_3.0, 6;
    %dup/vec4;
    %pushi/vec4 1, 0, 4;
    %cmp/u;
    %jmp/1 T_3.1, 6;
    %dup/vec4;
    %pushi/vec4 2, 0, 4;
    %cmp/u;
    %jmp/1 T_3.2, 6;
    %dup/vec4;
    %pushi/vec4 6, 0, 4;
    %cmp/u;
    %jmp/1 T_3.3, 6;
    %dup/vec4;
    %pushi/vec4 7, 0, 4;
    %cmp/u;
    %jmp/1 T_3.4, 6;
    %dup/vec4;
    %pushi/vec4 12, 0, 4;
    %cmp/u;
    %jmp/1 T_3.5, 6;
    %jmp T_3.6;
T_3.0 ;
    %load/vec4 v0x55bc6e0058e0_0;
    %load/vec4 v0x55bc6e028ee0_0;
    %and;
    %store/vec4 v0x55bc6e029080_0, 0, 32;
    %jmp T_3.6;
T_3.1 ;
    %load/vec4 v0x55bc6e0058e0_0;
    %load/vec4 v0x55bc6e028ee0_0;
    %or;
    %store/vec4 v0x55bc6e029080_0, 0, 32;
    %jmp T_3.6;
T_3.2 ;
    %load/vec4 v0x55bc6e0058e0_0;
    %load/vec4 v0x55bc6e028ee0_0;
    %add;
    %store/vec4 v0x55bc6e029080_0, 0, 32;
    %jmp T_3.6;
T_3.3 ;
    %load/vec4 v0x55bc6e0058e0_0;
    %load/vec4 v0x55bc6e028ee0_0;
    %sub;
    %store/vec4 v0x55bc6e029080_0, 0, 32;
    %jmp T_3.6;
T_3.4 ;
    %load/vec4 v0x55bc6e0058e0_0;
    %load/vec4 v0x55bc6e028ee0_0;
    %cmp/u;
    %flag_mov 8, 5;
    %jmp/0 T_3.7, 8;
    %pushi/vec4 1, 0, 32;
    %jmp/1 T_3.8, 8;
T_3.7 ; End of true expr.
    %pushi/vec4 0, 0, 32;
    %jmp/0 T_3.8, 8;
 ; End of false expr.
    %blend;
T_3.8;
    %store/vec4 v0x55bc6e029080_0, 0, 32;
    %jmp T_3.6;
T_3.5 ;
    %load/vec4 v0x55bc6e0058e0_0;
    %load/vec4 v0x55bc6e028ee0_0;
    %or;
    %inv;
    %store/vec4 v0x55bc6e029080_0, 0, 32;
    %jmp T_3.6;
T_3.6 ;
    %pop/vec4 1;
    %load/vec4 v0x55bc6e029080_0;
    %cmpi/e 0, 0, 32;
    %jmp/0xz  T_3.9, 4;
    %pushi/vec4 1, 0, 1;
    %store/vec4 v0x55bc6e029160_0, 0, 1;
    %jmp T_3.10;
T_3.9 ;
    %pushi/vec4 0, 0, 1;
    %store/vec4 v0x55bc6e029160_0, 0, 1;
T_3.10 ;
    %jmp T_3;
    .thread T_3, $push;
    .scope S_0x55bc6dff7280;
T_4 ;
    %vpi_call 2 27 "$dumpfile", "dumpfile.vcd" {0 0 0};
    %vpi_call 2 28 "$dumpvars", 32'sb00000000000000000000000000000000, S_0x55bc6dff7280 {0 0 0};
    %pushi/vec4 0, 0, 1;
    %store/vec4 v0x55bc6e02a6b0_0, 0, 1;
    %pushi/vec4 0, 0, 1;
    %store/vec4 v0x55bc6e02abc0_0, 0, 1;
    %delay 42500, 0;
    %pushi/vec4 1, 0, 1;
    %store/vec4 v0x55bc6e02abc0_0, 0, 1;
    %pushi/vec4 0, 0, 32;
    %store/vec4 v0x55bc6e02a7b0_0, 0, 32;
T_4.0 ;
    %load/vec4 v0x55bc6e02a7b0_0;
    %cmpi/s 32, 0, 32;
    %jmp/0xz T_4.1, 5;
    %load/vec4 v0x55bc6e02a7b0_0;
    %ix/getv/s 4, v0x55bc6e02a7b0_0;
    %store/vec4a v0x55bc6e029ce0, 4, 0;
    %load/vec4 v0x55bc6e02a7b0_0;
    %addi 1, 0, 32;
    %store/vec4 v0x55bc6e02a7b0_0, 0, 32;
    %jmp T_4.0;
T_4.1 ;
    %delay 10000, 0;
    %pushi/vec4 0, 0, 4;
    %store/vec4 v0x55bc6e02a5e0_0, 0, 4;
    %pushi/vec4 1, 0, 5;
    %store/vec4 v0x55bc6e02a850_0, 0, 5;
    %pushi/vec4 3, 0, 5;
    %store/vec4 v0x55bc6e02a8f0_0, 0, 5;
    %pushi/vec4 3, 0, 5;
    %store/vec4 v0x55bc6e02ac60_0, 0, 5;
    %pushi/vec4 1, 0, 1;
    %store/vec4 v0x55bc6e02ada0_0, 0, 1;
    %delay 10000, 0;
    %pushi/vec4 2, 0, 4;
    %store/vec4 v0x55bc6e02a5e0_0, 0, 4;
    %pushi/vec4 4, 0, 5;
    %store/vec4 v0x55bc6e02ac60_0, 0, 5;
    %delay 10000, 0;
    %pushi/vec4 6, 0, 4;
    %store/vec4 v0x55bc6e02a5e0_0, 0, 4;
    %pushi/vec4 5, 0, 5;
    %store/vec4 v0x55bc6e02a850_0, 0, 5;
    %pushi/vec4 1, 0, 5;
    %store/vec4 v0x55bc6e02a8f0_0, 0, 5;
    %pushi/vec4 3, 0, 5;
    %store/vec4 v0x55bc6e02ac60_0, 0, 5;
    %delay 10000, 0;
    %pushi/vec4 7, 0, 4;
    %store/vec4 v0x55bc6e02a5e0_0, 0, 4;
    %pushi/vec4 3, 0, 5;
    %store/vec4 v0x55bc6e02a850_0, 0, 5;
    %pushi/vec4 2, 0, 5;
    %store/vec4 v0x55bc6e02a8f0_0, 0, 5;
    %pushi/vec4 1, 0, 5;
    %store/vec4 v0x55bc6e02ac60_0, 0, 5;
    %delay 10000, 0;
    %pushi/vec4 12, 0, 4;
    %store/vec4 v0x55bc6e02a5e0_0, 0, 4;
    %pushi/vec4 2, 0, 5;
    %store/vec4 v0x55bc6e02a850_0, 0, 5;
    %pushi/vec4 3, 0, 5;
    %store/vec4 v0x55bc6e02a8f0_0, 0, 5;
    %pushi/vec4 4, 0, 5;
    %store/vec4 v0x55bc6e02ac60_0, 0, 5;
    %delay 10000, 0;
    %pushi/vec4 0, 0, 1;
    %store/vec4 v0x55bc6e02ada0_0, 0, 1;
    %vpi_call 2 52 "$finish" {0 0 0};
    %end;
    .thread T_4;
    .scope S_0x55bc6dff7280;
T_5 ;
    %delay 5000, 0;
    %load/vec4 v0x55bc6e02a6b0_0;
    %inv;
    %store/vec4 v0x55bc6e02a6b0_0, 0, 1;
    %jmp T_5;
    .thread T_5;
# The file index is used to find the file name in the following table.
:file_names 4;
    "N/A";
    "<interactive>";
    "testbench.v";
    "library.v";
