#! /usr/bin/vvp
:ivl_version "11.0 (stable)";
:ivl_delay_selection "TYPICAL";
:vpi_time_precision - 12;
:vpi_module "/usr/lib/x86_64-linux-gnu/ivl/system.vpi";
:vpi_module "/usr/lib/x86_64-linux-gnu/ivl/vhdl_sys.vpi";
:vpi_module "/usr/lib/x86_64-linux-gnu/ivl/vhdl_textio.vpi";
:vpi_module "/usr/lib/x86_64-linux-gnu/ivl/v2005_math.vpi";
:vpi_module "/usr/lib/x86_64-linux-gnu/ivl/va_math.vpi";
S_0x5598c5da72d0 .scope module, "cpu_tb" "cpu_tb" 2 10;
 .timescale -9 -12;
v0x5598c5dcd600_0 .var "clock", 0 0;
v0x5598c5dcd6f0_0 .var/i "i", 31 0;
v0x5598c5dcd7d0_0 .var/i "idx", 31 0;
v0x5598c5dcd890_0 .var "reset", 0 0;
S_0x5598c5da5360 .scope module, "cpu0" "CPU" 2 16, 3 6 0, S_0x5598c5da72d0;
 .timescale -9 -12;
    .port_info 0 /INPUT 1 "clk";
    .port_info 1 /INPUT 1 "reset";
L_0x7f6be00113c0 .functor BUFT 1, C4<1>, C4<0>, C4<0>, C4<0>;
L_0x5598c5ddf270 .functor XNOR 1, v0x5598c5dc75a0_0, L_0x7f6be00113c0, C4<0>, C4<0>;
L_0x7f6be0011408 .functor BUFT 1, C4<1>, C4<0>, C4<0>, C4<0>;
L_0x5598c5ddfac0 .functor XNOR 1, v0x5598c5dc71d0_0, L_0x7f6be0011408, C4<0>, C4<0>;
L_0x7f6be0011450 .functor BUFT 1, C4<1>, C4<0>, C4<0>, C4<0>;
L_0x5598c5ddfd20 .functor XNOR 1, v0x5598c5dc7660_0, L_0x7f6be0011450, C4<0>, C4<0>;
v0x5598c5dcb8c0_0 .net "ALUControl", 3 0, v0x5598c5da8950_0;  1 drivers
v0x5598c5dcb9a0_0 .net "ALUInB", 31 0, L_0x5598c5ddfbd0;  1 drivers
v0x5598c5dcba60_0 .net "ALUOp", 1 0, v0x5598c5dc70f0_0;  1 drivers
v0x5598c5dcbb80_0 .net "ALUOut", 31 0, v0x5598c5dca360_0;  1 drivers
v0x5598c5dcbc70_0 .net "ALUSrc", 0 0, v0x5598c5dc71d0_0;  1 drivers
v0x5598c5dcbd60_0 .net "Branch", 0 0, v0x5598c5dc7270_0;  1 drivers
v0x5598c5dcbe00_0 .net "Jump", 0 0, v0x5598c5dc7310_0;  1 drivers
v0x5598c5dcbea0_0 .net "MemRead", 0 0, v0x5598c5dc73d0_0;  1 drivers
v0x5598c5dcbf90_0 .net "MemWrite", 0 0, v0x5598c5dc74e0_0;  1 drivers
v0x5598c5dcc030_0 .net "MemtoReg", 0 0, v0x5598c5dc75a0_0;  1 drivers
v0x5598c5dcc0d0_0 .var "PC", 31 0;
v0x5598c5dcc170_0 .net "RegDst", 0 0, v0x5598c5dc7660_0;  1 drivers
v0x5598c5dcc240_0 .net "RegWrite", 0 0, v0x5598c5dc7720_0;  1 drivers
v0x5598c5dcc330_0 .net "Zero", 0 0, v0x5598c5dca430_0;  1 drivers
v0x5598c5dcc3d0_0 .net/2u *"_ivl_14", 0 0, L_0x7f6be00113c0;  1 drivers
v0x5598c5dcc470_0 .net *"_ivl_16", 0 0, L_0x5598c5ddf270;  1 drivers
v0x5598c5dcc510_0 .net *"_ivl_21", 0 0, L_0x5598c5ddf4c0;  1 drivers
v0x5598c5dcc5b0_0 .net *"_ivl_22", 15 0, L_0x5598c5ddf5a0;  1 drivers
v0x5598c5dcc670_0 .net *"_ivl_25", 15 0, L_0x5598c5ddf8e0;  1 drivers
v0x5598c5dcc750_0 .net/2u *"_ivl_28", 0 0, L_0x7f6be0011408;  1 drivers
v0x5598c5dcc830_0 .net *"_ivl_30", 0 0, L_0x5598c5ddfac0;  1 drivers
v0x5598c5dcc8f0_0 .net/2u *"_ivl_34", 0 0, L_0x7f6be0011450;  1 drivers
v0x5598c5dcc9d0_0 .net *"_ivl_36", 0 0, L_0x5598c5ddfd20;  1 drivers
v0x5598c5dcca90_0 .net *"_ivl_39", 4 0, L_0x5598c5ddfe30;  1 drivers
v0x5598c5dccb70_0 .net *"_ivl_41", 4 0, L_0x5598c5ddfed0;  1 drivers
v0x5598c5dccc50_0 .net "clk", 0 0, v0x5598c5dcd600_0;  1 drivers
v0x5598c5dccd20_0 .net "instr", 31 0, L_0x5598c5dddfe0;  1 drivers
v0x5598c5dccdf0_0 .net "memOut", 31 0, L_0x5598c5ddf060;  1 drivers
v0x5598c5dccec0_0 .net "rdA", 31 0, L_0x5598c5dde5b0;  1 drivers
v0x5598c5dccfb0_0 .net "rdB", 31 0, L_0x5598c5dde880;  1 drivers
v0x5598c5dcd0c0_0 .net "reset", 0 0, v0x5598c5dcd890_0;  1 drivers
v0x5598c5dcd160_0 .net "signExtendedInstr", 31 0, L_0x5598c5ddf9d0;  1 drivers
v0x5598c5dcd220_0 .net "wa", 4 0, L_0x5598c5ddffe0;  1 drivers
v0x5598c5dcd4f0_0 .net "wd", 31 0, L_0x5598c5ddf380;  1 drivers
E_0x5598c5d6fe20/0 .event negedge, v0x5598c5dcb490_0;
E_0x5598c5d6fe20/1 .event posedge, v0x5598c5dcaee0_0;
E_0x5598c5d6fe20 .event/or E_0x5598c5d6fe20/0, E_0x5598c5d6fe20/1;
L_0x5598c5dde2e0 .part L_0x5598c5dddfe0, 26, 6;
L_0x5598c5dde380 .part L_0x5598c5dddfe0, 0, 6;
L_0x5598c5dde8f0 .part L_0x5598c5dddfe0, 21, 5;
L_0x5598c5dde9e0 .part L_0x5598c5dddfe0, 16, 5;
L_0x5598c5ddf380 .functor MUXZ 32, v0x5598c5dca360_0, L_0x5598c5ddf060, L_0x5598c5ddf270, C4<>;
L_0x5598c5ddf4c0 .part L_0x5598c5dddfe0, 15, 1;
LS_0x5598c5ddf5a0_0_0 .concat [ 1 1 1 1], L_0x5598c5ddf4c0, L_0x5598c5ddf4c0, L_0x5598c5ddf4c0, L_0x5598c5ddf4c0;
LS_0x5598c5ddf5a0_0_4 .concat [ 1 1 1 1], L_0x5598c5ddf4c0, L_0x5598c5ddf4c0, L_0x5598c5ddf4c0, L_0x5598c5ddf4c0;
LS_0x5598c5ddf5a0_0_8 .concat [ 1 1 1 1], L_0x5598c5ddf4c0, L_0x5598c5ddf4c0, L_0x5598c5ddf4c0, L_0x5598c5ddf4c0;
LS_0x5598c5ddf5a0_0_12 .concat [ 1 1 1 1], L_0x5598c5ddf4c0, L_0x5598c5ddf4c0, L_0x5598c5ddf4c0, L_0x5598c5ddf4c0;
L_0x5598c5ddf5a0 .concat [ 4 4 4 4], LS_0x5598c5ddf5a0_0_0, LS_0x5598c5ddf5a0_0_4, LS_0x5598c5ddf5a0_0_8, LS_0x5598c5ddf5a0_0_12;
L_0x5598c5ddf8e0 .part L_0x5598c5dddfe0, 0, 16;
L_0x5598c5ddf9d0 .concat [ 16 16 0 0], L_0x5598c5ddf8e0, L_0x5598c5ddf5a0;
L_0x5598c5ddfbd0 .functor MUXZ 32, L_0x5598c5dde880, L_0x5598c5ddf9d0, L_0x5598c5ddfac0, C4<>;
L_0x5598c5ddfe30 .part L_0x5598c5dddfe0, 11, 5;
L_0x5598c5ddfed0 .part L_0x5598c5dddfe0, 16, 5;
L_0x5598c5ddffe0 .functor MUXZ 5, L_0x5598c5ddfed0, L_0x5598c5ddfe30, L_0x5598c5ddfd20, C4<>;
S_0x5598c5d85fa0 .scope module, "AControl" "ALUControl" 3 33, 4 192 0, S_0x5598c5da5360;
 .timescale -9 -12;
    .port_info 0 /OUTPUT 4 "ALUControl";
    .port_info 1 /INPUT 2 "ALUOp";
    .port_info 2 /INPUT 6 "func";
v0x5598c5da8950_0 .var "ALUControl", 3 0;
v0x5598c5da89f0_0 .net "ALUOp", 1 0, v0x5598c5dc70f0_0;  alias, 1 drivers
v0x5598c5dc6cb0_0 .net "func", 5 0, L_0x5598c5dde380;  1 drivers
E_0x5598c5d5ab50 .event edge, v0x5598c5da89f0_0, v0x5598c5dc6cb0_0;
S_0x5598c5dc6df0 .scope module, "CUnit" "ControlUnit" 3 32, 4 101 0, S_0x5598c5da5360;
 .timescale -9 -12;
    .port_info 0 /OUTPUT 1 "RegDst";
    .port_info 1 /OUTPUT 1 "ALUSrc";
    .port_info 2 /OUTPUT 1 "MemtoReg";
    .port_info 3 /OUTPUT 1 "RegWrite";
    .port_info 4 /OUTPUT 1 "MemRead";
    .port_info 5 /OUTPUT 1 "MemWrite";
    .port_info 6 /OUTPUT 1 "Branch";
    .port_info 7 /OUTPUT 2 "ALUOp";
    .port_info 8 /OUTPUT 1 "Jump";
    .port_info 9 /INPUT 6 "opcode";
v0x5598c5dc70f0_0 .var "ALUOp", 1 0;
v0x5598c5dc71d0_0 .var "ALUSrc", 0 0;
v0x5598c5dc7270_0 .var "Branch", 0 0;
v0x5598c5dc7310_0 .var "Jump", 0 0;
v0x5598c5dc73d0_0 .var "MemRead", 0 0;
v0x5598c5dc74e0_0 .var "MemWrite", 0 0;
v0x5598c5dc75a0_0 .var "MemtoReg", 0 0;
v0x5598c5dc7660_0 .var "RegDst", 0 0;
v0x5598c5dc7720_0 .var "RegWrite", 0 0;
v0x5598c5dc77e0_0 .net "opcode", 5 0, L_0x5598c5dde2e0;  1 drivers
E_0x5598c5daa210 .event edge, v0x5598c5dc77e0_0;
S_0x5598c5dc7a60 .scope module, "DMem" "Memory" 3 36, 4 39 0, S_0x5598c5da5360;
 .timescale -9 -12;
    .port_info 0 /INPUT 1 "ren";
    .port_info 1 /INPUT 1 "wen";
    .port_info 2 /INPUT 32 "addr";
    .port_info 3 /INPUT 32 "din";
    .port_info 4 /OUTPUT 32 "dout";
L_0x7f6be00112a0 .functor BUFT 1, C4<0>, C4<0>, C4<0>, C4<0>;
L_0x5598c5ddeb00 .functor XNOR 1, v0x5598c5dc74e0_0, L_0x7f6be00112a0, C4<0>, C4<0>;
L_0x7f6be00112e8 .functor BUFT 1, C4<1>, C4<0>, C4<0>, C4<0>;
L_0x5598c5ddebc0 .functor XNOR 1, v0x5598c5dc73d0_0, L_0x7f6be00112e8, C4<0>, C4<0>;
L_0x5598c5ddec80 .functor AND 1, L_0x5598c5ddeb00, L_0x5598c5ddebc0, C4<1>, C4<1>;
v0x5598c5dc7d20_0 .net/2u *"_ivl_0", 0 0, L_0x7f6be00112a0;  1 drivers
v0x5598c5dc7e20_0 .net *"_ivl_10", 31 0, L_0x5598c5dded90;  1 drivers
v0x5598c5dc7f00_0 .net *"_ivl_13", 9 0, L_0x5598c5ddee30;  1 drivers
v0x5598c5dc7fc0_0 .net *"_ivl_14", 13 0, L_0x5598c5ddeed0;  1 drivers
L_0x7f6be0011330 .functor BUFT 1, C4<0000>, C4<0>, C4<0>, C4<0>;
v0x5598c5dc80a0_0 .net *"_ivl_17", 3 0, L_0x7f6be0011330;  1 drivers
L_0x7f6be0011378 .functor BUFT 1, C4<xxxxxxxxxxxxxxxxxxxxxxxxxxxxxxxx>, C4<0>, C4<0>, C4<0>;
v0x5598c5dc81d0_0 .net *"_ivl_18", 31 0, L_0x7f6be0011378;  1 drivers
v0x5598c5dc82b0_0 .net *"_ivl_2", 0 0, L_0x5598c5ddeb00;  1 drivers
v0x5598c5dc8370_0 .net/2u *"_ivl_4", 0 0, L_0x7f6be00112e8;  1 drivers
v0x5598c5dc8450_0 .net *"_ivl_6", 0 0, L_0x5598c5ddebc0;  1 drivers
v0x5598c5dc8510_0 .net *"_ivl_9", 0 0, L_0x5598c5ddec80;  1 drivers
v0x5598c5dc85d0_0 .net "addr", 31 0, v0x5598c5dca360_0;  alias, 1 drivers
v0x5598c5dc86b0 .array "data", 0 4095, 31 0;
v0x5598c5dc8770_0 .net "din", 31 0, L_0x5598c5dde880;  alias, 1 drivers
v0x5598c5dc8850_0 .net "dout", 31 0, L_0x5598c5ddf060;  alias, 1 drivers
v0x5598c5dc8930_0 .net "ren", 0 0, v0x5598c5dc73d0_0;  alias, 1 drivers
v0x5598c5dc89d0_0 .net "wen", 0 0, v0x5598c5dc74e0_0;  alias, 1 drivers
E_0x5598c5daa1d0 .event edge, v0x5598c5dc85d0_0, v0x5598c5dc73d0_0, v0x5598c5dc74e0_0, v0x5598c5dc8770_0;
E_0x5598c5da9340 .event posedge, v0x5598c5dc74e0_0, v0x5598c5dc73d0_0;
E_0x5598c5dc7cc0 .event edge, v0x5598c5dc74e0_0, v0x5598c5dc73d0_0;
L_0x5598c5dded90 .array/port v0x5598c5dc86b0, L_0x5598c5ddeed0;
L_0x5598c5ddee30 .part v0x5598c5dca360_0, 0, 10;
L_0x5598c5ddeed0 .concat [ 10 4 0 0], L_0x5598c5ddee30, L_0x7f6be0011330;
L_0x5598c5ddf060 .functor MUXZ 32, L_0x7f6be0011378, L_0x5598c5dded90, L_0x5598c5ddec80, C4<>;
S_0x5598c5dc8b30 .scope module, "IMem" "Memory" 3 31, 4 39 0, S_0x5598c5da5360;
 .timescale -9 -12;
    .port_info 0 /INPUT 1 "ren";
    .port_info 1 /INPUT 1 "wen";
    .port_info 2 /INPUT 32 "addr";
    .port_info 3 /INPUT 32 "din";
    .port_info 4 /OUTPUT 32 "dout";
L_0x7f6be0011180 .functor BUFT 1, C4<0>, C4<0>, C4<0>, C4<0>;
L_0x7f6be0011018 .functor BUFT 1, C4<0>, C4<0>, C4<0>, C4<0>;
L_0x5598c5da87b0 .functor XNOR 1, L_0x7f6be0011180, L_0x7f6be0011018, C4<0>, C4<0>;
L_0x7f6be0011138 .functor BUFT 1, C4<1>, C4<0>, C4<0>, C4<0>;
L_0x7f6be0011060 .functor BUFT 1, C4<1>, C4<0>, C4<0>, C4<0>;
L_0x5598c5dcda50 .functor XNOR 1, L_0x7f6be0011138, L_0x7f6be0011060, C4<0>, C4<0>;
L_0x5598c5dcdb70 .functor AND 1, L_0x5598c5da87b0, L_0x5598c5dcda50, C4<1>, C4<1>;
v0x5598c5dc8e90_0 .net/2u *"_ivl_0", 0 0, L_0x7f6be0011018;  1 drivers
v0x5598c5dc8f90_0 .net *"_ivl_10", 31 0, L_0x5598c5dcdc80;  1 drivers
v0x5598c5dc9070_0 .net *"_ivl_13", 9 0, L_0x5598c5dcdd20;  1 drivers
v0x5598c5dc9160_0 .net *"_ivl_14", 13 0, L_0x5598c5dcde40;  1 drivers
L_0x7f6be00110a8 .functor BUFT 1, C4<0000>, C4<0>, C4<0>, C4<0>;
v0x5598c5dc9240_0 .net *"_ivl_17", 3 0, L_0x7f6be00110a8;  1 drivers
L_0x7f6be00110f0 .functor BUFT 1, C4<xxxxxxxxxxxxxxxxxxxxxxxxxxxxxxxx>, C4<0>, C4<0>, C4<0>;
v0x5598c5dc9370_0 .net *"_ivl_18", 31 0, L_0x7f6be00110f0;  1 drivers
v0x5598c5dc9450_0 .net *"_ivl_2", 0 0, L_0x5598c5da87b0;  1 drivers
v0x5598c5dc9510_0 .net/2u *"_ivl_4", 0 0, L_0x7f6be0011060;  1 drivers
v0x5598c5dc95f0_0 .net *"_ivl_6", 0 0, L_0x5598c5dcda50;  1 drivers
v0x5598c5dc96b0_0 .net *"_ivl_9", 0 0, L_0x5598c5dcdb70;  1 drivers
v0x5598c5dc9770_0 .net "addr", 31 0, v0x5598c5dcc0d0_0;  1 drivers
v0x5598c5dc9850 .array "data", 0 4095, 31 0;
L_0x7f6be00111c8 .functor BUFT 1, C4<00000000000000000000000000000000>, C4<0>, C4<0>, C4<0>;
v0x5598c5dc9910_0 .net "din", 31 0, L_0x7f6be00111c8;  1 drivers
v0x5598c5dc99f0_0 .net "dout", 31 0, L_0x5598c5dddfe0;  alias, 1 drivers
v0x5598c5dc9ad0_0 .net "ren", 0 0, L_0x7f6be0011138;  1 drivers
v0x5598c5dc9b90_0 .net "wen", 0 0, L_0x7f6be0011180;  1 drivers
E_0x5598c5dc8d40 .event edge, v0x5598c5dc9770_0, v0x5598c5dc9ad0_0, v0x5598c5dc9b90_0, v0x5598c5dc9910_0;
E_0x5598c5dc8dd0 .event posedge, v0x5598c5dc9b90_0, v0x5598c5dc9ad0_0;
E_0x5598c5dc8e30 .event edge, v0x5598c5dc9b90_0, v0x5598c5dc9ad0_0;
L_0x5598c5dcdc80 .array/port v0x5598c5dc9850, L_0x5598c5dcde40;
L_0x5598c5dcdd20 .part v0x5598c5dcc0d0_0, 0, 10;
L_0x5598c5dcde40 .concat [ 10 4 0 0], L_0x5598c5dcdd20, L_0x7f6be00110a8;
L_0x5598c5dddfe0 .functor MUXZ 32, L_0x7f6be00110f0, L_0x5598c5dcdc80, L_0x5598c5dcdb70, C4<>;
S_0x5598c5dc9cf0 .scope module, "alu" "ALU" 3 35, 4 14 0, S_0x5598c5da5360;
 .timescale -9 -12;
    .port_info 0 /OUTPUT 32 "out";
    .port_info 1 /OUTPUT 1 "zero";
    .port_info 2 /INPUT 32 "inA";
    .port_info 3 /INPUT 32 "inB";
    .port_info 4 /INPUT 4 "op";
P_0x5598c5dc9ed0 .param/l "N" 0 4 15, +C4<00000000000000000000000000100000>;
v0x5598c5dca080_0 .net "inA", 31 0, L_0x5598c5dde5b0;  alias, 1 drivers
v0x5598c5dca180_0 .net "inB", 31 0, L_0x5598c5ddfbd0;  alias, 1 drivers
v0x5598c5dca260_0 .net "op", 3 0, v0x5598c5da8950_0;  alias, 1 drivers
v0x5598c5dca360_0 .var "out", 31 0;
v0x5598c5dca430_0 .var "zero", 0 0;
E_0x5598c5dc9ff0 .event edge, v0x5598c5da8950_0, v0x5598c5dca080_0, v0x5598c5dca180_0, v0x5598c5dc85d0_0;
S_0x5598c5dca5c0 .scope module, "cpu_regs" "RegFile" 3 34, 4 76 0, S_0x5598c5da5360;
 .timescale -9 -12;
    .port_info 0 /INPUT 1 "clock";
    .port_info 1 /INPUT 1 "reset";
    .port_info 2 /INPUT 5 "raA";
    .port_info 3 /INPUT 5 "raB";
    .port_info 4 /INPUT 5 "wa";
    .port_info 5 /INPUT 1 "wen";
    .port_info 6 /INPUT 32 "wd";
    .port_info 7 /OUTPUT 32 "rdA";
    .port_info 8 /OUTPUT 32 "rdB";
L_0x5598c5dde5b0 .functor BUFZ 32, L_0x5598c5dde420, C4<00000000000000000000000000000000>, C4<00000000000000000000000000000000>, C4<00000000000000000000000000000000>;
L_0x5598c5dde880 .functor BUFZ 32, L_0x5598c5dde670, C4<00000000000000000000000000000000>, C4<00000000000000000000000000000000>, C4<00000000000000000000000000000000>;
v0x5598c5dca950_0 .net *"_ivl_0", 31 0, L_0x5598c5dde420;  1 drivers
v0x5598c5dcaa50_0 .net *"_ivl_10", 6 0, L_0x5598c5dde710;  1 drivers
L_0x7f6be0011258 .functor BUFT 1, C4<00>, C4<0>, C4<0>, C4<0>;
v0x5598c5dcab30_0 .net *"_ivl_13", 1 0, L_0x7f6be0011258;  1 drivers
v0x5598c5dcabf0_0 .net *"_ivl_2", 6 0, L_0x5598c5dde4c0;  1 drivers
L_0x7f6be0011210 .functor BUFT 1, C4<00>, C4<0>, C4<0>, C4<0>;
v0x5598c5dcacd0_0 .net *"_ivl_5", 1 0, L_0x7f6be0011210;  1 drivers
v0x5598c5dcae00_0 .net *"_ivl_8", 31 0, L_0x5598c5dde670;  1 drivers
v0x5598c5dcaee0_0 .net "clock", 0 0, v0x5598c5dcd600_0;  alias, 1 drivers
v0x5598c5dcafa0 .array "data", 0 31, 31 0;
v0x5598c5dcb060_0 .var/i "i", 31 0;
v0x5598c5dcb140_0 .net "raA", 4 0, L_0x5598c5dde8f0;  1 drivers
v0x5598c5dcb220_0 .net "raB", 4 0, L_0x5598c5dde9e0;  1 drivers
v0x5598c5dcb300_0 .net "rdA", 31 0, L_0x5598c5dde5b0;  alias, 1 drivers
v0x5598c5dcb3c0_0 .net "rdB", 31 0, L_0x5598c5dde880;  alias, 1 drivers
v0x5598c5dcb490_0 .net "reset", 0 0, v0x5598c5dcd890_0;  alias, 1 drivers
v0x5598c5dcb530_0 .net "wa", 4 0, L_0x5598c5ddffe0;  alias, 1 drivers
v0x5598c5dcb610_0 .net "wd", 31 0, L_0x5598c5ddf380;  alias, 1 drivers
v0x5598c5dcb6f0_0 .net "wen", 0 0, v0x5598c5dc7720_0;  alias, 1 drivers
E_0x5598c5dca8d0 .event negedge, v0x5598c5dcb490_0, v0x5598c5dcaee0_0;
L_0x5598c5dde420 .array/port v0x5598c5dcafa0, L_0x5598c5dde4c0;
L_0x5598c5dde4c0 .concat [ 5 2 0 0], L_0x5598c5dde8f0, L_0x7f6be0011210;
L_0x5598c5dde670 .array/port v0x5598c5dcafa0, L_0x5598c5dde710;
L_0x5598c5dde710 .concat [ 5 2 0 0], L_0x5598c5dde9e0, L_0x7f6be0011258;
    .scope S_0x5598c5dc8b30;
T_0 ;
    %wait E_0x5598c5dc8e30;
    %load/vec4 v0x5598c5dc9ad0_0;
    %load/vec4 v0x5598c5dc9b90_0;
    %and;
    %flag_set/vec4 8;
    %jmp/0xz  T_0.0, 8;
    %vpi_call 4 49 "$display", "\012Memory ERROR (time %0d): ren and wen both active!\012", $time {0 0 0};
T_0.0 ;
    %jmp T_0;
    .thread T_0, $push;
    .scope S_0x5598c5dc8b30;
T_1 ;
    %wait E_0x5598c5dc8dd0;
    %load/vec4 v0x5598c5dc9770_0;
    %parti/s 22, 10, 5;
    %pad/u 32;
    %cmpi/ne 0, 0, 32;
    %jmp/0xz  T_1.0, 4;
    %vpi_call 4 53 "$display", "Memory WARNING (time %0d): address msbs are not zero\012", $time {0 0 0};
T_1.0 ;
    %jmp T_1;
    .thread T_1;
    .scope S_0x5598c5dc8b30;
T_2 ;
    %wait E_0x5598c5dc8d40;
    %load/vec4 v0x5598c5dc9b90_0;
    %pushi/vec4 1, 0, 1;
    %cmp/e;
    %flag_get/vec4 4;
    %load/vec4 v0x5598c5dc9ad0_0;
    %pushi/vec4 0, 0, 1;
    %cmp/e;
    %flag_get/vec4 4;
    %and;
    %flag_set/vec4 8;
    %jmp/0xz  T_2.0, 8;
    %load/vec4 v0x5598c5dc9910_0;
    %load/vec4 v0x5598c5dc9770_0;
    %parti/s 10, 0, 2;
    %pad/u 14;
    %ix/vec4 4;
    %store/vec4a v0x5598c5dc9850, 4, 0;
T_2.0 ;
    %jmp T_2;
    .thread T_2, $push;
    .scope S_0x5598c5dc6df0;
T_3 ;
    %wait E_0x5598c5daa210;
    %load/vec4 v0x5598c5dc77e0_0;
    %dup/vec4;
    %pushi/vec4 0, 0, 6;
    %cmp/u;
    %jmp/1 T_3.0, 6;
    %dup/vec4;
    %pushi/vec4 35, 0, 6;
    %cmp/u;
    %jmp/1 T_3.1, 6;
    %dup/vec4;
    %pushi/vec4 43, 0, 6;
    %cmp/u;
    %jmp/1 T_3.2, 6;
    %dup/vec4;
    %pushi/vec4 8, 0, 6;
    %cmp/u;
    %jmp/1 T_3.3, 6;
    %dup/vec4;
    %pushi/vec4 4, 0, 6;
    %cmp/u;
    %jmp/1 T_3.4, 6;
    %dup/vec4;
    %pushi/vec4 5, 0, 6;
    %cmp/u;
    %jmp/1 T_3.5, 6;
    %dup/vec4;
    %pushi/vec4 2, 0, 6;
    %cmp/u;
    %jmp/1 T_3.6, 6;
    %jmp T_3.7;
T_3.0 ;
    %pushi/vec4 1, 0, 1;
    %store/vec4 v0x5598c5dc7660_0, 0, 1;
    %pushi/vec4 0, 0, 1;
    %store/vec4 v0x5598c5dc71d0_0, 0, 1;
    %pushi/vec4 0, 0, 1;
    %store/vec4 v0x5598c5dc75a0_0, 0, 1;
    %pushi/vec4 1, 0, 1;
    %store/vec4 v0x5598c5dc7720_0, 0, 1;
    %pushi/vec4 0, 0, 1;
    %store/vec4 v0x5598c5dc73d0_0, 0, 1;
    %pushi/vec4 0, 0, 1;
    %store/vec4 v0x5598c5dc74e0_0, 0, 1;
    %pushi/vec4 0, 0, 1;
    %store/vec4 v0x5598c5dc7270_0, 0, 1;
    %pushi/vec4 2, 0, 2;
    %store/vec4 v0x5598c5dc70f0_0, 0, 2;
    %pushi/vec4 0, 0, 1;
    %store/vec4 v0x5598c5dc7310_0, 0, 1;
    %jmp T_3.7;
T_3.1 ;
    %pushi/vec4 0, 0, 1;
    %store/vec4 v0x5598c5dc7660_0, 0, 1;
    %pushi/vec4 1, 0, 1;
    %store/vec4 v0x5598c5dc71d0_0, 0, 1;
    %pushi/vec4 1, 0, 1;
    %store/vec4 v0x5598c5dc75a0_0, 0, 1;
    %pushi/vec4 1, 0, 1;
    %store/vec4 v0x5598c5dc7720_0, 0, 1;
    %pushi/vec4 1, 0, 1;
    %store/vec4 v0x5598c5dc73d0_0, 0, 1;
    %pushi/vec4 0, 0, 1;
    %store/vec4 v0x5598c5dc74e0_0, 0, 1;
    %pushi/vec4 0, 0, 1;
    %store/vec4 v0x5598c5dc7270_0, 0, 1;
    %pushi/vec4 0, 0, 2;
    %store/vec4 v0x5598c5dc70f0_0, 0, 2;
    %pushi/vec4 0, 0, 1;
    %store/vec4 v0x5598c5dc7310_0, 0, 1;
    %jmp T_3.7;
T_3.2 ;
    %pushi/vec4 0, 0, 1;
    %store/vec4 v0x5598c5dc7660_0, 0, 1;
    %pushi/vec4 1, 0, 1;
    %store/vec4 v0x5598c5dc71d0_0, 0, 1;
    %pushi/vec4 0, 0, 1;
    %store/vec4 v0x5598c5dc75a0_0, 0, 1;
    %pushi/vec4 0, 0, 1;
    %store/vec4 v0x5598c5dc7720_0, 0, 1;
    %pushi/vec4 0, 0, 1;
    %store/vec4 v0x5598c5dc73d0_0, 0, 1;
    %pushi/vec4 1, 0, 1;
    %store/vec4 v0x5598c5dc74e0_0, 0, 1;
    %pushi/vec4 0, 0, 1;
    %store/vec4 v0x5598c5dc7270_0, 0, 1;
    %pushi/vec4 0, 0, 2;
    %store/vec4 v0x5598c5dc70f0_0, 0, 2;
    %pushi/vec4 0, 0, 1;
    %store/vec4 v0x5598c5dc7310_0, 0, 1;
    %jmp T_3.7;
T_3.3 ;
    %pushi/vec4 0, 0, 1;
    %store/vec4 v0x5598c5dc7660_0, 0, 1;
    %pushi/vec4 1, 0, 1;
    %store/vec4 v0x5598c5dc71d0_0, 0, 1;
    %pushi/vec4 0, 0, 1;
    %store/vec4 v0x5598c5dc75a0_0, 0, 1;
    %pushi/vec4 1, 0, 1;
    %store/vec4 v0x5598c5dc7720_0, 0, 1;
    %pushi/vec4 0, 0, 1;
    %store/vec4 v0x5598c5dc73d0_0, 0, 1;
    %pushi/vec4 0, 0, 1;
    %store/vec4 v0x5598c5dc74e0_0, 0, 1;
    %pushi/vec4 0, 0, 1;
    %store/vec4 v0x5598c5dc7270_0, 0, 1;
    %pushi/vec4 0, 0, 2;
    %store/vec4 v0x5598c5dc70f0_0, 0, 2;
    %pushi/vec4 0, 0, 1;
    %store/vec4 v0x5598c5dc7310_0, 0, 1;
    %jmp T_3.7;
T_3.4 ;
    %pushi/vec4 0, 0, 1;
    %store/vec4 v0x5598c5dc7660_0, 0, 1;
    %pushi/vec4 0, 0, 1;
    %store/vec4 v0x5598c5dc71d0_0, 0, 1;
    %pushi/vec4 0, 0, 1;
    %store/vec4 v0x5598c5dc75a0_0, 0, 1;
    %pushi/vec4 0, 0, 1;
    %store/vec4 v0x5598c5dc7720_0, 0, 1;
    %pushi/vec4 0, 0, 1;
    %store/vec4 v0x5598c5dc73d0_0, 0, 1;
    %pushi/vec4 0, 0, 1;
    %store/vec4 v0x5598c5dc74e0_0, 0, 1;
    %pushi/vec4 1, 0, 1;
    %store/vec4 v0x5598c5dc7270_0, 0, 1;
    %pushi/vec4 1, 0, 2;
    %store/vec4 v0x5598c5dc70f0_0, 0, 2;
    %pushi/vec4 0, 0, 1;
    %store/vec4 v0x5598c5dc7310_0, 0, 1;
    %jmp T_3.7;
T_3.5 ;
    %pushi/vec4 0, 0, 1;
    %store/vec4 v0x5598c5dc7660_0, 0, 1;
    %pushi/vec4 0, 0, 1;
    %store/vec4 v0x5598c5dc71d0_0, 0, 1;
    %pushi/vec4 0, 0, 1;
    %store/vec4 v0x5598c5dc75a0_0, 0, 1;
    %pushi/vec4 0, 0, 1;
    %store/vec4 v0x5598c5dc7720_0, 0, 1;
    %pushi/vec4 0, 0, 1;
    %store/vec4 v0x5598c5dc73d0_0, 0, 1;
    %pushi/vec4 0, 0, 1;
    %store/vec4 v0x5598c5dc74e0_0, 0, 1;
    %pushi/vec4 1, 0, 1;
    %store/vec4 v0x5598c5dc7270_0, 0, 1;
    %pushi/vec4 1, 0, 2;
    %store/vec4 v0x5598c5dc70f0_0, 0, 2;
    %pushi/vec4 0, 0, 1;
    %store/vec4 v0x5598c5dc7310_0, 0, 1;
    %jmp T_3.7;
T_3.6 ;
    %pushi/vec4 0, 0, 1;
    %store/vec4 v0x5598c5dc7660_0, 0, 1;
    %pushi/vec4 0, 0, 1;
    %store/vec4 v0x5598c5dc71d0_0, 0, 1;
    %pushi/vec4 0, 0, 1;
    %store/vec4 v0x5598c5dc75a0_0, 0, 1;
    %pushi/vec4 0, 0, 1;
    %store/vec4 v0x5598c5dc7720_0, 0, 1;
    %pushi/vec4 0, 0, 1;
    %store/vec4 v0x5598c5dc73d0_0, 0, 1;
    %pushi/vec4 0, 0, 1;
    %store/vec4 v0x5598c5dc74e0_0, 0, 1;
    %pushi/vec4 0, 0, 1;
    %store/vec4 v0x5598c5dc7270_0, 0, 1;
    %pushi/vec4 0, 0, 2;
    %store/vec4 v0x5598c5dc70f0_0, 0, 2;
    %pushi/vec4 1, 0, 1;
    %store/vec4 v0x5598c5dc7310_0, 0, 1;
    %jmp T_3.7;
T_3.7 ;
    %pop/vec4 1;
    %jmp T_3;
    .thread T_3, $push;
    .scope S_0x5598c5d85fa0;
T_4 ;
    %wait E_0x5598c5d5ab50;
    %load/vec4 v0x5598c5da89f0_0;
    %dup/vec4;
    %pushi/vec4 0, 0, 2;
    %cmp/u;
    %jmp/1 T_4.0, 6;
    %dup/vec4;
    %pushi/vec4 1, 0, 2;
    %cmp/u;
    %jmp/1 T_4.1, 6;
    %dup/vec4;
    %pushi/vec4 2, 0, 2;
    %cmp/u;
    %jmp/1 T_4.2, 6;
    %pushi/vec4 0, 0, 4;
    %store/vec4 v0x5598c5da8950_0, 0, 4;
    %jmp T_4.4;
T_4.0 ;
    %pushi/vec4 2, 0, 4;
    %store/vec4 v0x5598c5da8950_0, 0, 4;
    %jmp T_4.4;
T_4.1 ;
    %pushi/vec4 6, 0, 4;
    %store/vec4 v0x5598c5da8950_0, 0, 4;
    %jmp T_4.4;
T_4.2 ;
    %load/vec4 v0x5598c5dc6cb0_0;
    %dup/vec4;
    %pushi/vec4 32, 0, 6;
    %cmp/u;
    %jmp/1 T_4.5, 6;
    %dup/vec4;
    %pushi/vec4 34, 0, 6;
    %cmp/u;
    %jmp/1 T_4.6, 6;
    %dup/vec4;
    %pushi/vec4 36, 0, 6;
    %cmp/u;
    %jmp/1 T_4.7, 6;
    %dup/vec4;
    %pushi/vec4 37, 0, 6;
    %cmp/u;
    %jmp/1 T_4.8, 6;
    %dup/vec4;
    %pushi/vec4 42, 0, 6;
    %cmp/u;
    %jmp/1 T_4.9, 6;
    %pushi/vec4 0, 0, 4;
    %store/vec4 v0x5598c5da8950_0, 0, 4;
    %jmp T_4.11;
T_4.5 ;
    %pushi/vec4 2, 0, 4;
    %store/vec4 v0x5598c5da8950_0, 0, 4;
    %jmp T_4.11;
T_4.6 ;
    %pushi/vec4 6, 0, 4;
    %store/vec4 v0x5598c5da8950_0, 0, 4;
    %jmp T_4.11;
T_4.7 ;
    %pushi/vec4 0, 0, 4;
    %store/vec4 v0x5598c5da8950_0, 0, 4;
    %jmp T_4.11;
T_4.8 ;
    %pushi/vec4 1, 0, 4;
    %store/vec4 v0x5598c5da8950_0, 0, 4;
    %jmp T_4.11;
T_4.9 ;
    %pushi/vec4 7, 0, 4;
    %store/vec4 v0x5598c5da8950_0, 0, 4;
    %jmp T_4.11;
T_4.11 ;
    %pop/vec4 1;
    %jmp T_4.4;
T_4.4 ;
    %pop/vec4 1;
    %jmp T_4;
    .thread T_4, $push;
    .scope S_0x5598c5dca5c0;
T_5 ;
    %wait E_0x5598c5dca8d0;
    %load/vec4 v0x5598c5dcb490_0;
    %flag_set/vec4 8;
    %jmp/0xz  T_5.0, 8;
    %load/vec4 v0x5598c5dcb6f0_0;
    %load/vec4 v0x5598c5dcb530_0;
    %pad/u 32;
    %pushi/vec4 0, 0, 32;
    %cmp/ne;
    %flag_get/vec4 4;
    %and;
    %flag_set/vec4 8;
    %jmp/0xz  T_5.2, 8;
    %load/vec4 v0x5598c5dcb610_0;
    %load/vec4 v0x5598c5dcb530_0;
    %pad/u 7;
    %ix/vec4 3;
    %ix/load 4, 0, 0; Constant delay
    %assign/vec4/a/d v0x5598c5dcafa0, 0, 4;
T_5.2 ;
    %jmp T_5.1;
T_5.0 ;
    %pushi/vec4 0, 0, 32;
    %store/vec4 v0x5598c5dcb060_0, 0, 32;
T_5.4 ;
    %load/vec4 v0x5598c5dcb060_0;
    %cmpi/s 32, 0, 32;
    %jmp/0xz T_5.5, 5;
    %pushi/vec4 0, 0, 32;
    %ix/getv/s 3, v0x5598c5dcb060_0;
    %ix/load 4, 0, 0; Constant delay
    %assign/vec4/a/d v0x5598c5dcafa0, 0, 4;
    %load/vec4 v0x5598c5dcb060_0;
    %addi 1, 0, 32;
    %store/vec4 v0x5598c5dcb060_0, 0, 32;
    %jmp T_5.4;
T_5.5 ;
T_5.1 ;
    %jmp T_5;
    .thread T_5;
    .scope S_0x5598c5dc9cf0;
T_6 ;
    %wait E_0x5598c5dc9ff0;
    %load/vec4 v0x5598c5dca260_0;
    %dup/vec4;
    %pushi/vec4 0, 0, 4;
    %cmp/u;
    %jmp/1 T_6.0, 6;
    %dup/vec4;
    %pushi/vec4 1, 0, 4;
    %cmp/u;
    %jmp/1 T_6.1, 6;
    %dup/vec4;
    %pushi/vec4 2, 0, 4;
    %cmp/u;
    %jmp/1 T_6.2, 6;
    %dup/vec4;
    %pushi/vec4 6, 0, 4;
    %cmp/u;
    %jmp/1 T_6.3, 6;
    %dup/vec4;
    %pushi/vec4 7, 0, 4;
    %cmp/u;
    %jmp/1 T_6.4, 6;
    %dup/vec4;
    %pushi/vec4 12, 0, 4;
    %cmp/u;
    %jmp/1 T_6.5, 6;
    %jmp T_6.6;
T_6.0 ;
    %load/vec4 v0x5598c5dca080_0;
    %load/vec4 v0x5598c5dca180_0;
    %and;
    %store/vec4 v0x5598c5dca360_0, 0, 32;
    %jmp T_6.6;
T_6.1 ;
    %load/vec4 v0x5598c5dca080_0;
    %load/vec4 v0x5598c5dca180_0;
    %or;
    %store/vec4 v0x5598c5dca360_0, 0, 32;
    %jmp T_6.6;
T_6.2 ;
    %load/vec4 v0x5598c5dca080_0;
    %load/vec4 v0x5598c5dca180_0;
    %add;
    %store/vec4 v0x5598c5dca360_0, 0, 32;
    %jmp T_6.6;
T_6.3 ;
    %load/vec4 v0x5598c5dca080_0;
    %load/vec4 v0x5598c5dca180_0;
    %sub;
    %store/vec4 v0x5598c5dca360_0, 0, 32;
    %jmp T_6.6;
T_6.4 ;
    %load/vec4 v0x5598c5dca080_0;
    %load/vec4 v0x5598c5dca180_0;
    %cmp/u;
    %flag_mov 8, 5;
    %jmp/0 T_6.7, 8;
    %pushi/vec4 1, 0, 32;
    %jmp/1 T_6.8, 8;
T_6.7 ; End of true expr.
    %pushi/vec4 0, 0, 32;
    %jmp/0 T_6.8, 8;
 ; End of false expr.
    %blend;
T_6.8;
    %store/vec4 v0x5598c5dca360_0, 0, 32;
    %jmp T_6.6;
T_6.5 ;
    %load/vec4 v0x5598c5dca080_0;
    %load/vec4 v0x5598c5dca180_0;
    %or;
    %inv;
    %store/vec4 v0x5598c5dca360_0, 0, 32;
    %jmp T_6.6;
T_6.6 ;
    %pop/vec4 1;
    %load/vec4 v0x5598c5dca360_0;
    %cmpi/e 0, 0, 32;
    %flag_mov 8, 4;
    %jmp/0 T_6.9, 8;
    %pushi/vec4 1, 0, 2;
    %jmp/1 T_6.10, 8;
T_6.9 ; End of true expr.
    %pushi/vec4 0, 0, 2;
    %jmp/0 T_6.10, 8;
 ; End of false expr.
    %blend;
T_6.10;
    %pad/s 1;
    %store/vec4 v0x5598c5dca430_0, 0, 1;
    %jmp T_6;
    .thread T_6, $push;
    .scope S_0x5598c5dc7a60;
T_7 ;
    %wait E_0x5598c5dc7cc0;
    %load/vec4 v0x5598c5dc8930_0;
    %load/vec4 v0x5598c5dc89d0_0;
    %and;
    %flag_set/vec4 8;
    %jmp/0xz  T_7.0, 8;
    %vpi_call 4 49 "$display", "\012Memory ERROR (time %0d): ren and wen both active!\012", $time {0 0 0};
T_7.0 ;
    %jmp T_7;
    .thread T_7, $push;
    .scope S_0x5598c5dc7a60;
T_8 ;
    %wait E_0x5598c5da9340;
    %load/vec4 v0x5598c5dc85d0_0;
    %parti/s 22, 10, 5;
    %pad/u 32;
    %cmpi/ne 0, 0, 32;
    %jmp/0xz  T_8.0, 4;
    %vpi_call 4 53 "$display", "Memory WARNING (time %0d): address msbs are not zero\012", $time {0 0 0};
T_8.0 ;
    %jmp T_8;
    .thread T_8;
    .scope S_0x5598c5dc7a60;
T_9 ;
    %wait E_0x5598c5daa1d0;
    %load/vec4 v0x5598c5dc89d0_0;
    %pushi/vec4 1, 0, 1;
    %cmp/e;
    %flag_get/vec4 4;
    %load/vec4 v0x5598c5dc8930_0;
    %pushi/vec4 0, 0, 1;
    %cmp/e;
    %flag_get/vec4 4;
    %and;
    %flag_set/vec4 8;
    %jmp/0xz  T_9.0, 8;
    %load/vec4 v0x5598c5dc8770_0;
    %load/vec4 v0x5598c5dc85d0_0;
    %parti/s 10, 0, 2;
    %pad/u 14;
    %ix/vec4 4;
    %store/vec4a v0x5598c5dc86b0, 4, 0;
T_9.0 ;
    %jmp T_9;
    .thread T_9, $push;
    .scope S_0x5598c5da5360;
T_10 ;
    %wait E_0x5598c5d6fe20;
    %load/vec4 v0x5598c5dcd0c0_0;
    %nor/r;
    %flag_set/vec4 8;
    %jmp/0xz  T_10.0, 8;
    %pushi/vec4 0, 0, 32;
    %store/vec4 v0x5598c5dcc0d0_0, 0, 32;
    %jmp T_10.1;
T_10.0 ;
    %load/vec4 v0x5598c5dcc0d0_0;
    %addi 1, 0, 32;
    %store/vec4 v0x5598c5dcc0d0_0, 0, 32;
T_10.1 ;
    %jmp T_10;
    .thread T_10;
    .scope S_0x5598c5da5360;
T_11 ;
    %wait E_0x5598c5dca8d0;
    %load/vec4 v0x5598c5dcbd60_0;
    %pushi/vec4 1, 0, 1;
    %cmp/e;
    %flag_get/vec4 4;
    %load/vec4 v0x5598c5dcc330_0;
    %pushi/vec4 1, 0, 1;
    %cmp/e;
    %flag_get/vec4 4;
    %and;
    %flag_set/vec4 8;
    %jmp/0xz  T_11.0, 8;
    %load/vec4 v0x5598c5dcc0d0_0;
    %load/vec4 v0x5598c5dcd160_0;
    %add;
    %store/vec4 v0x5598c5dcc0d0_0, 0, 32;
    %jmp T_11.1;
T_11.0 ;
    %load/vec4 v0x5598c5dcbe00_0;
    %cmpi/e 1, 0, 1;
    %jmp/0xz  T_11.2, 4;
    %load/vec4 v0x5598c5dcc0d0_0;
    %parti/s 4, 28, 6;
    %load/vec4 v0x5598c5dccd20_0;
    %parti/s 26, 0, 2;
    %concat/vec4; draw_concat_vec4
    %concati/vec4 0, 0, 2;
    %store/vec4 v0x5598c5dcc0d0_0, 0, 32;
T_11.2 ;
T_11.1 ;
    %jmp T_11;
    .thread T_11;
    .scope S_0x5598c5da72d0;
T_12 ;
    %vpi_call 2 28 "$dumpfile", "cpu_tb.vcd" {0 0 0};
    %pushi/vec4 0, 0, 32;
    %store/vec4 v0x5598c5dcd7d0_0, 0, 32;
T_12.0 ;
    %load/vec4 v0x5598c5dcd7d0_0;
    %cmpi/s 32, 0, 32;
    %jmp/0xz T_12.1, 5;
    %vpi_call 2 31 "$dumpvars", 32'sb00000000000000000000000000000000, &A<v0x5598c5dcafa0, v0x5598c5dcd7d0_0 > {0 0 0};
    %load/vec4 v0x5598c5dcd7d0_0;
    %addi 1, 0, 32;
    %store/vec4 v0x5598c5dcd7d0_0, 0, 32;
    %jmp T_12.0;
T_12.1 ;
    %vpi_call 2 34 "$dumpvars", 32'sb00000000000000000000000000000000, S_0x5598c5da5360 {0 0 0};
    %vpi_call 2 35 "$display", "Starting simulation" {0 0 0};
    %vpi_call 2 36 "$readmemh", "program.hex", v0x5598c5dc9850 {0 0 0};
    %pushi/vec4 0, 0, 1;
    %store/vec4 v0x5598c5dcd890_0, 0, 1;
    %delay 80000, 0;
    %pushi/vec4 1, 0, 1;
    %store/vec4 v0x5598c5dcd890_0, 0, 1;
    %pushi/vec4 0, 0, 32;
    %store/vec4 v0x5598c5dcd6f0_0, 0, 32;
T_12.2 ;
    %load/vec4 v0x5598c5dcd6f0_0;
    %cmpi/s 32, 0, 32;
    %jmp/0xz T_12.3, 5;
    %load/vec4 v0x5598c5dcd6f0_0;
    %ix/getv/s 4, v0x5598c5dcd6f0_0;
    %store/vec4a v0x5598c5dcafa0, 4, 0;
    %load/vec4 v0x5598c5dcd6f0_0;
    %addi 1, 0, 32;
    %store/vec4 v0x5598c5dcd6f0_0, 0, 32;
    %jmp T_12.2;
T_12.3 ;
    %delay 20000, 0;
    %pushi/vec4 0, 0, 1;
    %store/vec4 v0x5598c5dcd600_0, 0, 1;
    %delay 2000000, 0;
    %vpi_call 2 48 "$finish" {0 0 0};
    %end;
    .thread T_12;
    .scope S_0x5598c5da72d0;
T_13 ;
    %delay 10000, 0;
    %load/vec4 v0x5598c5dcd600_0;
    %inv;
    %store/vec4 v0x5598c5dcd600_0, 0, 1;
    %jmp T_13;
    .thread T_13;
# The file index is used to find the file name in the following table.
:file_names 5;
    "N/A";
    "<interactive>";
    "testbench.v";
    "cpu.v";
    "library.v";
