#! /usr/bin/vvp
:ivl_version "11.0 (stable)";
:ivl_delay_selection "TYPICAL";
:vpi_time_precision - 12;
:vpi_module "/usr/lib/x86_64-linux-gnu/ivl/system.vpi";
:vpi_module "/usr/lib/x86_64-linux-gnu/ivl/vhdl_sys.vpi";
:vpi_module "/usr/lib/x86_64-linux-gnu/ivl/vhdl_textio.vpi";
:vpi_module "/usr/lib/x86_64-linux-gnu/ivl/v2005_math.vpi";
:vpi_module "/usr/lib/x86_64-linux-gnu/ivl/va_math.vpi";
S_0x561187600c00 .scope module, "cpu_tb" "cpu_tb" 2 11;
 .timescale -9 -12;
v0x561187632e30_0 .var "PC_prv", 31 0;
v0x561187632f30_0 .var "clock", 0 0;
v0x561187632ff0_0 .var/i "f", 31 0;
v0x561187633090_0 .var/i "i", 31 0;
v0x561187633170_0 .var "reset", 0 0;
v0x561187633210_0 .net "stringvar", 208 1, L_0x5611876495c0;  1 drivers
S_0x56118756ff90 .scope module, "cpu0" "cpu" 2 19, 3 6 0, S_0x561187600c00;
 .timescale -9 -12;
    .port_info 0 /INPUT 1 "clock";
    .port_info 1 /INPUT 1 "reset";
L_0x7f1f73be53c0 .functor BUFT 1, C4<0>, C4<0>, C4<0>, C4<0>;
L_0x561187644e50 .functor XNOR 1, v0x56118762bff0_0, L_0x7f1f73be53c0, C4<0>, C4<0>;
L_0x7f1f73be57b0 .functor BUFT 1, C4<0>, C4<0>, C4<0>, C4<0>;
L_0x561187646e80 .functor XNOR 1, v0x56118762c430_0, L_0x7f1f73be57b0, C4<0>, C4<0>;
L_0x7f1f73be5918 .functor BUFT 1, C4<0>, C4<0>, C4<0>, C4<0>;
L_0x561187648a30 .functor XNOR 1, v0x561187633170_0, L_0x7f1f73be5918, C4<0>, C4<0>;
v0x56118762af10_0 .net "ALUInA", 31 0, L_0x5611876454c0;  1 drivers
v0x56118762b020_0 .net "ALUInB", 31 0, L_0x5611876456f0;  1 drivers
v0x56118762b0f0_0 .net "ALUOp", 3 0, v0x561187623430_0;  1 drivers
v0x56118762b1c0_0 .net "ALUOut", 31 0, L_0x561187647a60;  1 drivers
v0x56118762b260_0 .net "ALUSrc", 0 0, v0x561187623a80_0;  1 drivers
v0x56118762b350_0 .net "ALUSrcIn", 31 0, L_0x561187645c00;  1 drivers
v0x56118762b3f0_0 .net "ALUcntrl", 1 0, v0x561187623b40_0;  1 drivers
v0x56118762b4e0_0 .net "Branch", 0 0, v0x561187623c20_0;  1 drivers
v0x56118762b5b0_0 .net "DMemOut", 31 0, L_0x561187648640;  1 drivers
v0x56118762b680_0 .var "EXMEM_ALUOut", 31 0;
v0x56118762b750_0 .var "EXMEM_Branch", 0 0;
v0x56118762b7f0_0 .var "EXMEM_MemRead", 0 0;
v0x56118762b8c0_0 .var "EXMEM_MemToReg", 0 0;
v0x56118762b960_0 .var "EXMEM_MemWrite", 0 0;
v0x56118762ba30_0 .var "EXMEM_MemWriteData", 31 0;
v0x56118762bb00_0 .var "EXMEM_RegWrite", 0 0;
v0x56118762bbd0_0 .var "EXMEM_RegWriteAddr", 4 0;
v0x56118762bdb0_0 .var "EXMEM_Zero", 0 0;
v0x56118762be50_0 .net "ForwardA", 1 0, v0x56118762a8d0_0;  1 drivers
v0x56118762bf20_0 .net "ForwardB", 1 0, v0x56118762a990_0;  1 drivers
v0x56118762bff0_0 .var "IDEX_ALUSrc", 0 0;
v0x56118762c090_0 .var "IDEX_ALUcntrl", 1 0;
v0x56118762c160_0 .var "IDEX_Branch", 0 0;
v0x56118762c200_0 .var "IDEX_MemRead", 0 0;
v0x56118762c2d0_0 .var "IDEX_MemToReg", 0 0;
v0x56118762c370_0 .var "IDEX_MemWrite", 0 0;
v0x56118762c430_0 .var "IDEX_RegDst", 0 0;
v0x56118762c4f0_0 .var "IDEX_RegWrite", 0 0;
v0x56118762c5b0_0 .var "IDEX_instr_rd", 4 0;
v0x56118762c690_0 .var "IDEX_instr_rs", 4 0;
v0x56118762c780_0 .var "IDEX_instr_rt", 4 0;
v0x56118762c820_0 .var "IDEX_rdA", 31 0;
v0x56118762c900_0 .var "IDEX_rdB", 31 0;
v0x56118762cbf0_0 .var "IDEX_signExtend", 31 0;
v0x56118762ccd0_0 .var "IFID_PCplus4", 31 0;
v0x56118762cdb0_0 .net "IFID_PCwrite", 0 0, v0x5611875c3f10_0;  1 drivers
v0x56118762ce50_0 .var "IFID_instr", 31 0;
v0x56118762cf10_0 .net "IFID_isNOP", 0 0, v0x5611875edde0_0;  1 drivers
v0x56118762cfe0_0 .net "IFID_write", 0 0, v0x5611875edd10_0;  1 drivers
v0x56118762d0b0_0 .var "MEMWB_ALUOut", 31 0;
v0x56118762d150_0 .var "MEMWB_DMemOut", 31 0;
v0x56118762d230_0 .var "MEMWB_MemToReg", 0 0;
v0x56118762d2f0_0 .var "MEMWB_RegWrite", 0 0;
v0x56118762d3e0_0 .var "MEMWB_RegWriteAddr", 4 0;
v0x56118762d4f0_0 .net "MemRead", 0 0, v0x561187623cc0_0;  1 drivers
v0x56118762d590_0 .net "MemToReg", 0 0, v0x561187623d80_0;  1 drivers
v0x56118762d630_0 .net "MemWrite", 0 0, v0x561187623e90_0;  1 drivers
v0x56118762d700_0 .var "PC", 31 0;
v0x56118762d7a0_0 .net "RegDst", 0 0, v0x561187623f50_0;  1 drivers
v0x56118762d870_0 .net "RegWrite", 0 0, v0x561187624010_0;  1 drivers
v0x56118762d940_0 .net "RegWriteAddr", 4 0, L_0x5611876478d0;  1 drivers
v0x56118762d9e0_0 .net "Zero", 0 0, L_0x561187647c40;  1 drivers
v0x56118762dab0_0 .net *"_ivl_25", 0 0, L_0x5611876443d0;  1 drivers
v0x56118762db50_0 .net *"_ivl_26", 15 0, L_0x561187644470;  1 drivers
L_0x7f1f73be52e8 .functor BUFT 1, C4<00>, C4<0>, C4<0>, C4<0>;
v0x56118762dc30_0 .net/2u *"_ivl_30", 1 0, L_0x7f1f73be52e8;  1 drivers
v0x56118762dd10_0 .net *"_ivl_32", 0 0, L_0x561187644d10;  1 drivers
L_0x7f1f73be5330 .functor BUFT 1, C4<01>, C4<0>, C4<0>, C4<0>;
v0x56118762ddd0_0 .net/2u *"_ivl_34", 1 0, L_0x7f1f73be5330;  1 drivers
v0x56118762deb0_0 .net *"_ivl_36", 0 0, L_0x561187644ec0;  1 drivers
L_0x7f1f73be5378 .functor BUFT 1, C4<10>, C4<0>, C4<0>, C4<0>;
v0x56118762df70_0 .net/2u *"_ivl_38", 1 0, L_0x7f1f73be5378;  1 drivers
L_0x7f1f73be51c8 .functor BUFT 1, C4<00>, C4<0>, C4<0>, C4<0>;
v0x56118762e050_0 .net/2u *"_ivl_4", 1 0, L_0x7f1f73be51c8;  1 drivers
v0x56118762e130_0 .net *"_ivl_40", 0 0, L_0x561187644fb0;  1 drivers
v0x56118762e1f0_0 .net *"_ivl_42", 31 0, L_0x561187645160;  1 drivers
v0x56118762e2d0_0 .net *"_ivl_44", 31 0, L_0x5611876452a0;  1 drivers
v0x56118762e3b0_0 .net/2u *"_ivl_48", 0 0, L_0x7f1f73be53c0;  1 drivers
v0x56118762e490_0 .net *"_ivl_50", 0 0, L_0x561187644e50;  1 drivers
L_0x7f1f73be5408 .functor BUFT 1, C4<01>, C4<0>, C4<0>, C4<0>;
v0x56118762e960_0 .net/2u *"_ivl_54", 1 0, L_0x7f1f73be5408;  1 drivers
v0x56118762ea40_0 .net *"_ivl_56", 0 0, L_0x5611876458d0;  1 drivers
L_0x7f1f73be5450 .functor BUFT 1, C4<10>, C4<0>, C4<0>, C4<0>;
v0x56118762eb00_0 .net/2u *"_ivl_58", 1 0, L_0x7f1f73be5450;  1 drivers
v0x56118762ebe0_0 .net *"_ivl_60", 0 0, L_0x561187645a10;  1 drivers
v0x56118762eca0_0 .net *"_ivl_62", 31 0, L_0x561187645790;  1 drivers
v0x56118762ed80_0 .net/2u *"_ivl_66", 0 0, L_0x7f1f73be57b0;  1 drivers
v0x56118762ee60_0 .net *"_ivl_68", 0 0, L_0x561187646e80;  1 drivers
v0x56118762ef20_0 .net *"_ivl_7", 29 0, L_0x561187643b10;  1 drivers
v0x56118762f000_0 .net/2u *"_ivl_74", 0 0, L_0x7f1f73be5918;  1 drivers
v0x56118762f0e0_0 .net *"_ivl_76", 0 0, L_0x561187648a30;  1 drivers
L_0x7f1f73be5960 .functor BUFT 1, C4<00000000000000000000000000000000>, C4<0>, C4<0>, C4<0>;
v0x56118762f1a0_0 .net/2u *"_ivl_78", 31 0, L_0x7f1f73be5960;  1 drivers
v0x56118762f280_0 .net *"_ivl_80", 31 0, L_0x561187648af0;  1 drivers
L_0x7f1f73be59a8 .functor BUFT 1, C4<0000000000000000000000000000000>, C4<0>, C4<0>, C4<0>;
v0x56118762f360_0 .net *"_ivl_83", 30 0, L_0x7f1f73be59a8;  1 drivers
L_0x7f1f73be59f0 .functor BUFT 1, C4<00000000000000000000000000000001>, C4<0>, C4<0>, C4<0>;
v0x56118762f440_0 .net/2u *"_ivl_84", 31 0, L_0x7f1f73be59f0;  1 drivers
v0x56118762f520_0 .net *"_ivl_86", 0 0, L_0x561187648be0;  1 drivers
v0x56118762f5e0_0 .net *"_ivl_88", 31 0, L_0x561187648e00;  1 drivers
v0x56118762f6c0_0 .net "clock", 0 0, v0x561187632f30_0;  1 drivers
v0x56118762f760_0 .net "func", 5 0, L_0x561187643e80;  1 drivers
v0x56118762f840_0 .net "imm", 15 0, L_0x5611876441d0;  1 drivers
v0x56118762f920_0 .net "instr", 31 0, L_0x561187643820;  1 drivers
v0x56118762fa10_0 .net "instr_rd", 4 0, L_0x561187644130;  1 drivers
v0x56118762fad0_0 .net "instr_rs", 4 0, L_0x561187643fb0;  1 drivers
v0x56118762fbe0_0 .net "instr_rt", 4 0, L_0x561187644050;  1 drivers
v0x56118762fcf0_0 .net "opcode", 5 0, L_0x561187643d90;  1 drivers
v0x56118762fdb0_0 .net "rdA", 31 0, L_0x5611875e9f40;  1 drivers
v0x56118762fe50_0 .net "rdB", 31 0, L_0x5611875ec340;  1 drivers
v0x56118762ff20_0 .net "reset", 0 0, v0x561187633170_0;  1 drivers
v0x56118762ffc0_0 .net "signExtend", 31 0, L_0x561187644760;  1 drivers
v0x561187630080_0 .net "wRegData", 31 0, L_0x561187648ef0;  1 drivers
E_0x561187552c10/0 .event negedge, v0x5611876254b0_0;
E_0x561187552c10/1 .event posedge, v0x5611876250b0_0;
E_0x561187552c10 .event/or E_0x561187552c10/0, E_0x561187552c10/1;
L_0x561187643b10 .part v0x56118762d700_0, 2, 30;
L_0x561187643c00 .concat [ 30 2 0 0], L_0x561187643b10, L_0x7f1f73be51c8;
L_0x561187643d90 .part v0x56118762ce50_0, 26, 6;
L_0x561187643e80 .part v0x56118762ce50_0, 0, 6;
L_0x561187643fb0 .part v0x56118762ce50_0, 21, 5;
L_0x561187644050 .part v0x56118762ce50_0, 16, 5;
L_0x561187644130 .part v0x56118762ce50_0, 11, 5;
L_0x5611876441d0 .part v0x56118762ce50_0, 0, 16;
L_0x5611876443d0 .part L_0x5611876441d0, 15, 1;
LS_0x561187644470_0_0 .concat [ 1 1 1 1], L_0x5611876443d0, L_0x5611876443d0, L_0x5611876443d0, L_0x5611876443d0;
LS_0x561187644470_0_4 .concat [ 1 1 1 1], L_0x5611876443d0, L_0x5611876443d0, L_0x5611876443d0, L_0x5611876443d0;
LS_0x561187644470_0_8 .concat [ 1 1 1 1], L_0x5611876443d0, L_0x5611876443d0, L_0x5611876443d0, L_0x5611876443d0;
LS_0x561187644470_0_12 .concat [ 1 1 1 1], L_0x5611876443d0, L_0x5611876443d0, L_0x5611876443d0, L_0x5611876443d0;
L_0x561187644470 .concat [ 4 4 4 4], LS_0x561187644470_0_0, LS_0x561187644470_0_4, LS_0x561187644470_0_8, LS_0x561187644470_0_12;
L_0x561187644760 .concat [ 16 16 0 0], L_0x5611876441d0, L_0x561187644470;
L_0x561187644d10 .cmp/eq 2, v0x56118762a8d0_0, L_0x7f1f73be52e8;
L_0x561187644ec0 .cmp/eq 2, v0x56118762a8d0_0, L_0x7f1f73be5330;
L_0x561187644fb0 .cmp/eq 2, v0x56118762a8d0_0, L_0x7f1f73be5378;
L_0x561187645160 .functor MUXZ 32, v0x56118762c820_0, v0x56118762b680_0, L_0x561187644fb0, C4<>;
L_0x5611876452a0 .functor MUXZ 32, L_0x561187645160, L_0x561187648ef0, L_0x561187644ec0, C4<>;
L_0x5611876454c0 .functor MUXZ 32, L_0x5611876452a0, v0x56118762c820_0, L_0x561187644d10, C4<>;
L_0x5611876456f0 .functor MUXZ 32, v0x56118762cbf0_0, L_0x561187645c00, L_0x561187644e50, C4<>;
L_0x5611876458d0 .cmp/eq 2, v0x56118762a990_0, L_0x7f1f73be5408;
L_0x561187645a10 .cmp/eq 2, v0x56118762a990_0, L_0x7f1f73be5450;
L_0x561187645790 .functor MUXZ 32, v0x56118762c900_0, L_0x561187648ef0, L_0x561187645a10, C4<>;
L_0x561187645c00 .functor MUXZ 32, L_0x561187645790, v0x56118762b680_0, L_0x5611876458d0, C4<>;
L_0x5611876478d0 .functor MUXZ 5, v0x56118762c5b0_0, v0x56118762c780_0, L_0x561187646e80, C4<>;
L_0x561187647ed0 .part v0x56118762cbf0_0, 0, 6;
L_0x561187648af0 .concat [ 1 31 0 0], v0x56118762d230_0, L_0x7f1f73be59a8;
L_0x561187648be0 .cmp/eq 32, L_0x561187648af0, L_0x7f1f73be59f0;
L_0x561187648e00 .functor MUXZ 32, v0x56118762d0b0_0, v0x56118762d150_0, L_0x561187648be0, C4<>;
L_0x561187648ef0 .functor MUXZ 32, L_0x561187648e00, L_0x7f1f73be5960, L_0x561187648a30, C4<>;
S_0x56118755d4e0 .scope module, "HazardUnit" "ID_stall_detector" 3 124, 4 130 0, S_0x56118756ff90;
 .timescale -9 -12;
    .port_info 0 /INPUT 5 "IFID_RegRs";
    .port_info 1 /INPUT 5 "IFID_RegRt";
    .port_info 2 /INPUT 1 "IDEX_MemRead";
    .port_info 3 /INPUT 5 "IDEX_RegRt";
    .port_info 4 /OUTPUT 1 "IFID_Write";
    .port_info 5 /OUTPUT 1 "PC_Write";
    .port_info 6 /OUTPUT 1 "MUX_nop";
v0x5611875ea060_0 .net "IDEX_MemRead", 0 0, v0x56118762c200_0;  1 drivers
v0x5611875ea130_0 .net "IDEX_RegRt", 4 0, v0x56118762c780_0;  1 drivers
v0x5611875ec460_0 .net "IFID_RegRs", 4 0, L_0x561187643fb0;  alias, 1 drivers
v0x5611875ec530_0 .net "IFID_RegRt", 4 0, L_0x561187644050;  alias, 1 drivers
v0x5611875edd10_0 .var "IFID_Write", 0 0;
v0x5611875edde0_0 .var "MUX_nop", 0 0;
v0x5611875c3f10_0 .var "PC_Write", 0 0;
E_0x56118760c4f0 .event edge, v0x5611875ea060_0, v0x5611875ea130_0, v0x5611875ec460_0, v0x5611875ec530_0;
S_0x5611875e9450 .scope module, "control_alu" "control_alu" 3 174, 4 148 0, S_0x56118756ff90;
 .timescale -9 -12;
    .port_info 0 /OUTPUT 4 "ALUOp";
    .port_info 1 /INPUT 2 "ALUcntrl";
    .port_info 2 /INPUT 6 "func";
v0x561187623430_0 .var "ALUOp", 3 0;
v0x561187623530_0 .net "ALUcntrl", 1 0, v0x56118762c090_0;  1 drivers
v0x561187623610_0 .net "func", 5 0, L_0x561187647ed0;  1 drivers
E_0x561187601ea0 .event edge, v0x561187623610_0, v0x561187623530_0;
S_0x561187623750 .scope module, "control_main" "control_main" 3 121, 4 5 0, S_0x56118756ff90;
 .timescale -9 -12;
    .port_info 0 /OUTPUT 1 "RegDst";
    .port_info 1 /OUTPUT 1 "Branch";
    .port_info 2 /OUTPUT 1 "MemRead";
    .port_info 3 /OUTPUT 1 "MemWrite";
    .port_info 4 /OUTPUT 1 "MemToReg";
    .port_info 5 /OUTPUT 1 "ALUSrc";
    .port_info 6 /OUTPUT 1 "RegWrite";
    .port_info 7 /OUTPUT 2 "ALUcntrl";
    .port_info 8 /INPUT 6 "opcode";
v0x561187623a80_0 .var "ALUSrc", 0 0;
v0x561187623b40_0 .var "ALUcntrl", 1 0;
v0x561187623c20_0 .var "Branch", 0 0;
v0x561187623cc0_0 .var "MemRead", 0 0;
v0x561187623d80_0 .var "MemToReg", 0 0;
v0x561187623e90_0 .var "MemWrite", 0 0;
v0x561187623f50_0 .var "RegDst", 0 0;
v0x561187624010_0 .var "RegWrite", 0 0;
v0x5611876240d0_0 .net "opcode", 5 0, L_0x561187643d90;  alias, 1 drivers
E_0x56118760bbc0 .event edge, v0x5611876240d0_0;
S_0x5611876242d0 .scope module, "cpu_DMem" "Memory" 3 184, 5 34 0, S_0x56118756ff90;
 .timescale -9 -12;
    .port_info 0 /INPUT 1 "clock";
    .port_info 1 /INPUT 1 "reset";
    .port_info 2 /INPUT 1 "ren";
    .port_info 3 /INPUT 1 "wen";
    .port_info 4 /INPUT 32 "addr";
    .port_info 5 /INPUT 32 "din";
    .port_info 6 /OUTPUT 32 "dout";
L_0x7f1f73be57f8 .functor BUFT 1, C4<0>, C4<0>, C4<0>, C4<0>;
L_0x561187648090 .functor XNOR 1, v0x56118762b960_0, L_0x7f1f73be57f8, C4<0>, C4<0>;
L_0x7f1f73be5840 .functor BUFT 1, C4<1>, C4<0>, C4<0>, C4<0>;
L_0x5611876481a0 .functor XNOR 1, v0x56118762b7f0_0, L_0x7f1f73be5840, C4<0>, C4<0>;
L_0x5611876482b0 .functor AND 1, L_0x561187648090, L_0x5611876481a0, C4<1>, C4<1>;
v0x561187624690_0 .net/2u *"_ivl_0", 0 0, L_0x7f1f73be57f8;  1 drivers
v0x561187624790_0 .net *"_ivl_10", 31 0, L_0x5611876483c0;  1 drivers
v0x561187624870_0 .net *"_ivl_13", 9 0, L_0x561187648460;  1 drivers
v0x561187624930_0 .net *"_ivl_14", 13 0, L_0x561187648500;  1 drivers
L_0x7f1f73be5888 .functor BUFT 1, C4<0000>, C4<0>, C4<0>, C4<0>;
v0x561187624a10_0 .net *"_ivl_17", 3 0, L_0x7f1f73be5888;  1 drivers
L_0x7f1f73be58d0 .functor BUFT 1, C4<xxxxxxxxxxxxxxxxxxxxxxxxxxxxxxxx>, C4<0>, C4<0>, C4<0>;
v0x561187624b40_0 .net *"_ivl_18", 31 0, L_0x7f1f73be58d0;  1 drivers
v0x561187624c20_0 .net *"_ivl_2", 0 0, L_0x561187648090;  1 drivers
v0x561187624ce0_0 .net/2u *"_ivl_4", 0 0, L_0x7f1f73be5840;  1 drivers
v0x561187624dc0_0 .net *"_ivl_6", 0 0, L_0x5611876481a0;  1 drivers
v0x561187624f10_0 .net *"_ivl_9", 0 0, L_0x5611876482b0;  1 drivers
v0x561187624fd0_0 .net "addr", 31 0, v0x56118762b680_0;  1 drivers
v0x5611876250b0_0 .net "clock", 0 0, v0x561187632f30_0;  alias, 1 drivers
v0x561187625170 .array "data", 0 4095, 31 0;
v0x561187625230_0 .net "din", 31 0, v0x56118762ba30_0;  1 drivers
v0x561187625310_0 .net "dout", 31 0, L_0x561187648640;  alias, 1 drivers
v0x5611876253f0_0 .net "ren", 0 0, v0x56118762b7f0_0;  1 drivers
v0x5611876254b0_0 .net "reset", 0 0, v0x561187633170_0;  alias, 1 drivers
v0x561187625570_0 .net "wen", 0 0, v0x56118762b960_0;  1 drivers
E_0x561187624550 .event negedge, v0x5611876250b0_0;
E_0x5611876245d0 .event posedge, v0x561187625570_0, v0x5611876253f0_0;
E_0x561187624630 .event edge, v0x561187625570_0, v0x5611876253f0_0;
L_0x5611876483c0 .array/port v0x561187625170, L_0x561187648500;
L_0x561187648460 .part v0x56118762b680_0, 0, 10;
L_0x561187648500 .concat [ 10 4 0 0], L_0x561187648460, L_0x7f1f73be5888;
L_0x561187648640 .functor MUXZ 32, L_0x7f1f73be58d0, L_0x5611876483c0, L_0x5611876482b0, C4<>;
S_0x561187625750 .scope module, "cpu_IMem" "Memory" 3 68, 5 34 0, S_0x56118756ff90;
 .timescale -9 -12;
    .port_info 0 /INPUT 1 "clock";
    .port_info 1 /INPUT 1 "reset";
    .port_info 2 /INPUT 1 "ren";
    .port_info 3 /INPUT 1 "wen";
    .port_info 4 /INPUT 32 "addr";
    .port_info 5 /INPUT 32 "din";
    .port_info 6 /OUTPUT 32 "dout";
L_0x7f1f73be5180 .functor BUFT 1, C4<0>, C4<0>, C4<0>, C4<0>;
L_0x7f1f73be5018 .functor BUFT 1, C4<0>, C4<0>, C4<0>, C4<0>;
L_0x561187601070 .functor XNOR 1, L_0x7f1f73be5180, L_0x7f1f73be5018, C4<0>, C4<0>;
L_0x7f1f73be5138 .functor BUFT 1, C4<1>, C4<0>, C4<0>, C4<0>;
L_0x7f1f73be5060 .functor BUFT 1, C4<1>, C4<0>, C4<0>, C4<0>;
L_0x56118760cb20 .functor XNOR 1, L_0x7f1f73be5138, L_0x7f1f73be5060, C4<0>, C4<0>;
L_0x5611875e92b0 .functor AND 1, L_0x561187601070, L_0x56118760cb20, C4<1>, C4<1>;
v0x561187625ac0_0 .net/2u *"_ivl_0", 0 0, L_0x7f1f73be5018;  1 drivers
v0x561187625bc0_0 .net *"_ivl_10", 31 0, L_0x5611876334b0;  1 drivers
v0x561187625ca0_0 .net *"_ivl_13", 9 0, L_0x561187633550;  1 drivers
v0x561187625d60_0 .net *"_ivl_14", 13 0, L_0x561187633650;  1 drivers
L_0x7f1f73be50a8 .functor BUFT 1, C4<0000>, C4<0>, C4<0>, C4<0>;
v0x561187625e40_0 .net *"_ivl_17", 3 0, L_0x7f1f73be50a8;  1 drivers
L_0x7f1f73be50f0 .functor BUFT 1, C4<xxxxxxxxxxxxxxxxxxxxxxxxxxxxxxxx>, C4<0>, C4<0>, C4<0>;
v0x561187625f70_0 .net *"_ivl_18", 31 0, L_0x7f1f73be50f0;  1 drivers
v0x561187626050_0 .net *"_ivl_2", 0 0, L_0x561187601070;  1 drivers
v0x561187626110_0 .net/2u *"_ivl_4", 0 0, L_0x7f1f73be5060;  1 drivers
v0x5611876261f0_0 .net *"_ivl_6", 0 0, L_0x56118760cb20;  1 drivers
v0x5611876262b0_0 .net *"_ivl_9", 0 0, L_0x5611875e92b0;  1 drivers
v0x561187626370_0 .net "addr", 31 0, L_0x561187643c00;  1 drivers
v0x561187626450_0 .net "clock", 0 0, v0x561187632f30_0;  alias, 1 drivers
v0x5611876264f0 .array "data", 0 4095, 31 0;
L_0x7f1f73be5210 .functor BUFT 1, C4<00000000000000000000000000000000>, C4<0>, C4<0>, C4<0>;
v0x561187626590_0 .net "din", 31 0, L_0x7f1f73be5210;  1 drivers
v0x561187626670_0 .net "dout", 31 0, L_0x561187643820;  alias, 1 drivers
v0x561187626750_0 .net "ren", 0 0, L_0x7f1f73be5138;  1 drivers
v0x561187626810_0 .net "reset", 0 0, v0x561187633170_0;  alias, 1 drivers
v0x5611876268b0_0 .net "wen", 0 0, L_0x7f1f73be5180;  1 drivers
E_0x5611876259e0 .event posedge, v0x5611876268b0_0, v0x561187626750_0;
E_0x561187625a60 .event edge, v0x5611876268b0_0, v0x561187626750_0;
L_0x5611876334b0 .array/port v0x5611876264f0, L_0x561187633650;
L_0x561187633550 .part L_0x561187643c00, 0, 10;
L_0x561187633650 .concat [ 10 4 0 0], L_0x561187633550, L_0x7f1f73be50a8;
L_0x561187643820 .functor MUXZ 32, L_0x7f1f73be50f0, L_0x5611876334b0, L_0x5611875e92b0, C4<>;
S_0x561187626a70 .scope module, "cpu_alu" "ALU" 3 140, 5 11 0, S_0x56118756ff90;
 .timescale -9 -12;
    .port_info 0 /OUTPUT 32 "out";
    .port_info 1 /OUTPUT 1 "zero";
    .port_info 2 /INPUT 32 "inA";
    .port_info 3 /INPUT 32 "inB";
    .port_info 4 /INPUT 4 "op";
P_0x561187626c00 .param/l "N" 0 5 11, +C4<00000000000000000000000000100000>;
L_0x5611875edbf0 .functor AND 32, L_0x5611876454c0, L_0x5611876456f0, C4<11111111111111111111111111111111>, C4<11111111111111111111111111111111>;
L_0x5611875c3df0 .functor OR 32, L_0x5611876454c0, L_0x5611876456f0, C4<00000000000000000000000000000000>, C4<00000000000000000000000000000000>;
L_0x5611876461b0 .functor OR 32, L_0x5611876454c0, L_0x5611876456f0, C4<00000000000000000000000000000000>, C4<00000000000000000000000000000000>;
L_0x561187646c20 .functor NOT 32, L_0x5611876461b0, C4<00000000000000000000000000000000>, C4<00000000000000000000000000000000>, C4<00000000000000000000000000000000>;
L_0x7f1f73be5498 .functor BUFT 1, C4<0000>, C4<0>, C4<0>, C4<0>;
v0x561187626d20_0 .net/2u *"_ivl_0", 3 0, L_0x7f1f73be5498;  1 drivers
v0x561187626e20_0 .net *"_ivl_10", 31 0, L_0x5611875c3df0;  1 drivers
L_0x7f1f73be5528 .functor BUFT 1, C4<0010>, C4<0>, C4<0>, C4<0>;
v0x561187626f00_0 .net/2u *"_ivl_12", 3 0, L_0x7f1f73be5528;  1 drivers
v0x561187626fc0_0 .net *"_ivl_14", 0 0, L_0x561187646070;  1 drivers
v0x561187627080_0 .net *"_ivl_16", 31 0, L_0x561187646110;  1 drivers
L_0x7f1f73be5570 .functor BUFT 1, C4<0110>, C4<0>, C4<0>, C4<0>;
v0x5611876271b0_0 .net/2u *"_ivl_18", 3 0, L_0x7f1f73be5570;  1 drivers
v0x561187627290_0 .net *"_ivl_2", 0 0, L_0x561187645e50;  1 drivers
v0x561187627350_0 .net *"_ivl_20", 0 0, L_0x561187646220;  1 drivers
v0x561187627410_0 .net *"_ivl_22", 31 0, L_0x5611876462c0;  1 drivers
L_0x7f1f73be55b8 .functor BUFT 1, C4<0111>, C4<0>, C4<0>, C4<0>;
v0x5611876274f0_0 .net/2u *"_ivl_24", 3 0, L_0x7f1f73be55b8;  1 drivers
v0x5611876275d0_0 .net *"_ivl_26", 0 0, L_0x5611876463a0;  1 drivers
v0x561187627690_0 .net *"_ivl_28", 0 0, L_0x561187646490;  1 drivers
L_0x7f1f73be5600 .functor BUFT 1, C4<00000000000000000000000000000001>, C4<0>, C4<0>, C4<0>;
v0x561187627750_0 .net/2u *"_ivl_30", 31 0, L_0x7f1f73be5600;  1 drivers
L_0x7f1f73be5648 .functor BUFT 1, C4<00000000000000000000000000000000>, C4<0>, C4<0>, C4<0>;
v0x561187627830_0 .net/2u *"_ivl_32", 31 0, L_0x7f1f73be5648;  1 drivers
v0x561187627910_0 .net *"_ivl_34", 31 0, L_0x5611876465e0;  1 drivers
L_0x7f1f73be5690 .functor BUFT 1, C4<1100>, C4<0>, C4<0>, C4<0>;
v0x5611876279f0_0 .net/2u *"_ivl_36", 3 0, L_0x7f1f73be5690;  1 drivers
v0x561187627ad0_0 .net *"_ivl_38", 0 0, L_0x5611876467a0;  1 drivers
v0x561187627ca0_0 .net *"_ivl_4", 31 0, L_0x5611875edbf0;  1 drivers
v0x561187627d80_0 .net *"_ivl_40", 31 0, L_0x5611876461b0;  1 drivers
v0x561187627e60_0 .net *"_ivl_42", 31 0, L_0x561187646c20;  1 drivers
L_0x7f1f73be56d8 .functor BUFT 1, C4<0100>, C4<0>, C4<0>, C4<0>;
v0x561187627f40_0 .net/2u *"_ivl_44", 3 0, L_0x7f1f73be56d8;  1 drivers
v0x561187628020_0 .net *"_ivl_46", 0 0, L_0x561187646cc0;  1 drivers
v0x5611876280e0_0 .net *"_ivl_48", 31 0, L_0x561187646de0;  1 drivers
L_0x7f1f73be5720 .functor BUFT 1, C4<xxxxxxxxxxxxxxxxxxxxxxxxxxxxxxxx>, C4<0>, C4<0>, C4<0>;
v0x5611876281c0_0 .net *"_ivl_50", 31 0, L_0x7f1f73be5720;  1 drivers
v0x5611876282a0_0 .net *"_ivl_52", 31 0, L_0x561187646f20;  1 drivers
v0x561187628380_0 .net *"_ivl_54", 31 0, L_0x5611876470e0;  1 drivers
v0x561187628460_0 .net *"_ivl_56", 31 0, L_0x5611876472f0;  1 drivers
v0x561187628540_0 .net *"_ivl_58", 31 0, L_0x561187647480;  1 drivers
L_0x7f1f73be54e0 .functor BUFT 1, C4<0001>, C4<0>, C4<0>, C4<0>;
v0x561187628620_0 .net/2u *"_ivl_6", 3 0, L_0x7f1f73be54e0;  1 drivers
v0x561187628700_0 .net *"_ivl_60", 31 0, L_0x5611876476a0;  1 drivers
v0x5611876287e0_0 .net *"_ivl_62", 31 0, L_0x561187647830;  1 drivers
L_0x7f1f73be5768 .functor BUFT 1, C4<00000000000000000000000000000000>, C4<0>, C4<0>, C4<0>;
v0x5611876288c0_0 .net/2u *"_ivl_66", 31 0, L_0x7f1f73be5768;  1 drivers
v0x5611876289a0_0 .net *"_ivl_8", 0 0, L_0x561187645f40;  1 drivers
v0x561187628c70_0 .net "inA", 31 0, L_0x5611876454c0;  alias, 1 drivers
v0x561187628d50_0 .net "inB", 31 0, L_0x5611876456f0;  alias, 1 drivers
v0x561187628e30_0 .net "op", 3 0, v0x561187623430_0;  alias, 1 drivers
v0x561187628ef0_0 .net "out", 31 0, L_0x561187647a60;  alias, 1 drivers
v0x561187628fb0_0 .net "zero", 0 0, L_0x561187647c40;  alias, 1 drivers
L_0x561187645e50 .cmp/eq 4, v0x561187623430_0, L_0x7f1f73be5498;
L_0x561187645f40 .cmp/eq 4, v0x561187623430_0, L_0x7f1f73be54e0;
L_0x561187646070 .cmp/eq 4, v0x561187623430_0, L_0x7f1f73be5528;
L_0x561187646110 .arith/sum 32, L_0x5611876454c0, L_0x5611876456f0;
L_0x561187646220 .cmp/eq 4, v0x561187623430_0, L_0x7f1f73be5570;
L_0x5611876462c0 .arith/sub 32, L_0x5611876454c0, L_0x5611876456f0;
L_0x5611876463a0 .cmp/eq 4, v0x561187623430_0, L_0x7f1f73be55b8;
L_0x561187646490 .cmp/gt 32, L_0x5611876456f0, L_0x5611876454c0;
L_0x5611876465e0 .functor MUXZ 32, L_0x7f1f73be5648, L_0x7f1f73be5600, L_0x561187646490, C4<>;
L_0x5611876467a0 .cmp/eq 4, v0x561187623430_0, L_0x7f1f73be5690;
L_0x561187646cc0 .cmp/eq 4, v0x561187623430_0, L_0x7f1f73be56d8;
L_0x561187646de0 .shift/l 32, L_0x5611876454c0, L_0x5611876456f0;
L_0x561187646f20 .functor MUXZ 32, L_0x7f1f73be5720, L_0x561187646de0, L_0x561187646cc0, C4<>;
L_0x5611876470e0 .functor MUXZ 32, L_0x561187646f20, L_0x561187646c20, L_0x5611876467a0, C4<>;
L_0x5611876472f0 .functor MUXZ 32, L_0x5611876470e0, L_0x5611876465e0, L_0x5611876463a0, C4<>;
L_0x561187647480 .functor MUXZ 32, L_0x5611876472f0, L_0x5611876462c0, L_0x561187646220, C4<>;
L_0x5611876476a0 .functor MUXZ 32, L_0x561187647480, L_0x561187646110, L_0x561187646070, C4<>;
L_0x561187647830 .functor MUXZ 32, L_0x5611876476a0, L_0x5611875c3df0, L_0x561187645f40, C4<>;
L_0x561187647a60 .functor MUXZ 32, L_0x561187647830, L_0x5611875edbf0, L_0x561187645e50, C4<>;
L_0x561187647c40 .cmp/eq 32, L_0x561187647a60, L_0x7f1f73be5768;
S_0x561187629110 .scope module, "cpu_regs" "RegFile" 3 80, 5 67 0, S_0x56118756ff90;
 .timescale -9 -12;
    .port_info 0 /INPUT 1 "clock";
    .port_info 1 /INPUT 1 "reset";
    .port_info 2 /INPUT 5 "raA";
    .port_info 3 /INPUT 5 "raB";
    .port_info 4 /INPUT 5 "wa";
    .port_info 5 /INPUT 1 "wen";
    .port_info 6 /INPUT 32 "wd";
    .port_info 7 /OUTPUT 32 "rdA";
    .port_info 8 /OUTPUT 32 "rdB";
L_0x5611875e9f40 .functor BUFZ 32, L_0x561187644800, C4<00000000000000000000000000000000>, C4<00000000000000000000000000000000>, C4<00000000000000000000000000000000>;
L_0x5611875ec340 .functor BUFZ 32, L_0x561187644a20, C4<00000000000000000000000000000000>, C4<00000000000000000000000000000000>, C4<00000000000000000000000000000000>;
v0x561187629410_0 .net *"_ivl_0", 31 0, L_0x561187644800;  1 drivers
v0x561187629510_0 .net *"_ivl_10", 6 0, L_0x561187644ac0;  1 drivers
L_0x7f1f73be52a0 .functor BUFT 1, C4<00>, C4<0>, C4<0>, C4<0>;
v0x5611876295f0_0 .net *"_ivl_13", 1 0, L_0x7f1f73be52a0;  1 drivers
v0x5611876296b0_0 .net *"_ivl_2", 6 0, L_0x5611876448a0;  1 drivers
L_0x7f1f73be5258 .functor BUFT 1, C4<00>, C4<0>, C4<0>, C4<0>;
v0x561187629790_0 .net *"_ivl_5", 1 0, L_0x7f1f73be5258;  1 drivers
v0x5611876298c0_0 .net *"_ivl_8", 31 0, L_0x561187644a20;  1 drivers
v0x5611876299a0_0 .net "clock", 0 0, v0x561187632f30_0;  alias, 1 drivers
v0x561187629a90 .array "data", 0 31, 31 0;
v0x561187629b50_0 .var/i "i", 31 0;
v0x561187629c30_0 .net "raA", 4 0, L_0x561187643fb0;  alias, 1 drivers
v0x561187629cf0_0 .net "raB", 4 0, L_0x561187644050;  alias, 1 drivers
v0x561187629d90_0 .net "rdA", 31 0, L_0x5611875e9f40;  alias, 1 drivers
v0x561187629e50_0 .net "rdB", 31 0, L_0x5611875ec340;  alias, 1 drivers
v0x561187629f30_0 .net "reset", 0 0, v0x561187633170_0;  alias, 1 drivers
v0x561187629fd0_0 .net "wa", 4 0, v0x56118762d3e0_0;  1 drivers
v0x56118762a0b0_0 .net "wd", 31 0, L_0x561187648ef0;  alias, 1 drivers
v0x56118762a190_0 .net "wen", 0 0, v0x56118762d2f0_0;  1 drivers
E_0x561187624460 .event negedge, v0x5611876254b0_0, v0x5611876250b0_0;
L_0x561187644800 .array/port v0x561187629a90, L_0x5611876448a0;
L_0x5611876448a0 .concat [ 5 2 0 0], L_0x561187643fb0, L_0x7f1f73be5258;
L_0x561187644a20 .array/port v0x561187629a90, L_0x561187644ac0;
L_0x561187644ac0 .concat [ 5 2 0 0], L_0x561187644050, L_0x7f1f73be52a0;
S_0x56118762a3c0 .scope module, "forward_unit" "EX_bypass_detector" 3 175, 4 93 0, S_0x56118756ff90;
 .timescale -9 -12;
    .port_info 0 /OUTPUT 2 "ForwardA";
    .port_info 1 /OUTPUT 2 "ForwardB";
    .port_info 2 /INPUT 5 "IDEX_RegisterRs";
    .port_info 3 /INPUT 5 "IDEX_RegisterRt";
    .port_info 4 /INPUT 5 "EXMEM_RegisterRd";
    .port_info 5 /INPUT 5 "MEMWB_RegisterRd";
    .port_info 6 /INPUT 1 "EXMEM_RegWrite";
    .port_info 7 /INPUT 1 "MEMWB_RegWrite";
v0x56118762a710_0 .net "EXMEM_RegWrite", 0 0, v0x56118762bb00_0;  1 drivers
v0x56118762a7f0_0 .net "EXMEM_RegisterRd", 4 0, v0x56118762bbd0_0;  1 drivers
v0x56118762a8d0_0 .var "ForwardA", 1 0;
v0x56118762a990_0 .var "ForwardB", 1 0;
v0x56118762aa70_0 .net "IDEX_RegisterRs", 4 0, v0x56118762c690_0;  1 drivers
v0x56118762aba0_0 .net "IDEX_RegisterRt", 4 0, v0x56118762c780_0;  alias, 1 drivers
v0x56118762ac60_0 .net "MEMWB_RegWrite", 0 0, v0x56118762d2f0_0;  alias, 1 drivers
v0x56118762ad30_0 .net "MEMWB_RegisterRd", 4 0, v0x56118762d3e0_0;  alias, 1 drivers
E_0x56118762a670/0 .event edge, v0x56118762a710_0, v0x56118762a7f0_0, v0x56118762aa70_0, v0x5611875ea130_0;
E_0x56118762a670/1 .event edge, v0x56118762a190_0, v0x561187629fd0_0;
E_0x56118762a670 .event/or E_0x56118762a670/0, E_0x56118762a670/1;
S_0x5611876301b0 .scope module, "pipe0" "string_manipulation" 2 20, 2 121 0, S_0x561187600c00;
 .timescale -9 -12;
    .port_info 0 /INPUT 1 "clock";
    .port_info 1 /INPUT 32 "PC";
    .port_info 2 /INPUT 32 "instr0";
    .port_info 3 /INPUT 32 "instr1";
    .port_info 4 /OUTPUT 208 "stringvar";
v0x561187631d90_0 .net "PC", 31 0, v0x56118762d700_0;  1 drivers
v0x561187631e50_0 .var "PC_prv", 31 0;
v0x561187631f10_0 .net *"_ivl_0", 0 0, L_0x561187649120;  1 drivers
L_0x7f1f73be5a80 .functor BUFT 1, C4<00000000>, C4<0>, C4<0>, C4<0>;
v0x561187631fe0_0 .net *"_ivl_11", 7 0, L_0x7f1f73be5a80;  1 drivers
L_0x7f1f73be5a38 .functor BUFT 1, C4<0000000000101101001011010010110100101101>, C4<0>, C4<0>, C4<0>;
v0x5611876320c0_0 .net/2u *"_ivl_2", 39 0, L_0x7f1f73be5a38;  1 drivers
v0x5611876321f0_0 .net *"_ivl_4", 39 0, L_0x561187649200;  1 drivers
v0x5611876322d0_0 .net *"_ivl_6", 199 0, L_0x561187649390;  1 drivers
v0x5611876323b0_0 .net "clock", 0 0, v0x561187632f30_0;  alias, 1 drivers
v0x561187632450_0 .net "instr0", 31 0, L_0x561187643820;  alias, 1 drivers
v0x5611876325a0_0 .net "instr1", 31 0, v0x56118762ce50_0;  1 drivers
v0x561187632660_0 .var "instr2", 31 0;
v0x561187632720_0 .var "instr3", 31 0;
v0x5611876327c0_0 .var "instr4", 31 0;
v0x561187632890_0 .net "stringvar", 208 1, L_0x5611876495c0;  alias, 1 drivers
v0x561187632950_0 .net "stringvar0", 39 0, v0x5611876308b0_0;  1 drivers
v0x561187632a40_0 .net "stringvar1", 39 0, v0x561187630d70_0;  1 drivers
v0x561187632b10_0 .net "stringvar2", 39 0, v0x561187631240_0;  1 drivers
v0x561187632be0_0 .net "stringvar3", 39 0, v0x561187631720_0;  1 drivers
v0x561187632cb0_0 .net "stringvar4", 39 0, v0x561187631c50_0;  1 drivers
E_0x561187630440 .event posedge, v0x5611876250b0_0;
L_0x561187649120 .cmp/eq 32, v0x561187631e50_0, v0x56118762d700_0;
L_0x561187649200 .functor MUXZ 40, v0x561187631240_0, L_0x7f1f73be5a38, L_0x561187649120, C4<>;
LS_0x561187649390_0_0 .concat [ 40 40 40 40], v0x561187631c50_0, v0x561187631720_0, L_0x561187649200, v0x561187630d70_0;
LS_0x561187649390_0_4 .concat [ 40 0 0 0], v0x5611876308b0_0;
L_0x561187649390 .concat [ 160 40 0 0], LS_0x561187649390_0_0, LS_0x561187649390_0_4;
L_0x5611876495c0 .concat [ 200 8 0 0], L_0x561187649390, L_0x7f1f73be5a80;
S_0x5611876304a0 .scope module, "instr2str_0" "instr2str" 2 130, 2 139 0, S_0x5611876301b0;
 .timescale -9 -12;
    .port_info 0 /INPUT 32 "instr";
    .port_info 1 /OUTPUT 40 "stringvar";
v0x561187630780_0 .net "instr", 31 0, L_0x561187643820;  alias, 1 drivers
v0x5611876308b0_0 .var "stringvar", 39 0;
E_0x561187630700 .event edge, v0x561187626670_0;
S_0x5611876309f0 .scope module, "instr2str_1" "instr2str" 2 131, 2 139 0, S_0x5611876301b0;
 .timescale -9 -12;
    .port_info 0 /INPUT 32 "instr";
    .port_info 1 /OUTPUT 40 "stringvar";
v0x561187630c90_0 .net "instr", 31 0, v0x56118762ce50_0;  alias, 1 drivers
v0x561187630d70_0 .var "stringvar", 39 0;
E_0x561187630c10 .event edge, v0x56118762ce50_0;
S_0x561187630e90 .scope module, "instr2str_2" "instr2str" 2 132, 2 139 0, S_0x5611876301b0;
 .timescale -9 -12;
    .port_info 0 /INPUT 32 "instr";
    .port_info 1 /OUTPUT 40 "stringvar";
v0x561187631140_0 .net "instr", 31 0, v0x561187632660_0;  1 drivers
v0x561187631240_0 .var "stringvar", 39 0;
E_0x5611876310e0 .event edge, v0x561187631140_0;
S_0x561187631380 .scope module, "instr2str_3" "instr2str" 2 133, 2 139 0, S_0x5611876301b0;
 .timescale -9 -12;
    .port_info 0 /INPUT 32 "instr";
    .port_info 1 /OUTPUT 40 "stringvar";
v0x561187631620_0 .net "instr", 31 0, v0x561187632720_0;  1 drivers
v0x561187631720_0 .var "stringvar", 39 0;
E_0x5611876315a0 .event edge, v0x561187631620_0;
S_0x561187631860 .scope module, "instr2str_4" "instr2str" 2 134, 2 139 0, S_0x5611876301b0;
 .timescale -9 -12;
    .port_info 0 /INPUT 32 "instr";
    .port_info 1 /OUTPUT 40 "stringvar";
v0x561187631b50_0 .net "instr", 31 0, v0x5611876327c0_0;  1 drivers
v0x561187631c50_0 .var "stringvar", 39 0;
E_0x561187631ad0 .event edge, v0x561187631b50_0;
    .scope S_0x561187625750;
T_0 ;
    %wait E_0x561187625a60;
    %load/vec4 v0x561187626750_0;
    %load/vec4 v0x5611876268b0_0;
    %and;
    %flag_set/vec4 8;
    %jmp/0xz  T_0.0, 8;
    %vpi_call 5 45 "$display", "\012Memory ERROR (time %0d): ren and wen both active!\012", $time {0 0 0};
T_0.0 ;
    %jmp T_0;
    .thread T_0, $push;
    .scope S_0x561187625750;
T_1 ;
    %wait E_0x5611876259e0;
    %load/vec4 v0x561187626370_0;
    %parti/s 22, 10, 5;
    %pad/u 32;
    %cmpi/ne 0, 0, 32;
    %jmp/0xz  T_1.0, 4;
    %vpi_call 5 49 "$display", "Memory WARNING (time %0d): address msbs are not zero\012", $time {0 0 0};
T_1.0 ;
    %jmp T_1;
    .thread T_1;
    .scope S_0x561187625750;
T_2 ;
    %wait E_0x561187624550;
    %load/vec4 v0x561187626810_0;
    %pushi/vec4 1, 0, 1;
    %cmp/e;
    %flag_get/vec4 4;
    %load/vec4 v0x5611876268b0_0;
    %pushi/vec4 1, 0, 1;
    %cmp/e;
    %flag_get/vec4 4;
    %and;
    %load/vec4 v0x561187626750_0;
    %pushi/vec4 0, 0, 1;
    %cmp/e;
    %flag_get/vec4 4;
    %and;
    %flag_set/vec4 8;
    %jmp/0xz  T_2.0, 8;
    %load/vec4 v0x561187626590_0;
    %load/vec4 v0x561187626370_0;
    %parti/s 10, 0, 2;
    %pad/u 14;
    %ix/vec4 4;
    %store/vec4a v0x5611876264f0, 4, 0;
T_2.0 ;
    %jmp T_2;
    .thread T_2;
    .scope S_0x561187629110;
T_3 ;
    %wait E_0x561187624460;
    %load/vec4 v0x561187629f30_0;
    %cmpi/e 0, 0, 1;
    %jmp/0xz  T_3.0, 4;
    %pushi/vec4 0, 0, 32;
    %store/vec4 v0x561187629b50_0, 0, 32;
T_3.2 ;
    %load/vec4 v0x561187629b50_0;
    %cmpi/s 32, 0, 32;
    %jmp/0xz T_3.3, 5;
    %load/vec4 v0x561187629b50_0;
    %ix/getv/s 4, v0x561187629b50_0;
    %store/vec4a v0x561187629a90, 4, 0;
    %load/vec4 v0x561187629b50_0;
    %addi 1, 0, 32;
    %store/vec4 v0x561187629b50_0, 0, 32;
    %jmp T_3.2;
T_3.3 ;
    %jmp T_3.1;
T_3.0 ;
    %load/vec4 v0x56118762a190_0;
    %pushi/vec4 1, 0, 1;
    %cmp/e;
    %flag_get/vec4 4;
    %load/vec4 v0x561187629fd0_0;
    %pushi/vec4 0, 0, 5;
    %cmp/ne;
    %flag_get/vec4 4;
    %and;
    %flag_set/vec4 8;
    %jmp/0xz  T_3.4, 8;
    %load/vec4 v0x56118762a0b0_0;
    %load/vec4 v0x561187629fd0_0;
    %pad/u 7;
    %ix/vec4 3;
    %ix/load 4, 0, 0; Constant delay
    %assign/vec4/a/d v0x561187629a90, 0, 4;
T_3.4 ;
T_3.1 ;
    %jmp T_3;
    .thread T_3;
    .scope S_0x561187623750;
T_4 ;
    %wait E_0x56118760bbc0;
    %load/vec4 v0x5611876240d0_0;
    %dup/vec4;
    %pushi/vec4 0, 0, 6;
    %cmp/u;
    %jmp/1 T_4.0, 6;
    %dup/vec4;
    %pushi/vec4 35, 0, 6;
    %cmp/u;
    %jmp/1 T_4.1, 6;
    %dup/vec4;
    %pushi/vec4 43, 0, 6;
    %cmp/u;
    %jmp/1 T_4.2, 6;
    %dup/vec4;
    %pushi/vec4 4, 0, 6;
    %cmp/u;
    %jmp/1 T_4.3, 6;
    %dup/vec4;
    %pushi/vec4 8, 0, 6;
    %cmp/u;
    %jmp/1 T_4.4, 6;
    %pushi/vec4 0, 0, 1;
    %store/vec4 v0x561187623f50_0, 0, 1;
    %pushi/vec4 0, 0, 1;
    %store/vec4 v0x561187623cc0_0, 0, 1;
    %pushi/vec4 0, 0, 1;
    %store/vec4 v0x561187623e90_0, 0, 1;
    %pushi/vec4 0, 0, 1;
    %store/vec4 v0x561187623a80_0, 0, 1;
    %pushi/vec4 0, 0, 1;
    %store/vec4 v0x561187623d80_0, 0, 1;
    %pushi/vec4 0, 0, 1;
    %store/vec4 v0x561187624010_0, 0, 1;
    %pushi/vec4 0, 0, 1;
    %store/vec4 v0x561187623c20_0, 0, 1;
    %pushi/vec4 0, 0, 2;
    %store/vec4 v0x561187623b40_0, 0, 2;
    %jmp T_4.6;
T_4.0 ;
    %pushi/vec4 1, 0, 1;
    %store/vec4 v0x561187623f50_0, 0, 1;
    %pushi/vec4 0, 0, 1;
    %store/vec4 v0x561187623cc0_0, 0, 1;
    %pushi/vec4 0, 0, 1;
    %store/vec4 v0x561187623a80_0, 0, 1;
    %pushi/vec4 0, 0, 1;
    %store/vec4 v0x561187623e90_0, 0, 1;
    %pushi/vec4 0, 0, 1;
    %store/vec4 v0x561187623d80_0, 0, 1;
    %pushi/vec4 1, 0, 1;
    %store/vec4 v0x561187624010_0, 0, 1;
    %pushi/vec4 0, 0, 1;
    %store/vec4 v0x561187623c20_0, 0, 1;
    %pushi/vec4 2, 0, 2;
    %store/vec4 v0x561187623b40_0, 0, 2;
    %jmp T_4.6;
T_4.1 ;
    %pushi/vec4 0, 0, 1;
    %store/vec4 v0x561187623f50_0, 0, 1;
    %pushi/vec4 1, 0, 1;
    %store/vec4 v0x561187623cc0_0, 0, 1;
    %pushi/vec4 0, 0, 1;
    %store/vec4 v0x561187623e90_0, 0, 1;
    %pushi/vec4 1, 0, 1;
    %store/vec4 v0x561187623a80_0, 0, 1;
    %pushi/vec4 1, 0, 1;
    %store/vec4 v0x561187623d80_0, 0, 1;
    %pushi/vec4 1, 0, 1;
    %store/vec4 v0x561187624010_0, 0, 1;
    %pushi/vec4 0, 0, 1;
    %store/vec4 v0x561187623c20_0, 0, 1;
    %pushi/vec4 0, 0, 2;
    %store/vec4 v0x561187623b40_0, 0, 2;
    %jmp T_4.6;
T_4.2 ;
    %pushi/vec4 0, 0, 1;
    %store/vec4 v0x561187623f50_0, 0, 1;
    %pushi/vec4 1, 0, 1;
    %store/vec4 v0x561187623a80_0, 0, 1;
    %pushi/vec4 0, 0, 1;
    %store/vec4 v0x561187623d80_0, 0, 1;
    %pushi/vec4 0, 0, 1;
    %store/vec4 v0x561187624010_0, 0, 1;
    %pushi/vec4 0, 0, 1;
    %store/vec4 v0x561187623cc0_0, 0, 1;
    %pushi/vec4 1, 0, 1;
    %store/vec4 v0x561187623e90_0, 0, 1;
    %pushi/vec4 0, 0, 1;
    %store/vec4 v0x561187623c20_0, 0, 1;
    %pushi/vec4 0, 0, 2;
    %store/vec4 v0x561187623b40_0, 0, 2;
    %jmp T_4.6;
T_4.3 ;
    %pushi/vec4 0, 0, 1;
    %store/vec4 v0x561187623f50_0, 0, 1;
    %pushi/vec4 0, 0, 1;
    %store/vec4 v0x561187623cc0_0, 0, 1;
    %pushi/vec4 0, 0, 1;
    %store/vec4 v0x561187623e90_0, 0, 1;
    %pushi/vec4 0, 0, 1;
    %store/vec4 v0x561187623a80_0, 0, 1;
    %pushi/vec4 0, 0, 1;
    %store/vec4 v0x561187623d80_0, 0, 1;
    %pushi/vec4 0, 0, 1;
    %store/vec4 v0x561187624010_0, 0, 1;
    %pushi/vec4 1, 0, 1;
    %store/vec4 v0x561187623c20_0, 0, 1;
    %pushi/vec4 1, 0, 2;
    %store/vec4 v0x561187623b40_0, 0, 2;
    %jmp T_4.6;
T_4.4 ;
    %pushi/vec4 0, 0, 1;
    %store/vec4 v0x561187623f50_0, 0, 1;
    %pushi/vec4 0, 0, 1;
    %store/vec4 v0x561187623cc0_0, 0, 1;
    %pushi/vec4 0, 0, 1;
    %store/vec4 v0x561187623e90_0, 0, 1;
    %pushi/vec4 1, 0, 1;
    %store/vec4 v0x561187623a80_0, 0, 1;
    %pushi/vec4 0, 0, 1;
    %store/vec4 v0x561187623d80_0, 0, 1;
    %pushi/vec4 1, 0, 1;
    %store/vec4 v0x561187624010_0, 0, 1;
    %pushi/vec4 0, 0, 1;
    %store/vec4 v0x561187623c20_0, 0, 1;
    %pushi/vec4 2, 0, 2;
    %store/vec4 v0x561187623b40_0, 0, 2;
    %jmp T_4.6;
T_4.6 ;
    %pop/vec4 1;
    %jmp T_4;
    .thread T_4, $push;
    .scope S_0x56118755d4e0;
T_5 ;
    %wait E_0x56118760c4f0;
    %load/vec4 v0x5611875ea060_0;
    %pad/u 32;
    %pushi/vec4 1, 0, 32;
    %cmp/e;
    %flag_get/vec4 4;
    %load/vec4 v0x5611875ea130_0;
    %load/vec4 v0x5611875ec460_0;
    %cmp/e;
    %flag_get/vec4 4;
    %load/vec4 v0x5611875ea130_0;
    %load/vec4 v0x5611875ec530_0;
    %cmp/e;
    %flag_get/vec4 4;
    %or;
    %and;
    %flag_set/vec4 8;
    %jmp/0xz  T_5.0, 8;
    %pushi/vec4 0, 0, 1;
    %store/vec4 v0x5611875c3f10_0, 0, 1;
    %pushi/vec4 0, 0, 1;
    %store/vec4 v0x5611875edd10_0, 0, 1;
    %pushi/vec4 1, 0, 1;
    %store/vec4 v0x5611875edde0_0, 0, 1;
    %jmp T_5.1;
T_5.0 ;
    %pushi/vec4 1, 0, 1;
    %store/vec4 v0x5611875c3f10_0, 0, 1;
    %pushi/vec4 1, 0, 1;
    %store/vec4 v0x5611875edd10_0, 0, 1;
    %pushi/vec4 0, 0, 1;
    %store/vec4 v0x5611875edde0_0, 0, 1;
T_5.1 ;
    %jmp T_5;
    .thread T_5, $push;
    .scope S_0x5611875e9450;
T_6 ;
    %wait E_0x561187601ea0;
    %load/vec4 v0x561187623530_0;
    %dup/vec4;
    %pushi/vec4 2, 0, 2;
    %cmp/u;
    %jmp/1 T_6.0, 6;
    %dup/vec4;
    %pushi/vec4 0, 0, 2;
    %cmp/u;
    %jmp/1 T_6.1, 6;
    %dup/vec4;
    %pushi/vec4 1, 0, 2;
    %cmp/u;
    %jmp/1 T_6.2, 6;
    %pushi/vec4 0, 0, 4;
    %store/vec4 v0x561187623430_0, 0, 4;
    %jmp T_6.4;
T_6.0 ;
    %load/vec4 v0x561187623610_0;
    %dup/vec4;
    %pushi/vec4 32, 0, 6;
    %cmp/u;
    %jmp/1 T_6.5, 6;
    %dup/vec4;
    %pushi/vec4 34, 0, 6;
    %cmp/u;
    %jmp/1 T_6.6, 6;
    %dup/vec4;
    %pushi/vec4 36, 0, 6;
    %cmp/u;
    %jmp/1 T_6.7, 6;
    %dup/vec4;
    %pushi/vec4 37, 0, 6;
    %cmp/u;
    %jmp/1 T_6.8, 6;
    %dup/vec4;
    %pushi/vec4 39, 0, 6;
    %cmp/u;
    %jmp/1 T_6.9, 6;
    %dup/vec4;
    %pushi/vec4 42, 0, 6;
    %cmp/u;
    %jmp/1 T_6.10, 6;
    %dup/vec4;
    %pushi/vec4 0, 0, 6;
    %cmp/u;
    %jmp/1 T_6.11, 6;
    %pushi/vec4 0, 0, 4;
    %store/vec4 v0x561187623430_0, 0, 4;
    %jmp T_6.13;
T_6.5 ;
    %pushi/vec4 2, 0, 4;
    %store/vec4 v0x561187623430_0, 0, 4;
    %jmp T_6.13;
T_6.6 ;
    %pushi/vec4 6, 0, 4;
    %store/vec4 v0x561187623430_0, 0, 4;
    %jmp T_6.13;
T_6.7 ;
    %pushi/vec4 0, 0, 4;
    %store/vec4 v0x561187623430_0, 0, 4;
    %jmp T_6.13;
T_6.8 ;
    %pushi/vec4 1, 0, 4;
    %store/vec4 v0x561187623430_0, 0, 4;
    %jmp T_6.13;
T_6.9 ;
    %pushi/vec4 12, 0, 4;
    %store/vec4 v0x561187623430_0, 0, 4;
    %jmp T_6.13;
T_6.10 ;
    %pushi/vec4 7, 0, 4;
    %store/vec4 v0x561187623430_0, 0, 4;
    %jmp T_6.13;
T_6.11 ;
    %pushi/vec4 4, 0, 4;
    %store/vec4 v0x561187623430_0, 0, 4;
    %jmp T_6.13;
T_6.13 ;
    %pop/vec4 1;
    %jmp T_6.4;
T_6.1 ;
    %pushi/vec4 2, 0, 4;
    %store/vec4 v0x561187623430_0, 0, 4;
    %jmp T_6.4;
T_6.2 ;
    %pushi/vec4 6, 0, 4;
    %store/vec4 v0x561187623430_0, 0, 4;
    %jmp T_6.4;
T_6.4 ;
    %pop/vec4 1;
    %jmp T_6;
    .thread T_6, $push;
    .scope S_0x56118762a3c0;
T_7 ;
    %wait E_0x56118762a670;
    %pushi/vec4 0, 0, 2;
    %assign/vec4 v0x56118762a8d0_0, 0;
    %pushi/vec4 0, 0, 2;
    %assign/vec4 v0x56118762a990_0, 0;
    %load/vec4 v0x56118762a710_0;
    %pad/u 32;
    %pushi/vec4 1, 0, 32;
    %cmp/e;
    %flag_get/vec4 4;
    %load/vec4 v0x56118762a7f0_0;
    %pad/u 32;
    %pushi/vec4 0, 0, 32;
    %cmp/ne;
    %flag_get/vec4 4;
    %and;
    %flag_set/vec4 8;
    %jmp/0xz  T_7.0, 8;
    %load/vec4 v0x56118762a7f0_0;
    %load/vec4 v0x56118762aa70_0;
    %cmp/e;
    %jmp/0xz  T_7.2, 4;
    %pushi/vec4 2, 0, 2;
    %assign/vec4 v0x56118762a8d0_0, 0;
T_7.2 ;
    %load/vec4 v0x56118762a7f0_0;
    %load/vec4 v0x56118762aba0_0;
    %cmp/e;
    %jmp/0xz  T_7.4, 4;
    %pushi/vec4 1, 0, 2;
    %assign/vec4 v0x56118762a990_0, 0;
T_7.4 ;
T_7.0 ;
    %load/vec4 v0x56118762ac60_0;
    %pad/u 32;
    %pushi/vec4 1, 0, 32;
    %cmp/e;
    %flag_get/vec4 4;
    %load/vec4 v0x56118762ad30_0;
    %pad/u 32;
    %pushi/vec4 0, 0, 32;
    %cmp/ne;
    %flag_get/vec4 4;
    %and;
    %flag_set/vec4 8;
    %jmp/0xz  T_7.6, 8;
    %load/vec4 v0x56118762ad30_0;
    %load/vec4 v0x56118762aa70_0;
    %cmp/e;
    %flag_get/vec4 4;
    %load/vec4 v0x56118762a7f0_0;
    %load/vec4 v0x56118762aa70_0;
    %cmp/ne;
    %flag_get/vec4 4;
    %load/vec4 v0x56118762a710_0;
    %pad/u 32;
    %pushi/vec4 0, 0, 32;
    %cmp/e;
    %flag_get/vec4 4;
    %or;
    %and;
    %flag_set/vec4 8;
    %jmp/0xz  T_7.8, 8;
    %pushi/vec4 1, 0, 2;
    %assign/vec4 v0x56118762a8d0_0, 0;
T_7.8 ;
    %load/vec4 v0x56118762ad30_0;
    %load/vec4 v0x56118762aba0_0;
    %cmp/e;
    %flag_get/vec4 4;
    %load/vec4 v0x56118762a7f0_0;
    %load/vec4 v0x56118762aba0_0;
    %cmp/ne;
    %flag_get/vec4 4;
    %load/vec4 v0x56118762a710_0;
    %pad/u 32;
    %pushi/vec4 0, 0, 32;
    %cmp/e;
    %flag_get/vec4 4;
    %or;
    %and;
    %flag_set/vec4 8;
    %jmp/0xz  T_7.10, 8;
    %pushi/vec4 2, 0, 2;
    %assign/vec4 v0x56118762a990_0, 0;
T_7.10 ;
T_7.6 ;
    %jmp T_7;
    .thread T_7, $push;
    .scope S_0x5611876242d0;
T_8 ;
    %wait E_0x561187624630;
    %load/vec4 v0x5611876253f0_0;
    %load/vec4 v0x561187625570_0;
    %and;
    %flag_set/vec4 8;
    %jmp/0xz  T_8.0, 8;
    %vpi_call 5 45 "$display", "\012Memory ERROR (time %0d): ren and wen both active!\012", $time {0 0 0};
T_8.0 ;
    %jmp T_8;
    .thread T_8, $push;
    .scope S_0x5611876242d0;
T_9 ;
    %wait E_0x5611876245d0;
    %load/vec4 v0x561187624fd0_0;
    %parti/s 22, 10, 5;
    %pad/u 32;
    %cmpi/ne 0, 0, 32;
    %jmp/0xz  T_9.0, 4;
    %vpi_call 5 49 "$display", "Memory WARNING (time %0d): address msbs are not zero\012", $time {0 0 0};
T_9.0 ;
    %jmp T_9;
    .thread T_9;
    .scope S_0x5611876242d0;
T_10 ;
    %wait E_0x561187624550;
    %load/vec4 v0x5611876254b0_0;
    %pushi/vec4 1, 0, 1;
    %cmp/e;
    %flag_get/vec4 4;
    %load/vec4 v0x561187625570_0;
    %pushi/vec4 1, 0, 1;
    %cmp/e;
    %flag_get/vec4 4;
    %and;
    %load/vec4 v0x5611876253f0_0;
    %pushi/vec4 0, 0, 1;
    %cmp/e;
    %flag_get/vec4 4;
    %and;
    %flag_set/vec4 8;
    %jmp/0xz  T_10.0, 8;
    %load/vec4 v0x561187625230_0;
    %load/vec4 v0x561187624fd0_0;
    %parti/s 10, 0, 2;
    %pad/u 14;
    %ix/vec4 4;
    %store/vec4a v0x561187625170, 4, 0;
T_10.0 ;
    %jmp T_10;
    .thread T_10;
    .scope S_0x56118756ff90;
T_11 ;
    %wait E_0x561187552c10;
    %load/vec4 v0x56118762ff20_0;
    %cmpi/e 0, 0, 1;
    %jmp/0xz  T_11.0, 4;
    %pushi/vec4 4294967295, 0, 32;
    %assign/vec4 v0x56118762d700_0, 0;
    %jmp T_11.1;
T_11.0 ;
    %load/vec4 v0x56118762d700_0;
    %cmpi/e 4294967295, 0, 32;
    %jmp/0xz  T_11.2, 4;
    %pushi/vec4 0, 0, 32;
    %assign/vec4 v0x56118762d700_0, 0;
    %jmp T_11.3;
T_11.2 ;
    %load/vec4 v0x56118762cdb0_0;
    %flag_set/vec4 8;
    %jmp/0xz  T_11.4, 8;
    %load/vec4 v0x56118762d700_0;
    %addi 4, 0, 32;
    %assign/vec4 v0x56118762d700_0, 0;
T_11.4 ;
T_11.3 ;
T_11.1 ;
    %jmp T_11;
    .thread T_11;
    .scope S_0x56118756ff90;
T_12 ;
    %wait E_0x561187552c10;
    %load/vec4 v0x56118762ff20_0;
    %cmpi/e 0, 0, 1;
    %jmp/0xz  T_12.0, 4;
    %pushi/vec4 0, 0, 32;
    %assign/vec4 v0x56118762ccd0_0, 0;
    %pushi/vec4 0, 0, 32;
    %assign/vec4 v0x56118762ce50_0, 0;
    %jmp T_12.1;
T_12.0 ;
    %load/vec4 v0x56118762cfe0_0;
    %flag_set/vec4 8;
    %jmp/0xz  T_12.2, 8;
    %load/vec4 v0x56118762d700_0;
    %addi 4, 0, 32;
    %assign/vec4 v0x56118762ccd0_0, 0;
    %load/vec4 v0x56118762f920_0;
    %assign/vec4 v0x56118762ce50_0, 0;
T_12.2 ;
T_12.1 ;
    %jmp T_12;
    .thread T_12;
    .scope S_0x56118756ff90;
T_13 ;
    %wait E_0x561187552c10;
    %load/vec4 v0x56118762ff20_0;
    %cmpi/e 0, 0, 1;
    %flag_mov 8, 4;
    %load/vec4 v0x56118762cf10_0;
    %flag_set/vec4 9;
    %flag_or 9, 8;
    %jmp/0xz  T_13.0, 9;
    %pushi/vec4 0, 0, 32;
    %assign/vec4 v0x56118762c820_0, 0;
    %pushi/vec4 0, 0, 32;
    %assign/vec4 v0x56118762c900_0, 0;
    %pushi/vec4 0, 0, 32;
    %assign/vec4 v0x56118762cbf0_0, 0;
    %pushi/vec4 0, 0, 5;
    %assign/vec4 v0x56118762c5b0_0, 0;
    %pushi/vec4 0, 0, 5;
    %assign/vec4 v0x56118762c690_0, 0;
    %pushi/vec4 0, 0, 5;
    %assign/vec4 v0x56118762c780_0, 0;
    %pushi/vec4 0, 0, 1;
    %assign/vec4 v0x56118762c430_0, 0;
    %pushi/vec4 0, 0, 2;
    %assign/vec4 v0x56118762c090_0, 0;
    %pushi/vec4 0, 0, 1;
    %assign/vec4 v0x56118762bff0_0, 0;
    %pushi/vec4 0, 0, 1;
    %assign/vec4 v0x56118762c160_0, 0;
    %pushi/vec4 0, 0, 1;
    %assign/vec4 v0x56118762c200_0, 0;
    %pushi/vec4 0, 0, 1;
    %assign/vec4 v0x56118762c370_0, 0;
    %pushi/vec4 0, 0, 1;
    %assign/vec4 v0x56118762c2d0_0, 0;
    %pushi/vec4 0, 0, 1;
    %assign/vec4 v0x56118762c4f0_0, 0;
    %jmp T_13.1;
T_13.0 ;
    %load/vec4 v0x56118762fdb0_0;
    %assign/vec4 v0x56118762c820_0, 0;
    %load/vec4 v0x56118762fe50_0;
    %assign/vec4 v0x56118762c900_0, 0;
    %load/vec4 v0x56118762ffc0_0;
    %assign/vec4 v0x56118762cbf0_0, 0;
    %load/vec4 v0x56118762fa10_0;
    %assign/vec4 v0x56118762c5b0_0, 0;
    %load/vec4 v0x56118762fad0_0;
    %assign/vec4 v0x56118762c690_0, 0;
    %load/vec4 v0x56118762fbe0_0;
    %assign/vec4 v0x56118762c780_0, 0;
    %load/vec4 v0x56118762d7a0_0;
    %assign/vec4 v0x56118762c430_0, 0;
    %load/vec4 v0x56118762b3f0_0;
    %assign/vec4 v0x56118762c090_0, 0;
    %load/vec4 v0x56118762b260_0;
    %assign/vec4 v0x56118762bff0_0, 0;
    %load/vec4 v0x56118762b4e0_0;
    %assign/vec4 v0x56118762c160_0, 0;
    %load/vec4 v0x56118762d4f0_0;
    %assign/vec4 v0x56118762c200_0, 0;
    %load/vec4 v0x56118762d630_0;
    %assign/vec4 v0x56118762c370_0, 0;
    %load/vec4 v0x56118762d590_0;
    %assign/vec4 v0x56118762c2d0_0, 0;
    %load/vec4 v0x56118762d870_0;
    %assign/vec4 v0x56118762c4f0_0, 0;
T_13.1 ;
    %jmp T_13;
    .thread T_13;
    .scope S_0x56118756ff90;
T_14 ;
    %wait E_0x561187552c10;
    %load/vec4 v0x56118762ff20_0;
    %cmpi/e 0, 0, 1;
    %jmp/0xz  T_14.0, 4;
    %pushi/vec4 0, 0, 32;
    %assign/vec4 v0x56118762b680_0, 0;
    %pushi/vec4 0, 0, 5;
    %assign/vec4 v0x56118762bbd0_0, 0;
    %pushi/vec4 0, 0, 32;
    %assign/vec4 v0x56118762ba30_0, 0;
    %pushi/vec4 0, 0, 1;
    %assign/vec4 v0x56118762bdb0_0, 0;
    %pushi/vec4 0, 0, 1;
    %assign/vec4 v0x56118762b750_0, 0;
    %pushi/vec4 0, 0, 1;
    %assign/vec4 v0x56118762b7f0_0, 0;
    %pushi/vec4 0, 0, 1;
    %assign/vec4 v0x56118762b960_0, 0;
    %pushi/vec4 0, 0, 1;
    %assign/vec4 v0x56118762b8c0_0, 0;
    %pushi/vec4 0, 0, 1;
    %assign/vec4 v0x56118762bb00_0, 0;
    %jmp T_14.1;
T_14.0 ;
    %load/vec4 v0x56118762b1c0_0;
    %assign/vec4 v0x56118762b680_0, 0;
    %load/vec4 v0x56118762d940_0;
    %assign/vec4 v0x56118762bbd0_0, 0;
    %load/vec4 v0x56118762b350_0;
    %assign/vec4 v0x56118762ba30_0, 0;
    %load/vec4 v0x56118762d9e0_0;
    %assign/vec4 v0x56118762bdb0_0, 0;
    %load/vec4 v0x56118762c160_0;
    %assign/vec4 v0x56118762b750_0, 0;
    %load/vec4 v0x56118762c200_0;
    %assign/vec4 v0x56118762b7f0_0, 0;
    %load/vec4 v0x56118762c370_0;
    %assign/vec4 v0x56118762b960_0, 0;
    %load/vec4 v0x56118762c2d0_0;
    %assign/vec4 v0x56118762b8c0_0, 0;
    %load/vec4 v0x56118762c4f0_0;
    %assign/vec4 v0x56118762bb00_0, 0;
T_14.1 ;
    %jmp T_14;
    .thread T_14;
    .scope S_0x56118756ff90;
T_15 ;
    %wait E_0x561187552c10;
    %load/vec4 v0x56118762ff20_0;
    %cmpi/e 0, 0, 1;
    %jmp/0xz  T_15.0, 4;
    %pushi/vec4 0, 0, 32;
    %assign/vec4 v0x56118762d150_0, 0;
    %pushi/vec4 0, 0, 32;
    %assign/vec4 v0x56118762d0b0_0, 0;
    %pushi/vec4 0, 0, 5;
    %assign/vec4 v0x56118762d3e0_0, 0;
    %pushi/vec4 0, 0, 1;
    %assign/vec4 v0x56118762d230_0, 0;
    %pushi/vec4 0, 0, 1;
    %assign/vec4 v0x56118762d2f0_0, 0;
    %jmp T_15.1;
T_15.0 ;
    %load/vec4 v0x56118762b5b0_0;
    %assign/vec4 v0x56118762d150_0, 0;
    %load/vec4 v0x56118762b680_0;
    %assign/vec4 v0x56118762d0b0_0, 0;
    %load/vec4 v0x56118762bbd0_0;
    %assign/vec4 v0x56118762d3e0_0, 0;
    %load/vec4 v0x56118762b8c0_0;
    %assign/vec4 v0x56118762d230_0, 0;
    %load/vec4 v0x56118762bb00_0;
    %assign/vec4 v0x56118762d2f0_0, 0;
T_15.1 ;
    %jmp T_15;
    .thread T_15;
    .scope S_0x5611876304a0;
T_16 ;
    %wait E_0x561187630700;
    %load/vec4 v0x561187630780_0;
    %cmpi/e 0, 0, 32;
    %jmp/0xz  T_16.0, 4;
    %pushi/vec4 11565, 0, 32; draw_string_vec4
    %pushi/vec4 45, 0, 8; draw_string_vec4
    %concat/vec4; draw_string_vec4
    %store/vec4 v0x5611876308b0_0, 0, 40;
    %jmp T_16.1;
T_16.0 ;
    %load/vec4 v0x561187630780_0;
    %parti/s 6, 26, 6;
    %dup/vec4;
    %pushi/vec4 0, 0, 6;
    %cmp/u;
    %jmp/1 T_16.2, 6;
    %dup/vec4;
    %pushi/vec4 35, 0, 6;
    %cmp/u;
    %jmp/1 T_16.3, 6;
    %dup/vec4;
    %pushi/vec4 43, 0, 6;
    %cmp/u;
    %jmp/1 T_16.4, 6;
    %dup/vec4;
    %pushi/vec4 4, 0, 6;
    %cmp/u;
    %jmp/1 T_16.5, 6;
    %dup/vec4;
    %pushi/vec4 5, 0, 6;
    %cmp/u;
    %jmp/1 T_16.6, 6;
    %dup/vec4;
    %pushi/vec4 8, 0, 6;
    %cmp/u;
    %jmp/1 T_16.7, 6;
    %pushi/vec4 11565, 0, 32; draw_string_vec4
    %pushi/vec4 45, 0, 8; draw_string_vec4
    %concat/vec4; draw_string_vec4
    %store/vec4 v0x5611876308b0_0, 0, 40;
    %jmp T_16.9;
T_16.2 ;
    %load/vec4 v0x561187630780_0;
    %parti/s 6, 0, 2;
    %dup/vec4;
    %pushi/vec4 0, 0, 6;
    %cmp/u;
    %jmp/1 T_16.10, 6;
    %dup/vec4;
    %pushi/vec4 2, 0, 6;
    %cmp/u;
    %jmp/1 T_16.11, 6;
    %dup/vec4;
    %pushi/vec4 4, 0, 6;
    %cmp/u;
    %jmp/1 T_16.12, 6;
    %dup/vec4;
    %pushi/vec4 6, 0, 6;
    %cmp/u;
    %jmp/1 T_16.13, 6;
    %dup/vec4;
    %pushi/vec4 32, 0, 6;
    %cmp/u;
    %jmp/1 T_16.14, 6;
    %dup/vec4;
    %pushi/vec4 34, 0, 6;
    %cmp/u;
    %jmp/1 T_16.15, 6;
    %dup/vec4;
    %pushi/vec4 36, 0, 6;
    %cmp/u;
    %jmp/1 T_16.16, 6;
    %dup/vec4;
    %pushi/vec4 37, 0, 6;
    %cmp/u;
    %jmp/1 T_16.17, 6;
    %dup/vec4;
    %pushi/vec4 39, 0, 6;
    %cmp/u;
    %jmp/1 T_16.18, 6;
    %dup/vec4;
    %pushi/vec4 42, 0, 6;
    %cmp/u;
    %jmp/1 T_16.19, 6;
    %pushi/vec4 11565, 0, 32; draw_string_vec4
    %pushi/vec4 45, 0, 8; draw_string_vec4
    %concat/vec4; draw_string_vec4
    %store/vec4 v0x5611876308b0_0, 0, 40;
    %jmp T_16.21;
T_16.10 ;
    %pushi/vec4 21324, 0, 32; draw_string_vec4
    %pushi/vec4 76, 0, 8; draw_string_vec4
    %concat/vec4; draw_string_vec4
    %store/vec4 v0x5611876308b0_0, 0, 40;
    %jmp T_16.21;
T_16.11 ;
    %pushi/vec4 21330, 0, 32; draw_string_vec4
    %pushi/vec4 76, 0, 8; draw_string_vec4
    %concat/vec4; draw_string_vec4
    %store/vec4 v0x5611876308b0_0, 0, 40;
    %jmp T_16.21;
T_16.12 ;
    %pushi/vec4 5459020, 0, 32; draw_string_vec4
    %pushi/vec4 86, 0, 8; draw_string_vec4
    %concat/vec4; draw_string_vec4
    %store/vec4 v0x5611876308b0_0, 0, 40;
    %jmp T_16.21;
T_16.13 ;
    %pushi/vec4 5460556, 0, 32; draw_string_vec4
    %pushi/vec4 86, 0, 8; draw_string_vec4
    %concat/vec4; draw_string_vec4
    %store/vec4 v0x5611876308b0_0, 0, 40;
    %jmp T_16.21;
T_16.14 ;
    %pushi/vec4 16708, 0, 32; draw_string_vec4
    %pushi/vec4 68, 0, 8; draw_string_vec4
    %concat/vec4; draw_string_vec4
    %store/vec4 v0x5611876308b0_0, 0, 40;
    %jmp T_16.21;
T_16.15 ;
    %pushi/vec4 21333, 0, 32; draw_string_vec4
    %pushi/vec4 66, 0, 8; draw_string_vec4
    %concat/vec4; draw_string_vec4
    %store/vec4 v0x5611876308b0_0, 0, 40;
    %jmp T_16.21;
T_16.16 ;
    %pushi/vec4 16718, 0, 32; draw_string_vec4
    %pushi/vec4 68, 0, 8; draw_string_vec4
    %concat/vec4; draw_string_vec4
    %store/vec4 v0x5611876308b0_0, 0, 40;
    %jmp T_16.21;
T_16.17 ;
    %pushi/vec4 79, 0, 32; draw_string_vec4
    %pushi/vec4 82, 0, 8; draw_string_vec4
    %concat/vec4; draw_string_vec4
    %store/vec4 v0x5611876308b0_0, 0, 40;
    %jmp T_16.21;
T_16.18 ;
    %pushi/vec4 20047, 0, 32; draw_string_vec4
    %pushi/vec4 82, 0, 8; draw_string_vec4
    %concat/vec4; draw_string_vec4
    %store/vec4 v0x5611876308b0_0, 0, 40;
    %jmp T_16.21;
T_16.19 ;
    %pushi/vec4 21324, 0, 32; draw_string_vec4
    %pushi/vec4 84, 0, 8; draw_string_vec4
    %concat/vec4; draw_string_vec4
    %store/vec4 v0x5611876308b0_0, 0, 40;
    %jmp T_16.21;
T_16.21 ;
    %pop/vec4 1;
    %jmp T_16.9;
T_16.3 ;
    %pushi/vec4 76, 0, 32; draw_string_vec4
    %pushi/vec4 87, 0, 8; draw_string_vec4
    %concat/vec4; draw_string_vec4
    %store/vec4 v0x5611876308b0_0, 0, 40;
    %jmp T_16.9;
T_16.4 ;
    %pushi/vec4 83, 0, 32; draw_string_vec4
    %pushi/vec4 87, 0, 8; draw_string_vec4
    %concat/vec4; draw_string_vec4
    %store/vec4 v0x5611876308b0_0, 0, 40;
    %jmp T_16.9;
T_16.5 ;
    %pushi/vec4 16965, 0, 32; draw_string_vec4
    %pushi/vec4 81, 0, 8; draw_string_vec4
    %concat/vec4; draw_string_vec4
    %store/vec4 v0x5611876308b0_0, 0, 40;
    %jmp T_16.9;
T_16.6 ;
    %pushi/vec4 16974, 0, 32; draw_string_vec4
    %pushi/vec4 69, 0, 8; draw_string_vec4
    %concat/vec4; draw_string_vec4
    %store/vec4 v0x5611876308b0_0, 0, 40;
    %jmp T_16.9;
T_16.7 ;
    %pushi/vec4 4277316, 0, 32; draw_string_vec4
    %pushi/vec4 73, 0, 8; draw_string_vec4
    %concat/vec4; draw_string_vec4
    %store/vec4 v0x5611876308b0_0, 0, 40;
    %jmp T_16.9;
T_16.9 ;
    %pop/vec4 1;
T_16.1 ;
    %jmp T_16;
    .thread T_16, $push;
    .scope S_0x5611876309f0;
T_17 ;
    %wait E_0x561187630c10;
    %load/vec4 v0x561187630c90_0;
    %cmpi/e 0, 0, 32;
    %jmp/0xz  T_17.0, 4;
    %pushi/vec4 11565, 0, 32; draw_string_vec4
    %pushi/vec4 45, 0, 8; draw_string_vec4
    %concat/vec4; draw_string_vec4
    %store/vec4 v0x561187630d70_0, 0, 40;
    %jmp T_17.1;
T_17.0 ;
    %load/vec4 v0x561187630c90_0;
    %parti/s 6, 26, 6;
    %dup/vec4;
    %pushi/vec4 0, 0, 6;
    %cmp/u;
    %jmp/1 T_17.2, 6;
    %dup/vec4;
    %pushi/vec4 35, 0, 6;
    %cmp/u;
    %jmp/1 T_17.3, 6;
    %dup/vec4;
    %pushi/vec4 43, 0, 6;
    %cmp/u;
    %jmp/1 T_17.4, 6;
    %dup/vec4;
    %pushi/vec4 4, 0, 6;
    %cmp/u;
    %jmp/1 T_17.5, 6;
    %dup/vec4;
    %pushi/vec4 5, 0, 6;
    %cmp/u;
    %jmp/1 T_17.6, 6;
    %dup/vec4;
    %pushi/vec4 8, 0, 6;
    %cmp/u;
    %jmp/1 T_17.7, 6;
    %pushi/vec4 11565, 0, 32; draw_string_vec4
    %pushi/vec4 45, 0, 8; draw_string_vec4
    %concat/vec4; draw_string_vec4
    %store/vec4 v0x561187630d70_0, 0, 40;
    %jmp T_17.9;
T_17.2 ;
    %load/vec4 v0x561187630c90_0;
    %parti/s 6, 0, 2;
    %dup/vec4;
    %pushi/vec4 0, 0, 6;
    %cmp/u;
    %jmp/1 T_17.10, 6;
    %dup/vec4;
    %pushi/vec4 2, 0, 6;
    %cmp/u;
    %jmp/1 T_17.11, 6;
    %dup/vec4;
    %pushi/vec4 4, 0, 6;
    %cmp/u;
    %jmp/1 T_17.12, 6;
    %dup/vec4;
    %pushi/vec4 6, 0, 6;
    %cmp/u;
    %jmp/1 T_17.13, 6;
    %dup/vec4;
    %pushi/vec4 32, 0, 6;
    %cmp/u;
    %jmp/1 T_17.14, 6;
    %dup/vec4;
    %pushi/vec4 34, 0, 6;
    %cmp/u;
    %jmp/1 T_17.15, 6;
    %dup/vec4;
    %pushi/vec4 36, 0, 6;
    %cmp/u;
    %jmp/1 T_17.16, 6;
    %dup/vec4;
    %pushi/vec4 37, 0, 6;
    %cmp/u;
    %jmp/1 T_17.17, 6;
    %dup/vec4;
    %pushi/vec4 39, 0, 6;
    %cmp/u;
    %jmp/1 T_17.18, 6;
    %dup/vec4;
    %pushi/vec4 42, 0, 6;
    %cmp/u;
    %jmp/1 T_17.19, 6;
    %pushi/vec4 11565, 0, 32; draw_string_vec4
    %pushi/vec4 45, 0, 8; draw_string_vec4
    %concat/vec4; draw_string_vec4
    %store/vec4 v0x561187630d70_0, 0, 40;
    %jmp T_17.21;
T_17.10 ;
    %pushi/vec4 21324, 0, 32; draw_string_vec4
    %pushi/vec4 76, 0, 8; draw_string_vec4
    %concat/vec4; draw_string_vec4
    %store/vec4 v0x561187630d70_0, 0, 40;
    %jmp T_17.21;
T_17.11 ;
    %pushi/vec4 21330, 0, 32; draw_string_vec4
    %pushi/vec4 76, 0, 8; draw_string_vec4
    %concat/vec4; draw_string_vec4
    %store/vec4 v0x561187630d70_0, 0, 40;
    %jmp T_17.21;
T_17.12 ;
    %pushi/vec4 5459020, 0, 32; draw_string_vec4
    %pushi/vec4 86, 0, 8; draw_string_vec4
    %concat/vec4; draw_string_vec4
    %store/vec4 v0x561187630d70_0, 0, 40;
    %jmp T_17.21;
T_17.13 ;
    %pushi/vec4 5460556, 0, 32; draw_string_vec4
    %pushi/vec4 86, 0, 8; draw_string_vec4
    %concat/vec4; draw_string_vec4
    %store/vec4 v0x561187630d70_0, 0, 40;
    %jmp T_17.21;
T_17.14 ;
    %pushi/vec4 16708, 0, 32; draw_string_vec4
    %pushi/vec4 68, 0, 8; draw_string_vec4
    %concat/vec4; draw_string_vec4
    %store/vec4 v0x561187630d70_0, 0, 40;
    %jmp T_17.21;
T_17.15 ;
    %pushi/vec4 21333, 0, 32; draw_string_vec4
    %pushi/vec4 66, 0, 8; draw_string_vec4
    %concat/vec4; draw_string_vec4
    %store/vec4 v0x561187630d70_0, 0, 40;
    %jmp T_17.21;
T_17.16 ;
    %pushi/vec4 16718, 0, 32; draw_string_vec4
    %pushi/vec4 68, 0, 8; draw_string_vec4
    %concat/vec4; draw_string_vec4
    %store/vec4 v0x561187630d70_0, 0, 40;
    %jmp T_17.21;
T_17.17 ;
    %pushi/vec4 79, 0, 32; draw_string_vec4
    %pushi/vec4 82, 0, 8; draw_string_vec4
    %concat/vec4; draw_string_vec4
    %store/vec4 v0x561187630d70_0, 0, 40;
    %jmp T_17.21;
T_17.18 ;
    %pushi/vec4 20047, 0, 32; draw_string_vec4
    %pushi/vec4 82, 0, 8; draw_string_vec4
    %concat/vec4; draw_string_vec4
    %store/vec4 v0x561187630d70_0, 0, 40;
    %jmp T_17.21;
T_17.19 ;
    %pushi/vec4 21324, 0, 32; draw_string_vec4
    %pushi/vec4 84, 0, 8; draw_string_vec4
    %concat/vec4; draw_string_vec4
    %store/vec4 v0x561187630d70_0, 0, 40;
    %jmp T_17.21;
T_17.21 ;
    %pop/vec4 1;
    %jmp T_17.9;
T_17.3 ;
    %pushi/vec4 76, 0, 32; draw_string_vec4
    %pushi/vec4 87, 0, 8; draw_string_vec4
    %concat/vec4; draw_string_vec4
    %store/vec4 v0x561187630d70_0, 0, 40;
    %jmp T_17.9;
T_17.4 ;
    %pushi/vec4 83, 0, 32; draw_string_vec4
    %pushi/vec4 87, 0, 8; draw_string_vec4
    %concat/vec4; draw_string_vec4
    %store/vec4 v0x561187630d70_0, 0, 40;
    %jmp T_17.9;
T_17.5 ;
    %pushi/vec4 16965, 0, 32; draw_string_vec4
    %pushi/vec4 81, 0, 8; draw_string_vec4
    %concat/vec4; draw_string_vec4
    %store/vec4 v0x561187630d70_0, 0, 40;
    %jmp T_17.9;
T_17.6 ;
    %pushi/vec4 16974, 0, 32; draw_string_vec4
    %pushi/vec4 69, 0, 8; draw_string_vec4
    %concat/vec4; draw_string_vec4
    %store/vec4 v0x561187630d70_0, 0, 40;
    %jmp T_17.9;
T_17.7 ;
    %pushi/vec4 4277316, 0, 32; draw_string_vec4
    %pushi/vec4 73, 0, 8; draw_string_vec4
    %concat/vec4; draw_string_vec4
    %store/vec4 v0x561187630d70_0, 0, 40;
    %jmp T_17.9;
T_17.9 ;
    %pop/vec4 1;
T_17.1 ;
    %jmp T_17;
    .thread T_17, $push;
    .scope S_0x561187630e90;
T_18 ;
    %wait E_0x5611876310e0;
    %load/vec4 v0x561187631140_0;
    %cmpi/e 0, 0, 32;
    %jmp/0xz  T_18.0, 4;
    %pushi/vec4 11565, 0, 32; draw_string_vec4
    %pushi/vec4 45, 0, 8; draw_string_vec4
    %concat/vec4; draw_string_vec4
    %store/vec4 v0x561187631240_0, 0, 40;
    %jmp T_18.1;
T_18.0 ;
    %load/vec4 v0x561187631140_0;
    %parti/s 6, 26, 6;
    %dup/vec4;
    %pushi/vec4 0, 0, 6;
    %cmp/u;
    %jmp/1 T_18.2, 6;
    %dup/vec4;
    %pushi/vec4 35, 0, 6;
    %cmp/u;
    %jmp/1 T_18.3, 6;
    %dup/vec4;
    %pushi/vec4 43, 0, 6;
    %cmp/u;
    %jmp/1 T_18.4, 6;
    %dup/vec4;
    %pushi/vec4 4, 0, 6;
    %cmp/u;
    %jmp/1 T_18.5, 6;
    %dup/vec4;
    %pushi/vec4 5, 0, 6;
    %cmp/u;
    %jmp/1 T_18.6, 6;
    %dup/vec4;
    %pushi/vec4 8, 0, 6;
    %cmp/u;
    %jmp/1 T_18.7, 6;
    %pushi/vec4 11565, 0, 32; draw_string_vec4
    %pushi/vec4 45, 0, 8; draw_string_vec4
    %concat/vec4; draw_string_vec4
    %store/vec4 v0x561187631240_0, 0, 40;
    %jmp T_18.9;
T_18.2 ;
    %load/vec4 v0x561187631140_0;
    %parti/s 6, 0, 2;
    %dup/vec4;
    %pushi/vec4 0, 0, 6;
    %cmp/u;
    %jmp/1 T_18.10, 6;
    %dup/vec4;
    %pushi/vec4 2, 0, 6;
    %cmp/u;
    %jmp/1 T_18.11, 6;
    %dup/vec4;
    %pushi/vec4 4, 0, 6;
    %cmp/u;
    %jmp/1 T_18.12, 6;
    %dup/vec4;
    %pushi/vec4 6, 0, 6;
    %cmp/u;
    %jmp/1 T_18.13, 6;
    %dup/vec4;
    %pushi/vec4 32, 0, 6;
    %cmp/u;
    %jmp/1 T_18.14, 6;
    %dup/vec4;
    %pushi/vec4 34, 0, 6;
    %cmp/u;
    %jmp/1 T_18.15, 6;
    %dup/vec4;
    %pushi/vec4 36, 0, 6;
    %cmp/u;
    %jmp/1 T_18.16, 6;
    %dup/vec4;
    %pushi/vec4 37, 0, 6;
    %cmp/u;
    %jmp/1 T_18.17, 6;
    %dup/vec4;
    %pushi/vec4 39, 0, 6;
    %cmp/u;
    %jmp/1 T_18.18, 6;
    %dup/vec4;
    %pushi/vec4 42, 0, 6;
    %cmp/u;
    %jmp/1 T_18.19, 6;
    %pushi/vec4 11565, 0, 32; draw_string_vec4
    %pushi/vec4 45, 0, 8; draw_string_vec4
    %concat/vec4; draw_string_vec4
    %store/vec4 v0x561187631240_0, 0, 40;
    %jmp T_18.21;
T_18.10 ;
    %pushi/vec4 21324, 0, 32; draw_string_vec4
    %pushi/vec4 76, 0, 8; draw_string_vec4
    %concat/vec4; draw_string_vec4
    %store/vec4 v0x561187631240_0, 0, 40;
    %jmp T_18.21;
T_18.11 ;
    %pushi/vec4 21330, 0, 32; draw_string_vec4
    %pushi/vec4 76, 0, 8; draw_string_vec4
    %concat/vec4; draw_string_vec4
    %store/vec4 v0x561187631240_0, 0, 40;
    %jmp T_18.21;
T_18.12 ;
    %pushi/vec4 5459020, 0, 32; draw_string_vec4
    %pushi/vec4 86, 0, 8; draw_string_vec4
    %concat/vec4; draw_string_vec4
    %store/vec4 v0x561187631240_0, 0, 40;
    %jmp T_18.21;
T_18.13 ;
    %pushi/vec4 5460556, 0, 32; draw_string_vec4
    %pushi/vec4 86, 0, 8; draw_string_vec4
    %concat/vec4; draw_string_vec4
    %store/vec4 v0x561187631240_0, 0, 40;
    %jmp T_18.21;
T_18.14 ;
    %pushi/vec4 16708, 0, 32; draw_string_vec4
    %pushi/vec4 68, 0, 8; draw_string_vec4
    %concat/vec4; draw_string_vec4
    %store/vec4 v0x561187631240_0, 0, 40;
    %jmp T_18.21;
T_18.15 ;
    %pushi/vec4 21333, 0, 32; draw_string_vec4
    %pushi/vec4 66, 0, 8; draw_string_vec4
    %concat/vec4; draw_string_vec4
    %store/vec4 v0x561187631240_0, 0, 40;
    %jmp T_18.21;
T_18.16 ;
    %pushi/vec4 16718, 0, 32; draw_string_vec4
    %pushi/vec4 68, 0, 8; draw_string_vec4
    %concat/vec4; draw_string_vec4
    %store/vec4 v0x561187631240_0, 0, 40;
    %jmp T_18.21;
T_18.17 ;
    %pushi/vec4 79, 0, 32; draw_string_vec4
    %pushi/vec4 82, 0, 8; draw_string_vec4
    %concat/vec4; draw_string_vec4
    %store/vec4 v0x561187631240_0, 0, 40;
    %jmp T_18.21;
T_18.18 ;
    %pushi/vec4 20047, 0, 32; draw_string_vec4
    %pushi/vec4 82, 0, 8; draw_string_vec4
    %concat/vec4; draw_string_vec4
    %store/vec4 v0x561187631240_0, 0, 40;
    %jmp T_18.21;
T_18.19 ;
    %pushi/vec4 21324, 0, 32; draw_string_vec4
    %pushi/vec4 84, 0, 8; draw_string_vec4
    %concat/vec4; draw_string_vec4
    %store/vec4 v0x561187631240_0, 0, 40;
    %jmp T_18.21;
T_18.21 ;
    %pop/vec4 1;
    %jmp T_18.9;
T_18.3 ;
    %pushi/vec4 76, 0, 32; draw_string_vec4
    %pushi/vec4 87, 0, 8; draw_string_vec4
    %concat/vec4; draw_string_vec4
    %store/vec4 v0x561187631240_0, 0, 40;
    %jmp T_18.9;
T_18.4 ;
    %pushi/vec4 83, 0, 32; draw_string_vec4
    %pushi/vec4 87, 0, 8; draw_string_vec4
    %concat/vec4; draw_string_vec4
    %store/vec4 v0x561187631240_0, 0, 40;
    %jmp T_18.9;
T_18.5 ;
    %pushi/vec4 16965, 0, 32; draw_string_vec4
    %pushi/vec4 81, 0, 8; draw_string_vec4
    %concat/vec4; draw_string_vec4
    %store/vec4 v0x561187631240_0, 0, 40;
    %jmp T_18.9;
T_18.6 ;
    %pushi/vec4 16974, 0, 32; draw_string_vec4
    %pushi/vec4 69, 0, 8; draw_string_vec4
    %concat/vec4; draw_string_vec4
    %store/vec4 v0x561187631240_0, 0, 40;
    %jmp T_18.9;
T_18.7 ;
    %pushi/vec4 4277316, 0, 32; draw_string_vec4
    %pushi/vec4 73, 0, 8; draw_string_vec4
    %concat/vec4; draw_string_vec4
    %store/vec4 v0x561187631240_0, 0, 40;
    %jmp T_18.9;
T_18.9 ;
    %pop/vec4 1;
T_18.1 ;
    %jmp T_18;
    .thread T_18, $push;
    .scope S_0x561187631380;
T_19 ;
    %wait E_0x5611876315a0;
    %load/vec4 v0x561187631620_0;
    %cmpi/e 0, 0, 32;
    %jmp/0xz  T_19.0, 4;
    %pushi/vec4 11565, 0, 32; draw_string_vec4
    %pushi/vec4 45, 0, 8; draw_string_vec4
    %concat/vec4; draw_string_vec4
    %store/vec4 v0x561187631720_0, 0, 40;
    %jmp T_19.1;
T_19.0 ;
    %load/vec4 v0x561187631620_0;
    %parti/s 6, 26, 6;
    %dup/vec4;
    %pushi/vec4 0, 0, 6;
    %cmp/u;
    %jmp/1 T_19.2, 6;
    %dup/vec4;
    %pushi/vec4 35, 0, 6;
    %cmp/u;
    %jmp/1 T_19.3, 6;
    %dup/vec4;
    %pushi/vec4 43, 0, 6;
    %cmp/u;
    %jmp/1 T_19.4, 6;
    %dup/vec4;
    %pushi/vec4 4, 0, 6;
    %cmp/u;
    %jmp/1 T_19.5, 6;
    %dup/vec4;
    %pushi/vec4 5, 0, 6;
    %cmp/u;
    %jmp/1 T_19.6, 6;
    %dup/vec4;
    %pushi/vec4 8, 0, 6;
    %cmp/u;
    %jmp/1 T_19.7, 6;
    %pushi/vec4 11565, 0, 32; draw_string_vec4
    %pushi/vec4 45, 0, 8; draw_string_vec4
    %concat/vec4; draw_string_vec4
    %store/vec4 v0x561187631720_0, 0, 40;
    %jmp T_19.9;
T_19.2 ;
    %load/vec4 v0x561187631620_0;
    %parti/s 6, 0, 2;
    %dup/vec4;
    %pushi/vec4 0, 0, 6;
    %cmp/u;
    %jmp/1 T_19.10, 6;
    %dup/vec4;
    %pushi/vec4 2, 0, 6;
    %cmp/u;
    %jmp/1 T_19.11, 6;
    %dup/vec4;
    %pushi/vec4 4, 0, 6;
    %cmp/u;
    %jmp/1 T_19.12, 6;
    %dup/vec4;
    %pushi/vec4 6, 0, 6;
    %cmp/u;
    %jmp/1 T_19.13, 6;
    %dup/vec4;
    %pushi/vec4 32, 0, 6;
    %cmp/u;
    %jmp/1 T_19.14, 6;
    %dup/vec4;
    %pushi/vec4 34, 0, 6;
    %cmp/u;
    %jmp/1 T_19.15, 6;
    %dup/vec4;
    %pushi/vec4 36, 0, 6;
    %cmp/u;
    %jmp/1 T_19.16, 6;
    %dup/vec4;
    %pushi/vec4 37, 0, 6;
    %cmp/u;
    %jmp/1 T_19.17, 6;
    %dup/vec4;
    %pushi/vec4 39, 0, 6;
    %cmp/u;
    %jmp/1 T_19.18, 6;
    %dup/vec4;
    %pushi/vec4 42, 0, 6;
    %cmp/u;
    %jmp/1 T_19.19, 6;
    %pushi/vec4 11565, 0, 32; draw_string_vec4
    %pushi/vec4 45, 0, 8; draw_string_vec4
    %concat/vec4; draw_string_vec4
    %store/vec4 v0x561187631720_0, 0, 40;
    %jmp T_19.21;
T_19.10 ;
    %pushi/vec4 21324, 0, 32; draw_string_vec4
    %pushi/vec4 76, 0, 8; draw_string_vec4
    %concat/vec4; draw_string_vec4
    %store/vec4 v0x561187631720_0, 0, 40;
    %jmp T_19.21;
T_19.11 ;
    %pushi/vec4 21330, 0, 32; draw_string_vec4
    %pushi/vec4 76, 0, 8; draw_string_vec4
    %concat/vec4; draw_string_vec4
    %store/vec4 v0x561187631720_0, 0, 40;
    %jmp T_19.21;
T_19.12 ;
    %pushi/vec4 5459020, 0, 32; draw_string_vec4
    %pushi/vec4 86, 0, 8; draw_string_vec4
    %concat/vec4; draw_string_vec4
    %store/vec4 v0x561187631720_0, 0, 40;
    %jmp T_19.21;
T_19.13 ;
    %pushi/vec4 5460556, 0, 32; draw_string_vec4
    %pushi/vec4 86, 0, 8; draw_string_vec4
    %concat/vec4; draw_string_vec4
    %store/vec4 v0x561187631720_0, 0, 40;
    %jmp T_19.21;
T_19.14 ;
    %pushi/vec4 16708, 0, 32; draw_string_vec4
    %pushi/vec4 68, 0, 8; draw_string_vec4
    %concat/vec4; draw_string_vec4
    %store/vec4 v0x561187631720_0, 0, 40;
    %jmp T_19.21;
T_19.15 ;
    %pushi/vec4 21333, 0, 32; draw_string_vec4
    %pushi/vec4 66, 0, 8; draw_string_vec4
    %concat/vec4; draw_string_vec4
    %store/vec4 v0x561187631720_0, 0, 40;
    %jmp T_19.21;
T_19.16 ;
    %pushi/vec4 16718, 0, 32; draw_string_vec4
    %pushi/vec4 68, 0, 8; draw_string_vec4
    %concat/vec4; draw_string_vec4
    %store/vec4 v0x561187631720_0, 0, 40;
    %jmp T_19.21;
T_19.17 ;
    %pushi/vec4 79, 0, 32; draw_string_vec4
    %pushi/vec4 82, 0, 8; draw_string_vec4
    %concat/vec4; draw_string_vec4
    %store/vec4 v0x561187631720_0, 0, 40;
    %jmp T_19.21;
T_19.18 ;
    %pushi/vec4 20047, 0, 32; draw_string_vec4
    %pushi/vec4 82, 0, 8; draw_string_vec4
    %concat/vec4; draw_string_vec4
    %store/vec4 v0x561187631720_0, 0, 40;
    %jmp T_19.21;
T_19.19 ;
    %pushi/vec4 21324, 0, 32; draw_string_vec4
    %pushi/vec4 84, 0, 8; draw_string_vec4
    %concat/vec4; draw_string_vec4
    %store/vec4 v0x561187631720_0, 0, 40;
    %jmp T_19.21;
T_19.21 ;
    %pop/vec4 1;
    %jmp T_19.9;
T_19.3 ;
    %pushi/vec4 76, 0, 32; draw_string_vec4
    %pushi/vec4 87, 0, 8; draw_string_vec4
    %concat/vec4; draw_string_vec4
    %store/vec4 v0x561187631720_0, 0, 40;
    %jmp T_19.9;
T_19.4 ;
    %pushi/vec4 83, 0, 32; draw_string_vec4
    %pushi/vec4 87, 0, 8; draw_string_vec4
    %concat/vec4; draw_string_vec4
    %store/vec4 v0x561187631720_0, 0, 40;
    %jmp T_19.9;
T_19.5 ;
    %pushi/vec4 16965, 0, 32; draw_string_vec4
    %pushi/vec4 81, 0, 8; draw_string_vec4
    %concat/vec4; draw_string_vec4
    %store/vec4 v0x561187631720_0, 0, 40;
    %jmp T_19.9;
T_19.6 ;
    %pushi/vec4 16974, 0, 32; draw_string_vec4
    %pushi/vec4 69, 0, 8; draw_string_vec4
    %concat/vec4; draw_string_vec4
    %store/vec4 v0x561187631720_0, 0, 40;
    %jmp T_19.9;
T_19.7 ;
    %pushi/vec4 4277316, 0, 32; draw_string_vec4
    %pushi/vec4 73, 0, 8; draw_string_vec4
    %concat/vec4; draw_string_vec4
    %store/vec4 v0x561187631720_0, 0, 40;
    %jmp T_19.9;
T_19.9 ;
    %pop/vec4 1;
T_19.1 ;
    %jmp T_19;
    .thread T_19, $push;
    .scope S_0x561187631860;
T_20 ;
    %wait E_0x561187631ad0;
    %load/vec4 v0x561187631b50_0;
    %cmpi/e 0, 0, 32;
    %jmp/0xz  T_20.0, 4;
    %pushi/vec4 11565, 0, 32; draw_string_vec4
    %pushi/vec4 45, 0, 8; draw_string_vec4
    %concat/vec4; draw_string_vec4
    %store/vec4 v0x561187631c50_0, 0, 40;
    %jmp T_20.1;
T_20.0 ;
    %load/vec4 v0x561187631b50_0;
    %parti/s 6, 26, 6;
    %dup/vec4;
    %pushi/vec4 0, 0, 6;
    %cmp/u;
    %jmp/1 T_20.2, 6;
    %dup/vec4;
    %pushi/vec4 35, 0, 6;
    %cmp/u;
    %jmp/1 T_20.3, 6;
    %dup/vec4;
    %pushi/vec4 43, 0, 6;
    %cmp/u;
    %jmp/1 T_20.4, 6;
    %dup/vec4;
    %pushi/vec4 4, 0, 6;
    %cmp/u;
    %jmp/1 T_20.5, 6;
    %dup/vec4;
    %pushi/vec4 5, 0, 6;
    %cmp/u;
    %jmp/1 T_20.6, 6;
    %dup/vec4;
    %pushi/vec4 8, 0, 6;
    %cmp/u;
    %jmp/1 T_20.7, 6;
    %pushi/vec4 11565, 0, 32; draw_string_vec4
    %pushi/vec4 45, 0, 8; draw_string_vec4
    %concat/vec4; draw_string_vec4
    %store/vec4 v0x561187631c50_0, 0, 40;
    %jmp T_20.9;
T_20.2 ;
    %load/vec4 v0x561187631b50_0;
    %parti/s 6, 0, 2;
    %dup/vec4;
    %pushi/vec4 0, 0, 6;
    %cmp/u;
    %jmp/1 T_20.10, 6;
    %dup/vec4;
    %pushi/vec4 2, 0, 6;
    %cmp/u;
    %jmp/1 T_20.11, 6;
    %dup/vec4;
    %pushi/vec4 4, 0, 6;
    %cmp/u;
    %jmp/1 T_20.12, 6;
    %dup/vec4;
    %pushi/vec4 6, 0, 6;
    %cmp/u;
    %jmp/1 T_20.13, 6;
    %dup/vec4;
    %pushi/vec4 32, 0, 6;
    %cmp/u;
    %jmp/1 T_20.14, 6;
    %dup/vec4;
    %pushi/vec4 34, 0, 6;
    %cmp/u;
    %jmp/1 T_20.15, 6;
    %dup/vec4;
    %pushi/vec4 36, 0, 6;
    %cmp/u;
    %jmp/1 T_20.16, 6;
    %dup/vec4;
    %pushi/vec4 37, 0, 6;
    %cmp/u;
    %jmp/1 T_20.17, 6;
    %dup/vec4;
    %pushi/vec4 39, 0, 6;
    %cmp/u;
    %jmp/1 T_20.18, 6;
    %dup/vec4;
    %pushi/vec4 42, 0, 6;
    %cmp/u;
    %jmp/1 T_20.19, 6;
    %pushi/vec4 11565, 0, 32; draw_string_vec4
    %pushi/vec4 45, 0, 8; draw_string_vec4
    %concat/vec4; draw_string_vec4
    %store/vec4 v0x561187631c50_0, 0, 40;
    %jmp T_20.21;
T_20.10 ;
    %pushi/vec4 21324, 0, 32; draw_string_vec4
    %pushi/vec4 76, 0, 8; draw_string_vec4
    %concat/vec4; draw_string_vec4
    %store/vec4 v0x561187631c50_0, 0, 40;
    %jmp T_20.21;
T_20.11 ;
    %pushi/vec4 21330, 0, 32; draw_string_vec4
    %pushi/vec4 76, 0, 8; draw_string_vec4
    %concat/vec4; draw_string_vec4
    %store/vec4 v0x561187631c50_0, 0, 40;
    %jmp T_20.21;
T_20.12 ;
    %pushi/vec4 5459020, 0, 32; draw_string_vec4
    %pushi/vec4 86, 0, 8; draw_string_vec4
    %concat/vec4; draw_string_vec4
    %store/vec4 v0x561187631c50_0, 0, 40;
    %jmp T_20.21;
T_20.13 ;
    %pushi/vec4 5460556, 0, 32; draw_string_vec4
    %pushi/vec4 86, 0, 8; draw_string_vec4
    %concat/vec4; draw_string_vec4
    %store/vec4 v0x561187631c50_0, 0, 40;
    %jmp T_20.21;
T_20.14 ;
    %pushi/vec4 16708, 0, 32; draw_string_vec4
    %pushi/vec4 68, 0, 8; draw_string_vec4
    %concat/vec4; draw_string_vec4
    %store/vec4 v0x561187631c50_0, 0, 40;
    %jmp T_20.21;
T_20.15 ;
    %pushi/vec4 21333, 0, 32; draw_string_vec4
    %pushi/vec4 66, 0, 8; draw_string_vec4
    %concat/vec4; draw_string_vec4
    %store/vec4 v0x561187631c50_0, 0, 40;
    %jmp T_20.21;
T_20.16 ;
    %pushi/vec4 16718, 0, 32; draw_string_vec4
    %pushi/vec4 68, 0, 8; draw_string_vec4
    %concat/vec4; draw_string_vec4
    %store/vec4 v0x561187631c50_0, 0, 40;
    %jmp T_20.21;
T_20.17 ;
    %pushi/vec4 79, 0, 32; draw_string_vec4
    %pushi/vec4 82, 0, 8; draw_string_vec4
    %concat/vec4; draw_string_vec4
    %store/vec4 v0x561187631c50_0, 0, 40;
    %jmp T_20.21;
T_20.18 ;
    %pushi/vec4 20047, 0, 32; draw_string_vec4
    %pushi/vec4 82, 0, 8; draw_string_vec4
    %concat/vec4; draw_string_vec4
    %store/vec4 v0x561187631c50_0, 0, 40;
    %jmp T_20.21;
T_20.19 ;
    %pushi/vec4 21324, 0, 32; draw_string_vec4
    %pushi/vec4 84, 0, 8; draw_string_vec4
    %concat/vec4; draw_string_vec4
    %store/vec4 v0x561187631c50_0, 0, 40;
    %jmp T_20.21;
T_20.21 ;
    %pop/vec4 1;
    %jmp T_20.9;
T_20.3 ;
    %pushi/vec4 76, 0, 32; draw_string_vec4
    %pushi/vec4 87, 0, 8; draw_string_vec4
    %concat/vec4; draw_string_vec4
    %store/vec4 v0x561187631c50_0, 0, 40;
    %jmp T_20.9;
T_20.4 ;
    %pushi/vec4 83, 0, 32; draw_string_vec4
    %pushi/vec4 87, 0, 8; draw_string_vec4
    %concat/vec4; draw_string_vec4
    %store/vec4 v0x561187631c50_0, 0, 40;
    %jmp T_20.9;
T_20.5 ;
    %pushi/vec4 16965, 0, 32; draw_string_vec4
    %pushi/vec4 81, 0, 8; draw_string_vec4
    %concat/vec4; draw_string_vec4
    %store/vec4 v0x561187631c50_0, 0, 40;
    %jmp T_20.9;
T_20.6 ;
    %pushi/vec4 16974, 0, 32; draw_string_vec4
    %pushi/vec4 69, 0, 8; draw_string_vec4
    %concat/vec4; draw_string_vec4
    %store/vec4 v0x561187631c50_0, 0, 40;
    %jmp T_20.9;
T_20.7 ;
    %pushi/vec4 4277316, 0, 32; draw_string_vec4
    %pushi/vec4 73, 0, 8; draw_string_vec4
    %concat/vec4; draw_string_vec4
    %store/vec4 v0x561187631c50_0, 0, 40;
    %jmp T_20.9;
T_20.9 ;
    %pop/vec4 1;
T_20.1 ;
    %jmp T_20;
    .thread T_20, $push;
    .scope S_0x5611876301b0;
T_21 ;
    %wait E_0x561187630440;
    %load/vec4 v0x561187631d90_0;
    %load/vec4 v0x5611876325a0_0;
    %concat/vec4; draw_concat_vec4
    %load/vec4 v0x561187632660_0;
    %concat/vec4; draw_concat_vec4
    %load/vec4 v0x561187632720_0;
    %concat/vec4; draw_concat_vec4
    %split/vec4 32;
    %assign/vec4 v0x5611876327c0_0, 0;
    %split/vec4 32;
    %assign/vec4 v0x561187632720_0, 0;
    %split/vec4 32;
    %assign/vec4 v0x561187632660_0, 0;
    %assign/vec4 v0x561187631e50_0, 0;
    %jmp T_21;
    .thread T_21;
    .scope S_0x561187600c00;
T_22 ;
    %pushi/vec4 0, 0, 1;
    %store/vec4 v0x561187632f30_0, 0, 1;
    %pushi/vec4 0, 0, 1;
    %store/vec4 v0x561187633170_0, 0, 1;
    %delay 42500, 0;
    %pushi/vec4 1, 0, 1;
    %store/vec4 v0x561187633170_0, 0, 1;
    %delay 400000, 0;
    %vpi_call 2 30 "$finish" {0 0 0};
    %end;
    .thread T_22;
    .scope S_0x561187600c00;
T_23 ;
    %delay 5000, 0;
    %load/vec4 v0x561187632f30_0;
    %inv;
    %store/vec4 v0x561187632f30_0, 0, 1;
    %jmp T_23;
    .thread T_23;
    .scope S_0x561187600c00;
T_24 ;
    %vpi_call 2 43 "$readmemh", "program.hex", v0x5611876264f0 {0 0 0};
    %end;
    .thread T_24;
    .scope S_0x561187600c00;
T_25 ;
    %vpi_call 2 50 "$dumpfile", "tb_dumpfile.vcd" {0 0 0};
    %vpi_call 2 51 "$dumpvars", 32'sb00000000000000000000000000000000, S_0x561187600c00 {0 0 0};
    %pushi/vec4 0, 0, 32;
    %store/vec4 v0x561187633090_0, 0, 32;
T_25.0 ;
    %load/vec4 v0x561187633090_0;
    %cmpi/s 32, 0, 32;
    %jmp/0xz T_25.1, 5;
    %vpi_call 2 54 "$dumpvars", 32'sb00000000000000000000000000000001, &A<v0x561187629a90, v0x561187633090_0 > {0 0 0};
    %vpi_call 2 55 "$dumpvars", 32'sb00000000000000000000000000000001, &A<v0x5611876264f0, v0x561187633090_0 > {0 0 0};
    %vpi_call 2 56 "$dumpvars", 32'sb00000000000000000000000000000001, &A<v0x561187625170, v0x561187633090_0 > {0 0 0};
    %load/vec4 v0x561187633090_0;
    %addi 1, 0, 32;
    %store/vec4 v0x561187633090_0, 0, 32;
    %jmp T_25.0;
T_25.1 ;
    %end;
    .thread T_25;
    .scope S_0x561187600c00;
T_26 ;
    %wait E_0x561187624550;
    %load/vec4 v0x56118762d700_0;
    %cmpi/u 200, 0, 32;
    %jmp/0xz  T_26.0, 5;
    %vpi_call 2 64 "$display", "PC: %4d | %s", v0x56118762d700_0, v0x561187633210_0 {0 0 0};
T_26.0 ;
    %jmp T_26;
    .thread T_26;
    .scope S_0x561187600c00;
T_27 ;
    %vpi_func 2 66 "$fopen" 32, "output.txt", "w" {0 0 0};
    %store/vec4 v0x561187632ff0_0, 0, 32;
    %end;
    .thread T_27;
    .scope S_0x561187600c00;
T_28 ;
    %wait E_0x561187624550;
    %load/vec4 v0x56118762d700_0;
    %assign/vec4 v0x561187632e30_0, 0;
    %load/vec4 v0x561187632e30_0;
    %pushi/vec4 40, 0, 32;
    %cmp/e;
    %flag_get/vec4 4;
    %load/vec4 v0x56118762d700_0;
    %pushi/vec4 40, 0, 32;
    %cmp/e;
    %flag_get/vec4 4;
    %and;
    %flag_set/vec4 8;
    %jmp/0xz  T_28.0, 8;
    %vpi_call 2 73 "$fwrite", v0x561187632ff0_0, "STALL @AND\012" {0 0 0};
    %jmp T_28.1;
T_28.0 ;
    %load/vec4 v0x561187632e30_0;
    %pushi/vec4 60, 0, 32;
    %cmp/e;
    %flag_get/vec4 4;
    %load/vec4 v0x56118762d700_0;
    %pushi/vec4 60, 0, 32;
    %cmp/e;
    %flag_get/vec4 4;
    %and;
    %flag_set/vec4 8;
    %jmp/0xz  T_28.2, 8;
    %vpi_call 2 74 "$fwrite", v0x561187632ff0_0, "STALL @SLL\012" {0 0 0};
    %jmp T_28.3;
T_28.2 ;
    %delay 1000, 0;
    %load/vec4 v0x56118762d700_0;
    %dup/vec4;
    %pushi/vec4 16, 0, 32;
    %cmp/u;
    %jmp/1 T_28.4, 6;
    %dup/vec4;
    %pushi/vec4 20, 0, 32;
    %cmp/u;
    %jmp/1 T_28.5, 6;
    %dup/vec4;
    %pushi/vec4 24, 0, 32;
    %cmp/u;
    %jmp/1 T_28.6, 6;
    %dup/vec4;
    %pushi/vec4 28, 0, 32;
    %cmp/u;
    %jmp/1 T_28.7, 6;
    %dup/vec4;
    %pushi/vec4 32, 0, 32;
    %cmp/u;
    %jmp/1 T_28.8, 6;
    %dup/vec4;
    %pushi/vec4 36, 0, 32;
    %cmp/u;
    %jmp/1 T_28.9, 6;
    %dup/vec4;
    %pushi/vec4 40, 0, 32;
    %cmp/u;
    %jmp/1 T_28.10, 6;
    %dup/vec4;
    %pushi/vec4 44, 0, 32;
    %cmp/u;
    %jmp/1 T_28.11, 6;
    %dup/vec4;
    %pushi/vec4 48, 0, 32;
    %cmp/u;
    %jmp/1 T_28.12, 6;
    %dup/vec4;
    %pushi/vec4 52, 0, 32;
    %cmp/u;
    %jmp/1 T_28.13, 6;
    %dup/vec4;
    %pushi/vec4 56, 0, 32;
    %cmp/u;
    %jmp/1 T_28.14, 6;
    %dup/vec4;
    %pushi/vec4 60, 0, 32;
    %cmp/u;
    %jmp/1 T_28.15, 6;
    %dup/vec4;
    %pushi/vec4 64, 0, 32;
    %cmp/u;
    %jmp/1 T_28.16, 6;
    %dup/vec4;
    %pushi/vec4 68, 0, 32;
    %cmp/u;
    %jmp/1 T_28.17, 6;
    %dup/vec4;
    %pushi/vec4 72, 0, 32;
    %cmp/u;
    %jmp/1 T_28.18, 6;
    %dup/vec4;
    %pushi/vec4 76, 0, 32;
    %cmp/u;
    %jmp/1 T_28.19, 6;
    %dup/vec4;
    %pushi/vec4 80, 0, 32;
    %cmp/u;
    %jmp/1 T_28.20, 6;
    %dup/vec4;
    %pushi/vec4 88, 0, 32;
    %cmp/u;
    %jmp/1 T_28.21, 6;
    %jmp T_28.22;
T_28.4 ;
    %ix/load 4, 8, 0;
    %flag_set/imm 4, 0;
    %load/vec4a v0x561187629a90, 4;
    %cmpi/e 24, 0, 32;
    %flag_mov 8, 4;
    %jmp/0 T_28.23, 8;
    %pushi/vec4 1346458451, 0, 32; draw_string_vec4
    %jmp/1 T_28.24, 8;
T_28.23 ; End of true expr.
    %pushi/vec4 1178683724, 0, 32; draw_string_vec4
    %jmp/0 T_28.24, 8;
 ; End of false expr.
    %blend;
T_28.24;
    %vpi_call 2 77 "$fwrite", v0x561187632ff0_0, "add $t0, $t0, $s0  : %s\012", S<0,vec4,u32> {1 0 0};
    %jmp T_28.22;
T_28.5 ;
    %ix/load 4, 14, 0;
    %flag_set/imm 4, 0;
    %load/vec4a v0x561187625170, 4;
    %cmpi/e 31, 0, 32;
    %flag_mov 8, 4;
    %jmp/0 T_28.25, 8;
    %pushi/vec4 1346458451, 0, 32; draw_string_vec4
    %jmp/1 T_28.26, 8;
T_28.25 ; End of true expr.
    %pushi/vec4 1178683724, 0, 32; draw_string_vec4
    %jmp/0 T_28.26, 8;
 ; End of false expr.
    %blend;
T_28.26;
    %vpi_call 2 78 "$fwrite", v0x561187632ff0_0, "sw $ra, 4($t2)     : %s\012", S<0,vec4,u32> {1 0 0};
    %jmp T_28.22;
T_28.6 ;
    %ix/load 4, 13, 0;
    %flag_set/imm 4, 0;
    %load/vec4a v0x561187629a90, 4;
    %cmpi/e 31, 0, 32;
    %flag_mov 8, 4;
    %jmp/0 T_28.27, 8;
    %pushi/vec4 1346458451, 0, 32; draw_string_vec4
    %jmp/1 T_28.28, 8;
T_28.27 ; End of true expr.
    %pushi/vec4 1178683724, 0, 32; draw_string_vec4
    %jmp/0 T_28.28, 8;
 ; End of false expr.
    %blend;
T_28.28;
    %vpi_call 2 79 "$fwrite", v0x561187632ff0_0, "lw $t5, 4($t2)     : %s\012", S<0,vec4,u32> {1 0 0};
    %jmp T_28.22;
T_28.7 ;
    %ix/load 4, 9, 0;
    %flag_set/imm 4, 0;
    %load/vec4a v0x561187629a90, 4;
    %cmpi/e 5, 0, 32;
    %flag_mov 8, 4;
    %jmp/0 T_28.29, 8;
    %pushi/vec4 1346458451, 0, 32; draw_string_vec4
    %jmp/1 T_28.30, 8;
T_28.29 ; End of true expr.
    %pushi/vec4 1178683724, 0, 32; draw_string_vec4
    %jmp/0 T_28.30, 8;
 ; End of false expr.
    %blend;
T_28.30;
    %vpi_call 2 80 "$fwrite", v0x561187632ff0_0, "sub $t1, $t1, $a0  : %s\012", S<0,vec4,u32> {1 0 0};
    %jmp T_28.22;
T_28.8 ;
    %ix/load 4, 14, 0;
    %flag_set/imm 4, 0;
    %load/vec4a v0x561187629a90, 4;
    %cmpi/e 31, 0, 32;
    %flag_mov 8, 4;
    %jmp/0 T_28.31, 8;
    %pushi/vec4 1346458451, 0, 32; draw_string_vec4
    %jmp/1 T_28.32, 8;
T_28.31 ; End of true expr.
    %pushi/vec4 1178683724, 0, 32; draw_string_vec4
    %jmp/0 T_28.32, 8;
 ; End of false expr.
    %blend;
T_28.32;
    %vpi_call 2 81 "$fwrite", v0x561187632ff0_0, "or $t6, $t7, $t5   : %s\012", S<0,vec4,u32> {1 0 0};
    %jmp T_28.22;
T_28.9 ;
    %ix/load 4, 19, 0;
    %flag_set/imm 4, 0;
    %load/vec4a v0x561187629a90, 4;
    %cmpi/e 16, 0, 32;
    %flag_mov 8, 4;
    %jmp/0 T_28.33, 8;
    %pushi/vec4 1346458451, 0, 32; draw_string_vec4
    %jmp/1 T_28.34, 8;
T_28.33 ; End of true expr.
    %pushi/vec4 1178683724, 0, 32; draw_string_vec4
    %jmp/0 T_28.34, 8;
 ; End of false expr.
    %blend;
T_28.34;
    %vpi_call 2 82 "$fwrite", v0x561187632ff0_0, "and $s3, $s0, $s2  : %s\012", S<0,vec4,u32> {1 0 0};
    %jmp T_28.22;
T_28.10 ;
    %ix/load 4, 14, 0;
    %flag_set/imm 4, 0;
    %load/vec4a v0x561187629a90, 4;
    %cmpi/e 31, 0, 32;
    %flag_mov 8, 4;
    %jmp/0 T_28.35, 8;
    %pushi/vec4 1346458451, 0, 32; draw_string_vec4
    %jmp/1 T_28.36, 8;
T_28.35 ; End of true expr.
    %pushi/vec4 1178683724, 0, 32; draw_string_vec4
    %jmp/0 T_28.36, 8;
 ; End of false expr.
    %blend;
T_28.36;
    %vpi_call 2 83 "$fwrite", v0x561187632ff0_0, "lw $t6, 4($t2)     : %s\012", S<0,vec4,u32> {1 0 0};
    %jmp T_28.22;
T_28.11 ;
    %ix/load 4, 18, 0;
    %flag_set/imm 4, 0;
    %load/vec4a v0x561187625170, 4;
    %cmpi/e 28, 0, 32;
    %flag_mov 8, 4;
    %jmp/0 T_28.37, 8;
    %pushi/vec4 1346458451, 0, 32; draw_string_vec4
    %jmp/1 T_28.38, 8;
T_28.37 ; End of true expr.
    %pushi/vec4 1178683724, 0, 32; draw_string_vec4
    %jmp/0 T_28.38, 8;
 ; End of false expr.
    %blend;
T_28.38;
    %vpi_call 2 84 "$fwrite", v0x561187632ff0_0, "sw $gp, 8($t2)     : %s\012", S<0,vec4,u32> {1 0 0};
    %jmp T_28.22;
T_28.12 ;
    %ix/load 4, 2, 0;
    %flag_set/imm 4, 0;
    %load/vec4a v0x561187629a90, 4;
    %cmpi/e 28, 0, 32;
    %flag_mov 8, 4;
    %jmp/0 T_28.39, 8;
    %pushi/vec4 1346458451, 0, 32; draw_string_vec4
    %jmp/1 T_28.40, 8;
T_28.39 ; End of true expr.
    %pushi/vec4 1178683724, 0, 32; draw_string_vec4
    %jmp/0 T_28.40, 8;
 ; End of false expr.
    %blend;
T_28.40;
    %vpi_call 2 85 "$fwrite", v0x561187632ff0_0, "lw $v0, 8($t2)     : %s\012", S<0,vec4,u32> {1 0 0};
    %jmp T_28.22;
T_28.13 ;
    %ix/load 4, 4, 0;
    %flag_set/imm 4, 0;
    %load/vec4a v0x561187629a90, 4;
    %cmpi/e 28, 0, 32;
    %flag_mov 8, 4;
    %jmp/0 T_28.41, 8;
    %pushi/vec4 1346458451, 0, 32; draw_string_vec4
    %jmp/1 T_28.42, 8;
T_28.41 ; End of true expr.
    %pushi/vec4 1178683724, 0, 32; draw_string_vec4
    %jmp/0 T_28.42, 8;
 ; End of false expr.
    %blend;
T_28.42;
    %vpi_call 2 86 "$fwrite", v0x561187632ff0_0, "and $a0, $v0, $t5  : %s\012", S<0,vec4,u32> {1 0 0};
    %jmp T_28.22;
T_28.14 ;
    %ix/load 4, 4, 0;
    %flag_set/imm 4, 0;
    %load/vec4a v0x561187629a90, 4;
    %cmpi/e 28, 0, 32;
    %flag_mov 8, 4;
    %jmp/0 T_28.43, 8;
    %pushi/vec4 1346458451, 0, 32; draw_string_vec4
    %jmp/1 T_28.44, 8;
T_28.43 ; End of true expr.
    %pushi/vec4 1178683724, 0, 32; draw_string_vec4
    %jmp/0 T_28.44, 8;
 ; End of false expr.
    %blend;
T_28.44;
    %vpi_call 2 87 "$fwrite", v0x561187632ff0_0, "or $a0, $a0, $t0   : %s\012", S<0,vec4,u32> {1 0 0};
    %jmp T_28.22;
T_28.15 ;
    %ix/load 4, 9, 0;
    %flag_set/imm 4, 0;
    %load/vec4a v0x561187629a90, 4;
    %cmpi/e 56, 0, 32;
    %flag_mov 8, 4;
    %jmp/0 T_28.45, 8;
    %pushi/vec4 1346458451, 0, 32; draw_string_vec4
    %jmp/1 T_28.46, 8;
T_28.45 ; End of true expr.
    %pushi/vec4 1178683724, 0, 32; draw_string_vec4
    %jmp/0 T_28.46, 8;
 ; End of false expr.
    %blend;
T_28.46;
    %vpi_call 2 88 "$fwrite", v0x561187632ff0_0, "add $t1, $a0, $v0  : %s\012", S<0,vec4,u32> {1 0 0};
    %jmp T_28.22;
T_28.16 ;
    %ix/load 4, 29, 0;
    %flag_set/imm 4, 0;
    %load/vec4a v0x561187629a90, 4;
    %cmpi/e 1, 0, 32;
    %flag_mov 8, 4;
    %jmp/0 T_28.47, 8;
    %pushi/vec4 1346458451, 0, 32; draw_string_vec4
    %jmp/1 T_28.48, 8;
T_28.47 ; End of true expr.
    %pushi/vec4 1178683724, 0, 32; draw_string_vec4
    %jmp/0 T_28.48, 8;
 ; End of false expr.
    %blend;
T_28.48;
    %vpi_call 2 89 "$fwrite", v0x561187632ff0_0, "slt $sp, $a0, $t1  : %s\012", S<0,vec4,u32> {1 0 0};
    %jmp T_28.22;
T_28.17 ;
    %ix/load 4, 2, 0;
    %flag_set/imm 4, 0;
    %load/vec4a v0x561187629a90, 4;
    %cmpi/e 28, 0, 32;
    %flag_mov 8, 4;
    %jmp/0 T_28.49, 8;
    %pushi/vec4 1346458451, 0, 32; draw_string_vec4
    %jmp/1 T_28.50, 8;
T_28.49 ; End of true expr.
    %pushi/vec4 1178683724, 0, 32; draw_string_vec4
    %jmp/0 T_28.50, 8;
 ; End of false expr.
    %blend;
T_28.50;
    %vpi_call 2 90 "$fwrite", v0x561187632ff0_0, "lw $v0, 8($t2)     : %s\012", S<0,vec4,u32> {1 0 0};
    %jmp T_28.22;
T_28.18 ;
    %ix/load 4, 20, 0;
    %flag_set/imm 4, 0;
    %load/vec4a v0x561187629a90, 4;
    %cmpi/e 114688, 0, 32;
    %flag_mov 8, 4;
    %jmp/0 T_28.51, 8;
    %pushi/vec4 1346458451, 0, 32; draw_string_vec4
    %jmp/1 T_28.52, 8;
T_28.51 ; End of true expr.
    %pushi/vec4 1178683724, 0, 32; draw_string_vec4
    %jmp/0 T_28.52, 8;
 ; End of false expr.
    %blend;
T_28.52;
    %vpi_call 2 91 "$fwrite", v0x561187632ff0_0, "sll $s4, $v0, 12   : %s\012", S<0,vec4,u32> {1 0 0};
    %jmp T_28.22;
T_28.19 ;
    %ix/load 4, 22, 0;
    %flag_set/imm 4, 0;
    %load/vec4a v0x561187629a90, 4;
    %cmpi/e 229376, 0, 32;
    %flag_mov 8, 4;
    %jmp/0 T_28.53, 8;
    %pushi/vec4 1346458451, 0, 32; draw_string_vec4
    %jmp/1 T_28.54, 8;
T_28.53 ; End of true expr.
    %pushi/vec4 1178683724, 0, 32; draw_string_vec4
    %jmp/0 T_28.54, 8;
 ; End of false expr.
    %blend;
T_28.54;
    %vpi_call 2 92 "$fwrite", v0x561187632ff0_0, "sllv $s6, $s4, $sp : %s\012", S<0,vec4,u32> {1 0 0};
    %jmp T_28.22;
T_28.20 ;
    %ix/load 4, 22, 0;
    %flag_set/imm 4, 0;
    %load/vec4a v0x561187629a90, 4;
    %cmpi/e 229276, 0, 32;
    %flag_mov 8, 4;
    %jmp/0 T_28.55, 8;
    %pushi/vec4 1346458451, 0, 32; draw_string_vec4
    %jmp/1 T_28.56, 8;
T_28.55 ; End of true expr.
    %pushi/vec4 1178683724, 0, 32; draw_string_vec4
    %jmp/0 T_28.56, 8;
 ; End of false expr.
    %blend;
T_28.56;
    %vpi_call 2 93 "$fwrite", v0x561187632ff0_0, "addi $s6, $s6, -100: %s\012", S<0,vec4,u32> {1 0 0};
    %jmp T_28.22;
T_28.21 ;
    %vpi_call 2 94 "$fclose", v0x561187632ff0_0 {0 0 0};
    %jmp T_28.22;
T_28.22 ;
    %pop/vec4 1;
T_28.3 ;
T_28.1 ;
    %jmp T_28;
    .thread T_28;
# The file index is used to find the file name in the following table.
:file_names 6;
    "N/A";
    "<interactive>";
    "testbench.v";
    "cpu.v";
    "control.v";
    "library.v";
